12:33:55 INFO  : Registering command handlers for SDK TCF services
12:33:56 INFO  : Launching XSCT server: xsct.bat -interactive D:\repos\Incercare2019\repo2018\ZedBoard-FMC-Pcam-Adapter-DEMO\proj\ZedBoard-FMC-Pcam-Adapter-DEMO.sdk\temp_xsdb_launch_script.tcl
12:33:59 INFO  : XSCT server has started successfully.
12:33:59 INFO  : Successfully done setting XSCT server connection channel  
12:34:02 INFO  : Successfully done setting SDK workspace  
12:34:02 INFO  : Processing command line option -hwspec D:/repos/Incercare2019/repo2018/ZedBoard-FMC-Pcam-Adapter-DEMO/proj/ZedBoard-FMC-Pcam-Adapter-DEMO.sdk/system_wrapper.hdf.
12:38:49 INFO  : Connected to target on host '127.0.0.1' and port '3121'.
12:38:50 INFO  : 'targets -set -filter {jtag_cable_name =~ "Digilent Zed 210248AA3C0E" && level==0} -index 1' command is executed.
12:38:52 INFO  : FPGA configured successfully with bitstream "D:/repos/Incercare2019/repo2018/ZedBoard-FMC-Pcam-Adapter-DEMO/proj/ZedBoard-FMC-Pcam-Adapter-DEMO.sdk/system_wrapper_hw_platform_0/system_wrapper.bit"
12:39:18 INFO  : 'targets -set -filter {jtag_cable_name =~ "Digilent Zed 210248AA3C0E" && level==0} -index 1' command is executed.
12:39:18 INFO  : 'fpga -state' command is executed.
12:39:18 INFO  : Connected to target on host '127.0.0.1' and port '3121'.
12:39:18 INFO  : Jtag cable 'Digilent Zed 210248AA3C0E' is selected.
12:39:18 INFO  : 'jtag frequency' command is executed.
12:39:18 INFO  : Sourcing of 'D:/repos/Incercare2019/repo2018/ZedBoard-FMC-Pcam-Adapter-DEMO/proj/ZedBoard-FMC-Pcam-Adapter-DEMO.sdk/system_wrapper_hw_platform_0/ps7_init.tcl' is done.
12:39:19 INFO  : Context for 'APU' is selected.
12:39:19 INFO  : Hardware design information is loaded from 'D:/repos/Incercare2019/repo2018/ZedBoard-FMC-Pcam-Adapter-DEMO/proj/ZedBoard-FMC-Pcam-Adapter-DEMO.sdk/system_wrapper_hw_platform_0/system.hdf'.
12:39:19 INFO  : 'configparams force-mem-access 1' command is executed.
12:39:19 INFO  : Context for 'APU' is selected.
12:39:19 INFO  : 'stop' command is executed.
12:39:19 INFO  : 'ps7_init' command is executed.
12:39:19 INFO  : 'ps7_post_config' command is executed.
12:39:19 INFO  : Context for processor 'ps7_cortexa9_0' is selected.
12:39:19 INFO  : Processor reset is completed for 'ps7_cortexa9_0'.
12:39:19 INFO  : Context for processor 'ps7_cortexa9_0' is selected.
12:39:19 INFO  : The application 'D:/repos/Incercare2019/repo2018/ZedBoard-FMC-Pcam-Adapter-DEMO/proj/ZedBoard-FMC-Pcam-Adapter-DEMO.sdk/ZedBoard_FMC_Pcam_Adapter_DEMO/Debug/ZedBoard_FMC_Pcam_Adapter_DEMO.elf' is downloaded to processor 'ps7_cortexa9_0'.
12:39:19 INFO  : 'configparams force-mem-access 0' command is executed.
12:39:19 INFO  : ----------------XSDB Script----------------
connect -url tcp:127.0.0.1:3121
source D:/repos/Incercare2019/repo2018/ZedBoard-FMC-Pcam-Adapter-DEMO/proj/ZedBoard-FMC-Pcam-Adapter-DEMO.sdk/system_wrapper_hw_platform_0/ps7_init.tcl
targets -set -nocase -filter {name =~"APU*" && jtag_cable_name =~ "Digilent Zed 210248AA3C0E"} -index 0
loadhw -hw D:/repos/Incercare2019/repo2018/ZedBoard-FMC-Pcam-Adapter-DEMO/proj/ZedBoard-FMC-Pcam-Adapter-DEMO.sdk/system_wrapper_hw_platform_0/system.hdf -mem-ranges [list {0x40000000 0xbfffffff}]
configparams force-mem-access 1
targets -set -nocase -filter {name =~"APU*" && jtag_cable_name =~ "Digilent Zed 210248AA3C0E"} -index 0
stop
ps7_init
ps7_post_config
targets -set -nocase -filter {name =~ "ARM*#0" && jtag_cable_name =~ "Digilent Zed 210248AA3C0E"} -index 0
rst -processor
targets -set -nocase -filter {name =~ "ARM*#0" && jtag_cable_name =~ "Digilent Zed 210248AA3C0E"} -index 0
dow D:/repos/Incercare2019/repo2018/ZedBoard-FMC-Pcam-Adapter-DEMO/proj/ZedBoard-FMC-Pcam-Adapter-DEMO.sdk/ZedBoard_FMC_Pcam_Adapter_DEMO/Debug/ZedBoard_FMC_Pcam_Adapter_DEMO.elf
configparams force-mem-access 0
----------------End of Script----------------

12:39:20 INFO  : Memory regions updated for context APU
12:39:20 INFO  : Context for processor 'ps7_cortexa9_0' is selected.
12:39:20 INFO  : 'con' command is executed.
12:39:20 INFO  : ----------------XSDB Script (After Launch)----------------
targets -set -nocase -filter {name =~ "ARM*#0" && jtag_cable_name =~ "Digilent Zed 210248AA3C0E"} -index 0
con
----------------End of Script----------------

12:39:20 INFO  : Launch script is exported to file 'D:\repos\Incercare2019\repo2018\ZedBoard-FMC-Pcam-Adapter-DEMO\proj\ZedBoard-FMC-Pcam-Adapter-DEMO.sdk\.sdk\launch_scripts\xilinx_c-c++_application_(system_debugger)\system_debugger_using_debug_zedboard_fmc_pcam_adapter_demo.elf_on_local.tcl'
12:41:08 INFO  : Connected to target on host '127.0.0.1' and port '3121'.
12:41:08 INFO  : 'targets -set -filter {jtag_cable_name =~ "Digilent Zed 210248AA3C0E" && level==0} -index 1' command is executed.
12:41:10 INFO  : FPGA configured successfully with bitstream "D:/repos/Incercare2019/repo2018/ZedBoard-FMC-Pcam-Adapter-DEMO/proj/ZedBoard-FMC-Pcam-Adapter-DEMO.sdk/system_wrapper_hw_platform_0/system_wrapper.bit"
12:41:18 INFO  : Disconnected from the channel tcfchan#1.
12:41:19 INFO  : 'targets -set -filter {jtag_cable_name =~ "Digilent Zed 210248AA3C0E" && level==0} -index 1' command is executed.
12:41:19 INFO  : 'fpga -state' command is executed.
12:41:19 INFO  : Connected to target on host '127.0.0.1' and port '3121'.
12:41:20 INFO  : Jtag cable 'Digilent Zed 210248AA3C0E' is selected.
12:41:20 INFO  : 'jtag frequency' command is executed.
12:41:20 INFO  : Sourcing of 'D:/repos/Incercare2019/repo2018/ZedBoard-FMC-Pcam-Adapter-DEMO/proj/ZedBoard-FMC-Pcam-Adapter-DEMO.sdk/system_wrapper_hw_platform_0/ps7_init.tcl' is done.
12:41:20 INFO  : Context for 'APU' is selected.
12:41:22 INFO  : Hardware design information is loaded from 'D:/repos/Incercare2019/repo2018/ZedBoard-FMC-Pcam-Adapter-DEMO/proj/ZedBoard-FMC-Pcam-Adapter-DEMO.sdk/system_wrapper_hw_platform_0/system.hdf'.
12:41:22 INFO  : 'configparams force-mem-access 1' command is executed.
12:41:22 INFO  : Context for 'APU' is selected.
12:41:22 INFO  : 'stop' command is executed.
12:41:23 INFO  : 'ps7_init' command is executed.
12:41:23 INFO  : 'ps7_post_config' command is executed.
12:41:23 INFO  : Context for processor 'ps7_cortexa9_0' is selected.
12:41:23 INFO  : Processor reset is completed for 'ps7_cortexa9_0'.
12:41:23 INFO  : Context for processor 'ps7_cortexa9_0' is selected.
12:41:23 INFO  : The application 'D:/repos/Incercare2019/repo2018/ZedBoard-FMC-Pcam-Adapter-DEMO/proj/ZedBoard-FMC-Pcam-Adapter-DEMO.sdk/ZedBoard_FMC_Pcam_Adapter_DEMO/Debug/ZedBoard_FMC_Pcam_Adapter_DEMO.elf' is downloaded to processor 'ps7_cortexa9_0'.
12:41:23 INFO  : 'configparams force-mem-access 0' command is executed.
12:41:23 INFO  : ----------------XSDB Script----------------
connect -url tcp:127.0.0.1:3121
source D:/repos/Incercare2019/repo2018/ZedBoard-FMC-Pcam-Adapter-DEMO/proj/ZedBoard-FMC-Pcam-Adapter-DEMO.sdk/system_wrapper_hw_platform_0/ps7_init.tcl
targets -set -nocase -filter {name =~"APU*" && jtag_cable_name =~ "Digilent Zed 210248AA3C0E"} -index 0
loadhw -hw D:/repos/Incercare2019/repo2018/ZedBoard-FMC-Pcam-Adapter-DEMO/proj/ZedBoard-FMC-Pcam-Adapter-DEMO.sdk/system_wrapper_hw_platform_0/system.hdf -mem-ranges [list {0x40000000 0xbfffffff}]
configparams force-mem-access 1
targets -set -nocase -filter {name =~"APU*" && jtag_cable_name =~ "Digilent Zed 210248AA3C0E"} -index 0
stop
ps7_init
ps7_post_config
targets -set -nocase -filter {name =~ "ARM*#0" && jtag_cable_name =~ "Digilent Zed 210248AA3C0E"} -index 0
rst -processor
targets -set -nocase -filter {name =~ "ARM*#0" && jtag_cable_name =~ "Digilent Zed 210248AA3C0E"} -index 0
dow D:/repos/Incercare2019/repo2018/ZedBoard-FMC-Pcam-Adapter-DEMO/proj/ZedBoard-FMC-Pcam-Adapter-DEMO.sdk/ZedBoard_FMC_Pcam_Adapter_DEMO/Debug/ZedBoard_FMC_Pcam_Adapter_DEMO.elf
configparams force-mem-access 0
----------------End of Script----------------

12:41:23 INFO  : Memory regions updated for context APU
12:41:24 INFO  : Context for processor 'ps7_cortexa9_0' is selected.
12:41:24 INFO  : 'con' command is executed.
12:41:24 INFO  : ----------------XSDB Script (After Launch)----------------
targets -set -nocase -filter {name =~ "ARM*#0" && jtag_cable_name =~ "Digilent Zed 210248AA3C0E"} -index 0
con
----------------End of Script----------------

12:41:24 INFO  : Launch script is exported to file 'D:\repos\Incercare2019\repo2018\ZedBoard-FMC-Pcam-Adapter-DEMO\proj\ZedBoard-FMC-Pcam-Adapter-DEMO.sdk\.sdk\launch_scripts\xilinx_c-c++_application_(system_debugger)\system_debugger_using_debug_zedboard_fmc_pcam_adapter_demo.elf_on_local.tcl'
13:02:57 INFO  : Connected to target on host '127.0.0.1' and port '3121'.
13:02:58 INFO  : 'targets -set -filter {jtag_cable_name =~ "Digilent Zed 210248AA3C0E" && level==0} -index 1' command is executed.
13:03:00 INFO  : FPGA configured successfully with bitstream "D:/repos/Incercare2019/repo2018/ZedBoard-FMC-Pcam-Adapter-DEMO/proj/ZedBoard-FMC-Pcam-Adapter-DEMO.sdk/system_wrapper_hw_platform_0/system_wrapper.bit"
13:03:08 INFO  : Disconnected from the channel tcfchan#2.
13:03:09 INFO  : 'targets -set -filter {jtag_cable_name =~ "Digilent Zed 210248AA3C0E" && level==0} -index 1' command is executed.
13:03:09 INFO  : 'fpga -state' command is executed.
13:03:09 INFO  : Connected to target on host '127.0.0.1' and port '3121'.
13:03:09 INFO  : Jtag cable 'Digilent Zed 210248AA3C0E' is selected.
13:03:09 INFO  : 'jtag frequency' command is executed.
13:03:09 INFO  : Sourcing of 'D:/repos/Incercare2019/repo2018/ZedBoard-FMC-Pcam-Adapter-DEMO/proj/ZedBoard-FMC-Pcam-Adapter-DEMO.sdk/system_wrapper_hw_platform_0/ps7_init.tcl' is done.
13:03:09 INFO  : Context for 'APU' is selected.
13:03:12 INFO  : Hardware design information is loaded from 'D:/repos/Incercare2019/repo2018/ZedBoard-FMC-Pcam-Adapter-DEMO/proj/ZedBoard-FMC-Pcam-Adapter-DEMO.sdk/system_wrapper_hw_platform_0/system.hdf'.
13:03:12 INFO  : 'configparams force-mem-access 1' command is executed.
13:03:12 INFO  : Context for 'APU' is selected.
13:03:12 INFO  : 'stop' command is executed.
13:03:13 INFO  : 'ps7_init' command is executed.
13:03:13 INFO  : 'ps7_post_config' command is executed.
13:03:13 INFO  : Context for processor 'ps7_cortexa9_0' is selected.
13:03:13 INFO  : Processor reset is completed for 'ps7_cortexa9_0'.
13:03:13 INFO  : Context for processor 'ps7_cortexa9_0' is selected.
13:03:13 INFO  : The application 'D:/repos/Incercare2019/repo2018/ZedBoard-FMC-Pcam-Adapter-DEMO/proj/ZedBoard-FMC-Pcam-Adapter-DEMO.sdk/ZedBoard_FMC_Pcam_Adapter_DEMO/Debug/ZedBoard_FMC_Pcam_Adapter_DEMO.elf' is downloaded to processor 'ps7_cortexa9_0'.
13:03:13 INFO  : 'configparams force-mem-access 0' command is executed.
13:03:13 INFO  : ----------------XSDB Script----------------
connect -url tcp:127.0.0.1:3121
source D:/repos/Incercare2019/repo2018/ZedBoard-FMC-Pcam-Adapter-DEMO/proj/ZedBoard-FMC-Pcam-Adapter-DEMO.sdk/system_wrapper_hw_platform_0/ps7_init.tcl
targets -set -nocase -filter {name =~"APU*" && jtag_cable_name =~ "Digilent Zed 210248AA3C0E"} -index 0
loadhw -hw D:/repos/Incercare2019/repo2018/ZedBoard-FMC-Pcam-Adapter-DEMO/proj/ZedBoard-FMC-Pcam-Adapter-DEMO.sdk/system_wrapper_hw_platform_0/system.hdf -mem-ranges [list {0x40000000 0xbfffffff}]
configparams force-mem-access 1
targets -set -nocase -filter {name =~"APU*" && jtag_cable_name =~ "Digilent Zed 210248AA3C0E"} -index 0
stop
ps7_init
ps7_post_config
targets -set -nocase -filter {name =~ "ARM*#0" && jtag_cable_name =~ "Digilent Zed 210248AA3C0E"} -index 0
rst -processor
targets -set -nocase -filter {name =~ "ARM*#0" && jtag_cable_name =~ "Digilent Zed 210248AA3C0E"} -index 0
dow D:/repos/Incercare2019/repo2018/ZedBoard-FMC-Pcam-Adapter-DEMO/proj/ZedBoard-FMC-Pcam-Adapter-DEMO.sdk/ZedBoard_FMC_Pcam_Adapter_DEMO/Debug/ZedBoard_FMC_Pcam_Adapter_DEMO.elf
configparams force-mem-access 0
----------------End of Script----------------

13:03:13 INFO  : Memory regions updated for context APU
13:03:13 INFO  : Context for processor 'ps7_cortexa9_0' is selected.
13:03:13 INFO  : 'con' command is executed.
13:03:13 INFO  : ----------------XSDB Script (After Launch)----------------
targets -set -nocase -filter {name =~ "ARM*#0" && jtag_cable_name =~ "Digilent Zed 210248AA3C0E"} -index 0
con
----------------End of Script----------------

13:03:13 INFO  : Launch script is exported to file 'D:\repos\Incercare2019\repo2018\ZedBoard-FMC-Pcam-Adapter-DEMO\proj\ZedBoard-FMC-Pcam-Adapter-DEMO.sdk\.sdk\launch_scripts\xilinx_c-c++_application_(system_debugger)\system_debugger_using_debug_zedboard_fmc_pcam_adapter_demo.elf_on_local.tcl'
13:03:30 INFO  : Disconnected from the channel tcfchan#3.
13:03:31 INFO  : 'targets -set -filter {jtag_cable_name =~ "Digilent Zed 210248AA3C0E" && level==0} -index 1' command is executed.
13:03:31 INFO  : 'fpga -state' command is executed.
13:03:31 INFO  : Connected to target on host '127.0.0.1' and port '3121'.
13:03:32 INFO  : Jtag cable 'Digilent Zed 210248AA3C0E' is selected.
13:03:32 INFO  : 'jtag frequency' command is executed.
13:03:32 INFO  : Sourcing of 'D:/repos/Incercare2019/repo2018/ZedBoard-FMC-Pcam-Adapter-DEMO/proj/ZedBoard-FMC-Pcam-Adapter-DEMO.sdk/system_wrapper_hw_platform_0/ps7_init.tcl' is done.
13:03:32 INFO  : Context for 'APU' is selected.
13:03:34 INFO  : Hardware design information is loaded from 'D:/repos/Incercare2019/repo2018/ZedBoard-FMC-Pcam-Adapter-DEMO/proj/ZedBoard-FMC-Pcam-Adapter-DEMO.sdk/system_wrapper_hw_platform_0/system.hdf'.
13:03:34 INFO  : 'configparams force-mem-access 1' command is executed.
13:03:34 INFO  : Context for 'APU' is selected.
13:03:34 INFO  : 'stop' command is executed.
13:03:35 INFO  : 'ps7_init' command is executed.
13:03:35 INFO  : 'ps7_post_config' command is executed.
13:03:35 INFO  : Context for processor 'ps7_cortexa9_0' is selected.
13:03:35 INFO  : Processor reset is completed for 'ps7_cortexa9_0'.
13:03:35 INFO  : Context for processor 'ps7_cortexa9_0' is selected.
13:03:35 INFO  : The application 'D:/repos/Incercare2019/repo2018/ZedBoard-FMC-Pcam-Adapter-DEMO/proj/ZedBoard-FMC-Pcam-Adapter-DEMO.sdk/ZedBoard_FMC_Pcam_Adapter_DEMO/Debug/ZedBoard_FMC_Pcam_Adapter_DEMO.elf' is downloaded to processor 'ps7_cortexa9_0'.
13:03:35 INFO  : 'configparams force-mem-access 0' command is executed.
13:03:35 INFO  : ----------------XSDB Script----------------
connect -url tcp:127.0.0.1:3121
source D:/repos/Incercare2019/repo2018/ZedBoard-FMC-Pcam-Adapter-DEMO/proj/ZedBoard-FMC-Pcam-Adapter-DEMO.sdk/system_wrapper_hw_platform_0/ps7_init.tcl
targets -set -nocase -filter {name =~"APU*" && jtag_cable_name =~ "Digilent Zed 210248AA3C0E"} -index 0
loadhw -hw D:/repos/Incercare2019/repo2018/ZedBoard-FMC-Pcam-Adapter-DEMO/proj/ZedBoard-FMC-Pcam-Adapter-DEMO.sdk/system_wrapper_hw_platform_0/system.hdf -mem-ranges [list {0x40000000 0xbfffffff}]
configparams force-mem-access 1
targets -set -nocase -filter {name =~"APU*" && jtag_cable_name =~ "Digilent Zed 210248AA3C0E"} -index 0
stop
ps7_init
ps7_post_config
targets -set -nocase -filter {name =~ "ARM*#0" && jtag_cable_name =~ "Digilent Zed 210248AA3C0E"} -index 0
rst -processor
targets -set -nocase -filter {name =~ "ARM*#0" && jtag_cable_name =~ "Digilent Zed 210248AA3C0E"} -index 0
dow D:/repos/Incercare2019/repo2018/ZedBoard-FMC-Pcam-Adapter-DEMO/proj/ZedBoard-FMC-Pcam-Adapter-DEMO.sdk/ZedBoard_FMC_Pcam_Adapter_DEMO/Debug/ZedBoard_FMC_Pcam_Adapter_DEMO.elf
configparams force-mem-access 0
----------------End of Script----------------

13:03:35 INFO  : Memory regions updated for context APU
13:03:35 INFO  : Context for processor 'ps7_cortexa9_0' is selected.
13:03:35 INFO  : 'con' command is executed.
13:03:35 INFO  : ----------------XSDB Script (After Launch)----------------
targets -set -nocase -filter {name =~ "ARM*#0" && jtag_cable_name =~ "Digilent Zed 210248AA3C0E"} -index 0
con
----------------End of Script----------------

13:03:35 INFO  : Launch script is exported to file 'D:\repos\Incercare2019\repo2018\ZedBoard-FMC-Pcam-Adapter-DEMO\proj\ZedBoard-FMC-Pcam-Adapter-DEMO.sdk\.sdk\launch_scripts\xilinx_c-c++_application_(system_debugger)\system_debugger_using_debug_zedboard_fmc_pcam_adapter_demo.elf_on_local.tcl'
13:11:26 INFO  : Connected to target on host '127.0.0.1' and port '3121'.
13:11:26 INFO  : 'targets -set -filter {jtag_cable_name =~ "Digilent Zed 210248AA3C0E" && level==0} -index 1' command is executed.
13:11:28 INFO  : FPGA configured successfully with bitstream "D:/repos/Incercare2019/repo2018/ZedBoard-FMC-Pcam-Adapter-DEMO/proj/ZedBoard-FMC-Pcam-Adapter-DEMO.sdk/system_wrapper_hw_platform_0/system_wrapper.bit"
13:12:02 INFO  : Disconnected from the channel tcfchan#4.
13:12:15 INFO  : Registering command handlers for SDK TCF services
13:12:15 INFO  : Launching XSCT server: xsct.bat -interactive D:\repos\Incercare2019\repo2018\ZedBoard-FMC-Pcam-Adapter-DEMO\proj\ZedBoard-FMC-Pcam-Adapter-DEMO.sdk\temp_xsdb_launch_script.tcl
13:12:18 INFO  : XSCT server has started successfully.
13:12:19 INFO  : Successfully done setting XSCT server connection channel  
13:12:19 INFO  : Processing command line option -hwspec D:/repos/Incercare2019/repo2018/ZedBoard-FMC-Pcam-Adapter-DEMO/proj/ZedBoard-FMC-Pcam-Adapter-DEMO.sdk/system_wrapper.hdf.
13:12:19 INFO  : Successfully done setting SDK workspace  
13:12:19 INFO  : Checking for hwspec changes in the project system_wrapper_hw_platform_0.
13:12:40 INFO  : 'targets -set -filter {jtag_cable_name =~ "Digilent Zed 210248AA3C0E" && level==0} -index 1' command is executed.
13:12:40 INFO  : 'fpga -state' command is executed.
13:12:40 INFO  : Connected to target on host '127.0.0.1' and port '3121'.
13:12:41 INFO  : Jtag cable 'Digilent Zed 210248AA3C0E' is selected.
13:12:41 INFO  : 'jtag frequency' command is executed.
13:12:41 INFO  : Sourcing of 'D:/repos/Incercare2019/repo2018/ZedBoard-FMC-Pcam-Adapter-DEMO/proj/ZedBoard-FMC-Pcam-Adapter-DEMO.sdk/system_wrapper_hw_platform_0/ps7_init.tcl' is done.
13:12:41 INFO  : Context for 'APU' is selected.
13:12:41 INFO  : Hardware design information is loaded from 'D:/repos/Incercare2019/repo2018/ZedBoard-FMC-Pcam-Adapter-DEMO/proj/ZedBoard-FMC-Pcam-Adapter-DEMO.sdk/system_wrapper_hw_platform_0/system.hdf'.
13:12:41 INFO  : 'configparams force-mem-access 1' command is executed.
13:12:41 INFO  : Context for 'APU' is selected.
13:12:41 INFO  : 'stop' command is executed.
13:12:41 INFO  : 'ps7_init' command is executed.
13:12:41 INFO  : 'ps7_post_config' command is executed.
13:12:41 INFO  : Context for processor 'ps7_cortexa9_0' is selected.
13:12:41 INFO  : Processor reset is completed for 'ps7_cortexa9_0'.
13:12:41 INFO  : Context for processor 'ps7_cortexa9_0' is selected.
13:12:43 INFO  : The application 'D:/repos/Incercare2019/repo2018/ZedBoard-FMC-Pcam-Adapter-DEMO/proj/ZedBoard-FMC-Pcam-Adapter-DEMO.sdk/ZedBoard_FMC_Pcam_Adapter_DEMO/Debug/ZedBoard_FMC_Pcam_Adapter_DEMO.elf' is downloaded to processor 'ps7_cortexa9_0'.
13:12:43 INFO  : 'configparams force-mem-access 0' command is executed.
13:12:43 INFO  : ----------------XSDB Script----------------
connect -url tcp:127.0.0.1:3121
source D:/repos/Incercare2019/repo2018/ZedBoard-FMC-Pcam-Adapter-DEMO/proj/ZedBoard-FMC-Pcam-Adapter-DEMO.sdk/system_wrapper_hw_platform_0/ps7_init.tcl
targets -set -nocase -filter {name =~"APU*" && jtag_cable_name =~ "Digilent Zed 210248AA3C0E"} -index 0
loadhw -hw D:/repos/Incercare2019/repo2018/ZedBoard-FMC-Pcam-Adapter-DEMO/proj/ZedBoard-FMC-Pcam-Adapter-DEMO.sdk/system_wrapper_hw_platform_0/system.hdf -mem-ranges [list {0x40000000 0xbfffffff}]
configparams force-mem-access 1
targets -set -nocase -filter {name =~"APU*" && jtag_cable_name =~ "Digilent Zed 210248AA3C0E"} -index 0
stop
ps7_init
ps7_post_config
targets -set -nocase -filter {name =~ "ARM*#0" && jtag_cable_name =~ "Digilent Zed 210248AA3C0E"} -index 0
rst -processor
targets -set -nocase -filter {name =~ "ARM*#0" && jtag_cable_name =~ "Digilent Zed 210248AA3C0E"} -index 0
dow D:/repos/Incercare2019/repo2018/ZedBoard-FMC-Pcam-Adapter-DEMO/proj/ZedBoard-FMC-Pcam-Adapter-DEMO.sdk/ZedBoard_FMC_Pcam_Adapter_DEMO/Debug/ZedBoard_FMC_Pcam_Adapter_DEMO.elf
configparams force-mem-access 0
----------------End of Script----------------

13:12:43 INFO  : Memory regions updated for context APU
13:12:43 INFO  : Context for processor 'ps7_cortexa9_0' is selected.
13:12:43 INFO  : 'con' command is executed.
13:12:43 INFO  : ----------------XSDB Script (After Launch)----------------
targets -set -nocase -filter {name =~ "ARM*#0" && jtag_cable_name =~ "Digilent Zed 210248AA3C0E"} -index 0
con
----------------End of Script----------------

13:12:43 INFO  : Launch script is exported to file 'D:\repos\Incercare2019\repo2018\ZedBoard-FMC-Pcam-Adapter-DEMO\proj\ZedBoard-FMC-Pcam-Adapter-DEMO.sdk\.sdk\launch_scripts\xilinx_c-c++_application_(system_debugger)\system_debugger_using_debug_zedboard_fmc_pcam_adapter_demo.elf_on_local.tcl'
13:16:09 INFO  : Connected to target on host '127.0.0.1' and port '3121'.
13:16:09 INFO  : 'targets -set -filter {jtag_cable_name =~ "Digilent Zed 210248AA3C0E" && level==0} -index 1' command is executed.
13:16:11 INFO  : FPGA configured successfully with bitstream "D:/repos/Incercare2019/repo2018/ZedBoard-FMC-Pcam-Adapter-DEMO/proj/ZedBoard-FMC-Pcam-Adapter-DEMO.sdk/system_wrapper_hw_platform_0/system_wrapper.bit"
13:16:18 INFO  : Disconnected from the channel tcfchan#1.
13:16:19 INFO  : 'targets -set -filter {jtag_cable_name =~ "Digilent Zed 210248AA3C0E" && level==0} -index 1' command is executed.
13:16:19 INFO  : 'fpga -state' command is executed.
13:16:19 INFO  : Connected to target on host '127.0.0.1' and port '3121'.
13:16:19 INFO  : Jtag cable 'Digilent Zed 210248AA3C0E' is selected.
13:16:19 INFO  : 'jtag frequency' command is executed.
13:16:19 INFO  : Sourcing of 'D:/repos/Incercare2019/repo2018/ZedBoard-FMC-Pcam-Adapter-DEMO/proj/ZedBoard-FMC-Pcam-Adapter-DEMO.sdk/system_wrapper_hw_platform_0/ps7_init.tcl' is done.
13:16:19 INFO  : Context for 'APU' is selected.
13:16:22 INFO  : Hardware design information is loaded from 'D:/repos/Incercare2019/repo2018/ZedBoard-FMC-Pcam-Adapter-DEMO/proj/ZedBoard-FMC-Pcam-Adapter-DEMO.sdk/system_wrapper_hw_platform_0/system.hdf'.
13:16:22 INFO  : 'configparams force-mem-access 1' command is executed.
13:16:22 INFO  : Context for 'APU' is selected.
13:16:22 INFO  : 'stop' command is executed.
13:16:23 INFO  : 'ps7_init' command is executed.
13:16:23 INFO  : 'ps7_post_config' command is executed.
13:16:23 INFO  : Context for processor 'ps7_cortexa9_0' is selected.
13:16:23 INFO  : Processor reset is completed for 'ps7_cortexa9_0'.
13:16:23 INFO  : Context for processor 'ps7_cortexa9_0' is selected.
13:16:25 INFO  : The application 'D:/repos/Incercare2019/repo2018/ZedBoard-FMC-Pcam-Adapter-DEMO/proj/ZedBoard-FMC-Pcam-Adapter-DEMO.sdk/ZedBoard_FMC_Pcam_Adapter_DEMO/Debug/ZedBoard_FMC_Pcam_Adapter_DEMO.elf' is downloaded to processor 'ps7_cortexa9_0'.
13:16:25 INFO  : 'configparams force-mem-access 0' command is executed.
13:16:25 INFO  : ----------------XSDB Script----------------
connect -url tcp:127.0.0.1:3121
source D:/repos/Incercare2019/repo2018/ZedBoard-FMC-Pcam-Adapter-DEMO/proj/ZedBoard-FMC-Pcam-Adapter-DEMO.sdk/system_wrapper_hw_platform_0/ps7_init.tcl
targets -set -nocase -filter {name =~"APU*" && jtag_cable_name =~ "Digilent Zed 210248AA3C0E"} -index 0
loadhw -hw D:/repos/Incercare2019/repo2018/ZedBoard-FMC-Pcam-Adapter-DEMO/proj/ZedBoard-FMC-Pcam-Adapter-DEMO.sdk/system_wrapper_hw_platform_0/system.hdf -mem-ranges [list {0x40000000 0xbfffffff}]
configparams force-mem-access 1
targets -set -nocase -filter {name =~"APU*" && jtag_cable_name =~ "Digilent Zed 210248AA3C0E"} -index 0
stop
ps7_init
ps7_post_config
targets -set -nocase -filter {name =~ "ARM*#0" && jtag_cable_name =~ "Digilent Zed 210248AA3C0E"} -index 0
rst -processor
targets -set -nocase -filter {name =~ "ARM*#0" && jtag_cable_name =~ "Digilent Zed 210248AA3C0E"} -index 0
dow D:/repos/Incercare2019/repo2018/ZedBoard-FMC-Pcam-Adapter-DEMO/proj/ZedBoard-FMC-Pcam-Adapter-DEMO.sdk/ZedBoard_FMC_Pcam_Adapter_DEMO/Debug/ZedBoard_FMC_Pcam_Adapter_DEMO.elf
configparams force-mem-access 0
----------------End of Script----------------

13:16:25 INFO  : Memory regions updated for context APU
13:16:25 INFO  : Context for processor 'ps7_cortexa9_0' is selected.
13:16:25 INFO  : 'con' command is executed.
13:16:25 INFO  : ----------------XSDB Script (After Launch)----------------
targets -set -nocase -filter {name =~ "ARM*#0" && jtag_cable_name =~ "Digilent Zed 210248AA3C0E"} -index 0
con
----------------End of Script----------------

13:16:25 INFO  : Launch script is exported to file 'D:\repos\Incercare2019\repo2018\ZedBoard-FMC-Pcam-Adapter-DEMO\proj\ZedBoard-FMC-Pcam-Adapter-DEMO.sdk\.sdk\launch_scripts\xilinx_c-c++_application_(system_debugger)\system_debugger_using_debug_zedboard_fmc_pcam_adapter_demo.elf_on_local.tcl'
13:18:29 INFO  : Connected to target on host '127.0.0.1' and port '3121'.
13:18:29 INFO  : 'targets -set -filter {jtag_cable_name =~ "Digilent Zed 210248AA3C0E" && level==0} -index 1' command is executed.
13:18:32 INFO  : FPGA configured successfully with bitstream "D:/repos/Incercare2019/repo2018/ZedBoard-FMC-Pcam-Adapter-DEMO/proj/ZedBoard-FMC-Pcam-Adapter-DEMO.sdk/system_wrapper_hw_platform_0/system_wrapper.bit"
13:18:38 INFO  : Disconnected from the channel tcfchan#2.
13:18:40 INFO  : 'targets -set -filter {jtag_cable_name =~ "Digilent Zed 210248AA3C0E" && level==0} -index 1' command is executed.
13:18:40 INFO  : 'fpga -state' command is executed.
13:18:40 INFO  : Connected to target on host '127.0.0.1' and port '3121'.
13:18:40 INFO  : Jtag cable 'Digilent Zed 210248AA3C0E' is selected.
13:18:40 INFO  : 'jtag frequency' command is executed.
13:18:40 INFO  : Sourcing of 'D:/repos/Incercare2019/repo2018/ZedBoard-FMC-Pcam-Adapter-DEMO/proj/ZedBoard-FMC-Pcam-Adapter-DEMO.sdk/system_wrapper_hw_platform_0/ps7_init.tcl' is done.
13:18:40 INFO  : Context for 'APU' is selected.
13:18:42 INFO  : Hardware design information is loaded from 'D:/repos/Incercare2019/repo2018/ZedBoard-FMC-Pcam-Adapter-DEMO/proj/ZedBoard-FMC-Pcam-Adapter-DEMO.sdk/system_wrapper_hw_platform_0/system.hdf'.
13:18:42 INFO  : 'configparams force-mem-access 1' command is executed.
13:18:43 INFO  : Context for 'APU' is selected.
13:18:43 INFO  : 'stop' command is executed.
13:18:43 ERROR : Memory read error at 0xF8007080. AHB AP transaction error, DAP status f0000021
13:18:43 INFO  : ----------------XSDB Script----------------
connect -url tcp:127.0.0.1:3121
source D:/repos/Incercare2019/repo2018/ZedBoard-FMC-Pcam-Adapter-DEMO/proj/ZedBoard-FMC-Pcam-Adapter-DEMO.sdk/system_wrapper_hw_platform_0/ps7_init.tcl
targets -set -nocase -filter {name =~"APU*" && jtag_cable_name =~ "Digilent Zed 210248AA3C0E"} -index 0
loadhw -hw D:/repos/Incercare2019/repo2018/ZedBoard-FMC-Pcam-Adapter-DEMO/proj/ZedBoard-FMC-Pcam-Adapter-DEMO.sdk/system_wrapper_hw_platform_0/system.hdf -mem-ranges [list {0x40000000 0xbfffffff}]
configparams force-mem-access 1
targets -set -nocase -filter {name =~"APU*" && jtag_cable_name =~ "Digilent Zed 210248AA3C0E"} -index 0
stop
ps7_init
----------------End of Script----------------

13:18:48 INFO  : Connected to target on host '127.0.0.1' and port '3121'.
13:18:48 INFO  : 'targets -set -filter {jtag_cable_name =~ "Digilent Zed 210248AA3C0E" && level==0} -index 1' command is executed.
13:18:52 ERROR : fpga configuration failed. DONE PIN is not HIGH
13:19:02 INFO  : Connected to target on host '127.0.0.1' and port '3121'.
13:19:48 INFO  : Connected to target on host '127.0.0.1' and port '3121'.
13:24:20 INFO  : Registering command handlers for SDK TCF services
13:24:21 INFO  : Launching XSCT server: xsct.bat -interactive D:\repos\Incercare2019\repo2018\ZedBoard-FMC-Pcam-Adapter-DEMO\proj\ZedBoard-FMC-Pcam-Adapter-DEMO.sdk\temp_xsdb_launch_script.tcl
13:24:24 INFO  : XSCT server has started successfully.
13:24:24 INFO  : Processing command line option -hwspec D:/repos/Incercare2019/repo2018/ZedBoard-FMC-Pcam-Adapter-DEMO/proj/ZedBoard-FMC-Pcam-Adapter-DEMO.sdk/system_wrapper.hdf.
13:24:24 INFO  : Successfully done setting XSCT server connection channel  
13:24:24 INFO  : Successfully done setting SDK workspace  
13:24:24 INFO  : Checking for hwspec changes in the project system_wrapper_hw_platform_0.
13:24:37 INFO  : Connected to target on host '127.0.0.1' and port '3121'.
13:38:54 INFO  : Registering command handlers for SDK TCF services
13:38:55 INFO  : Launching XSCT server: xsct.bat -interactive D:\repos\Incercare2019\repo2018\ZedBoard-FMC-Pcam-Adapter-DEMO\proj\ZedBoard-FMC-Pcam-Adapter-DEMO.sdk\temp_xsdb_launch_script.tcl
13:38:59 INFO  : XSCT server has started successfully.
13:39:02 INFO  : Processing command line option -hwspec D:/repos/Incercare2019/repo2018/ZedBoard-FMC-Pcam-Adapter-DEMO/proj/ZedBoard-FMC-Pcam-Adapter-DEMO.sdk/system_wrapper.hdf.
13:39:02 INFO  : Successfully done setting XSCT server connection channel  
13:39:02 INFO  : Successfully done setting SDK workspace  
13:39:07 INFO  : Checking for hwspec changes in the project system_wrapper_hw_platform_0.
13:39:20 INFO  : Connected to target on host '127.0.0.1' and port '3121'.
13:39:20 INFO  : 'targets -set -filter {jtag_cable_name =~ "Digilent Zed 210248AA3C0E" && level==0} -index 1' command is executed.
13:39:23 INFO  : FPGA configured successfully with bitstream "D:/repos/Incercare2019/repo2018/ZedBoard-FMC-Pcam-Adapter-DEMO/proj/ZedBoard-FMC-Pcam-Adapter-DEMO.sdk/system_wrapper_hw_platform_0/system_wrapper.bit"
13:41:01 INFO  : 'targets -set -filter {jtag_cable_name =~ "Digilent Zed 210248AA3C0E" && level==0} -index 1' command is executed.
13:41:01 INFO  : 'fpga -state' command is executed.
13:41:01 INFO  : Connected to target on host '127.0.0.1' and port '3121'.
13:41:01 INFO  : Jtag cable 'Digilent Zed 210248AA3C0E' is selected.
13:41:01 INFO  : 'jtag frequency' command is executed.
13:41:01 INFO  : Sourcing of 'D:/repos/Incercare2019/repo2018/ZedBoard-FMC-Pcam-Adapter-DEMO/proj/ZedBoard-FMC-Pcam-Adapter-DEMO.sdk/system_wrapper_hw_platform_0/ps7_init.tcl' is done.
13:41:02 INFO  : Context for 'APU' is selected.
13:41:02 INFO  : Hardware design information is loaded from 'D:/repos/Incercare2019/repo2018/ZedBoard-FMC-Pcam-Adapter-DEMO/proj/ZedBoard-FMC-Pcam-Adapter-DEMO.sdk/system_wrapper_hw_platform_0/system.hdf'.
13:41:02 INFO  : 'configparams force-mem-access 1' command is executed.
13:41:02 INFO  : Context for 'APU' is selected.
13:41:02 INFO  : 'stop' command is executed.
13:41:02 INFO  : 'ps7_init' command is executed.
13:41:02 INFO  : 'ps7_post_config' command is executed.
13:41:02 INFO  : Context for processor 'ps7_cortexa9_0' is selected.
13:41:02 INFO  : Processor reset is completed for 'ps7_cortexa9_0'.
13:41:02 INFO  : Context for processor 'ps7_cortexa9_0' is selected.
13:41:04 INFO  : The application 'D:/repos/Incercare2019/repo2018/ZedBoard-FMC-Pcam-Adapter-DEMO/proj/ZedBoard-FMC-Pcam-Adapter-DEMO.sdk/ZedBoard_FMC_Pcam_Adapter_DEMO/Debug/ZedBoard_FMC_Pcam_Adapter_DEMO.elf' is downloaded to processor 'ps7_cortexa9_0'.
13:41:04 INFO  : 'configparams force-mem-access 0' command is executed.
13:41:04 INFO  : ----------------XSDB Script----------------
connect -url tcp:127.0.0.1:3121
source D:/repos/Incercare2019/repo2018/ZedBoard-FMC-Pcam-Adapter-DEMO/proj/ZedBoard-FMC-Pcam-Adapter-DEMO.sdk/system_wrapper_hw_platform_0/ps7_init.tcl
targets -set -nocase -filter {name =~"APU*" && jtag_cable_name =~ "Digilent Zed 210248AA3C0E"} -index 0
loadhw -hw D:/repos/Incercare2019/repo2018/ZedBoard-FMC-Pcam-Adapter-DEMO/proj/ZedBoard-FMC-Pcam-Adapter-DEMO.sdk/system_wrapper_hw_platform_0/system.hdf -mem-ranges [list {0x40000000 0xbfffffff}]
configparams force-mem-access 1
targets -set -nocase -filter {name =~"APU*" && jtag_cable_name =~ "Digilent Zed 210248AA3C0E"} -index 0
stop
ps7_init
ps7_post_config
targets -set -nocase -filter {name =~ "ARM*#0" && jtag_cable_name =~ "Digilent Zed 210248AA3C0E"} -index 0
rst -processor
targets -set -nocase -filter {name =~ "ARM*#0" && jtag_cable_name =~ "Digilent Zed 210248AA3C0E"} -index 0
dow D:/repos/Incercare2019/repo2018/ZedBoard-FMC-Pcam-Adapter-DEMO/proj/ZedBoard-FMC-Pcam-Adapter-DEMO.sdk/ZedBoard_FMC_Pcam_Adapter_DEMO/Debug/ZedBoard_FMC_Pcam_Adapter_DEMO.elf
configparams force-mem-access 0
----------------End of Script----------------

13:41:04 INFO  : Memory regions updated for context APU
13:41:04 INFO  : Context for processor 'ps7_cortexa9_0' is selected.
13:41:04 INFO  : 'con' command is executed.
13:41:04 INFO  : ----------------XSDB Script (After Launch)----------------
targets -set -nocase -filter {name =~ "ARM*#0" && jtag_cable_name =~ "Digilent Zed 210248AA3C0E"} -index 0
con
----------------End of Script----------------

13:41:04 INFO  : Launch script is exported to file 'D:\repos\Incercare2019\repo2018\ZedBoard-FMC-Pcam-Adapter-DEMO\proj\ZedBoard-FMC-Pcam-Adapter-DEMO.sdk\.sdk\launch_scripts\xilinx_c-c++_application_(system_debugger)\system_debugger_using_debug_zedboard_fmc_pcam_adapter_demo.elf_on_local.tcl'
13:43:26 INFO  : Disconnected from the channel tcfchan#1.
18:11:47 INFO  : Registering command handlers for SDK TCF services
18:11:48 INFO  : Launching XSCT server: xsct.bat -interactive D:\repos\Incercare2019\repo2018\ZedBoard-FMC-Pcam-Adapter-DEMO\proj\ZedBoard-FMC-Pcam-Adapter-DEMO.sdk\temp_xsdb_launch_script.tcl
18:11:52 INFO  : XSCT server has started successfully.
18:11:55 INFO  : Successfully done setting XSCT server connection channel  
18:11:55 INFO  : Processing command line option -hwspec D:/repos/Incercare2019/repo2018/ZedBoard-FMC-Pcam-Adapter-DEMO/proj/ZedBoard-FMC-Pcam-Adapter-DEMO.sdk/system_wrapper.hdf.
18:12:01 INFO  : Successfully done setting SDK workspace  
18:12:01 INFO  : Checking for hwspec changes in the project system_wrapper_hw_platform_0.
18:13:11 INFO  : Connected to target on host '127.0.0.1' and port '3121'.
18:13:12 INFO  : 'targets -set -filter {jtag_cable_name =~ "Digilent Zed 210248AA3C0E" && level==0} -index 1' command is executed.
18:13:14 INFO  : FPGA configured successfully with bitstream "D:/repos/Incercare2019/repo2018/ZedBoard-FMC-Pcam-Adapter-DEMO/proj/ZedBoard-FMC-Pcam-Adapter-DEMO.sdk/system_wrapper_hw_platform_0/system_wrapper.bit"
18:13:29 INFO  : 'targets -set -filter {jtag_cable_name =~ "Digilent Zed 210248AA3C0E" && level==0} -index 1' command is executed.
18:13:29 INFO  : 'fpga -state' command is executed.
18:13:29 INFO  : Connected to target on host '127.0.0.1' and port '3121'.
18:13:29 INFO  : Jtag cable 'Digilent Zed 210248AA3C0E' is selected.
18:13:29 INFO  : 'jtag frequency' command is executed.
18:13:29 INFO  : Sourcing of 'D:/repos/Incercare2019/repo2018/ZedBoard-FMC-Pcam-Adapter-DEMO/proj/ZedBoard-FMC-Pcam-Adapter-DEMO.sdk/system_wrapper_hw_platform_0/ps7_init.tcl' is done.
18:13:29 INFO  : Context for 'APU' is selected.
18:13:29 INFO  : Hardware design information is loaded from 'D:/repos/Incercare2019/repo2018/ZedBoard-FMC-Pcam-Adapter-DEMO/proj/ZedBoard-FMC-Pcam-Adapter-DEMO.sdk/system_wrapper_hw_platform_0/system.hdf'.
18:13:29 INFO  : 'configparams force-mem-access 1' command is executed.
18:13:29 INFO  : Context for 'APU' is selected.
18:13:29 INFO  : 'stop' command is executed.
18:13:30 INFO  : 'ps7_init' command is executed.
18:13:30 INFO  : 'ps7_post_config' command is executed.
18:13:30 INFO  : Context for processor 'ps7_cortexa9_0' is selected.
18:13:30 INFO  : Processor reset is completed for 'ps7_cortexa9_0'.
18:13:30 INFO  : Context for processor 'ps7_cortexa9_0' is selected.
18:13:31 INFO  : The application 'D:/repos/Incercare2019/repo2018/ZedBoard-FMC-Pcam-Adapter-DEMO/proj/ZedBoard-FMC-Pcam-Adapter-DEMO.sdk/ZedBoard_FMC_Pcam_Adapter_DEMO/Debug/ZedBoard_FMC_Pcam_Adapter_DEMO.elf' is downloaded to processor 'ps7_cortexa9_0'.
18:13:31 INFO  : 'configparams force-mem-access 0' command is executed.
18:13:31 INFO  : ----------------XSDB Script----------------
connect -url tcp:127.0.0.1:3121
source D:/repos/Incercare2019/repo2018/ZedBoard-FMC-Pcam-Adapter-DEMO/proj/ZedBoard-FMC-Pcam-Adapter-DEMO.sdk/system_wrapper_hw_platform_0/ps7_init.tcl
targets -set -nocase -filter {name =~"APU*" && jtag_cable_name =~ "Digilent Zed 210248AA3C0E"} -index 0
loadhw -hw D:/repos/Incercare2019/repo2018/ZedBoard-FMC-Pcam-Adapter-DEMO/proj/ZedBoard-FMC-Pcam-Adapter-DEMO.sdk/system_wrapper_hw_platform_0/system.hdf -mem-ranges [list {0x40000000 0xbfffffff}]
configparams force-mem-access 1
targets -set -nocase -filter {name =~"APU*" && jtag_cable_name =~ "Digilent Zed 210248AA3C0E"} -index 0
stop
ps7_init
ps7_post_config
targets -set -nocase -filter {name =~ "ARM*#0" && jtag_cable_name =~ "Digilent Zed 210248AA3C0E"} -index 0
rst -processor
targets -set -nocase -filter {name =~ "ARM*#0" && jtag_cable_name =~ "Digilent Zed 210248AA3C0E"} -index 0
dow D:/repos/Incercare2019/repo2018/ZedBoard-FMC-Pcam-Adapter-DEMO/proj/ZedBoard-FMC-Pcam-Adapter-DEMO.sdk/ZedBoard_FMC_Pcam_Adapter_DEMO/Debug/ZedBoard_FMC_Pcam_Adapter_DEMO.elf
configparams force-mem-access 0
----------------End of Script----------------

18:13:31 INFO  : Memory regions updated for context APU
18:13:31 INFO  : Context for processor 'ps7_cortexa9_0' is selected.
18:13:31 INFO  : 'con' command is executed.
18:13:31 INFO  : ----------------XSDB Script (After Launch)----------------
targets -set -nocase -filter {name =~ "ARM*#0" && jtag_cable_name =~ "Digilent Zed 210248AA3C0E"} -index 0
con
----------------End of Script----------------

18:13:31 INFO  : Launch script is exported to file 'D:\repos\Incercare2019\repo2018\ZedBoard-FMC-Pcam-Adapter-DEMO\proj\ZedBoard-FMC-Pcam-Adapter-DEMO.sdk\.sdk\launch_scripts\xilinx_c-c++_application_(system_debugger)\system_debugger_using_debug_zedboard_fmc_pcam_adapter_demo.elf_on_local.tcl'
18:15:25 INFO  : Connected to target on host '127.0.0.1' and port '3121'.
18:15:25 INFO  : 'targets -set -filter {jtag_cable_name =~ "Digilent Zed 210248AA3C0E" && level==0} -index 1' command is executed.
18:15:27 INFO  : FPGA configured successfully with bitstream "D:/repos/Incercare2019/repo2018/ZedBoard-FMC-Pcam-Adapter-DEMO/proj/ZedBoard-FMC-Pcam-Adapter-DEMO.sdk/system_wrapper_hw_platform_0/system_wrapper.bit"
18:15:30 INFO  : Connected to target on host '127.0.0.1' and port '3121'.
18:15:30 INFO  : 'targets -set -filter {jtag_cable_name =~ "Digilent Zed 210248AA3C0E" && level==0} -index 1' command is executed.
18:15:33 INFO  : FPGA configured successfully with bitstream "D:/repos/Incercare2019/repo2018/ZedBoard-FMC-Pcam-Adapter-DEMO/proj/ZedBoard-FMC-Pcam-Adapter-DEMO.sdk/system_wrapper_hw_platform_0/system_wrapper.bit"
18:15:39 INFO  : Disconnected from the channel tcfchan#1.
18:15:40 INFO  : 'targets -set -filter {jtag_cable_name =~ "Digilent Zed 210248AA3C0E" && level==0} -index 1' command is executed.
18:15:40 INFO  : 'fpga -state' command is executed.
18:15:40 INFO  : Connected to target on host '127.0.0.1' and port '3121'.
18:15:40 INFO  : Jtag cable 'Digilent Zed 210248AA3C0E' is selected.
18:15:40 INFO  : 'jtag frequency' command is executed.
18:15:40 INFO  : Sourcing of 'D:/repos/Incercare2019/repo2018/ZedBoard-FMC-Pcam-Adapter-DEMO/proj/ZedBoard-FMC-Pcam-Adapter-DEMO.sdk/system_wrapper_hw_platform_0/ps7_init.tcl' is done.
18:15:40 INFO  : Context for 'APU' is selected.
18:15:43 INFO  : Hardware design information is loaded from 'D:/repos/Incercare2019/repo2018/ZedBoard-FMC-Pcam-Adapter-DEMO/proj/ZedBoard-FMC-Pcam-Adapter-DEMO.sdk/system_wrapper_hw_platform_0/system.hdf'.
18:15:43 INFO  : 'configparams force-mem-access 1' command is executed.
18:15:43 INFO  : Context for 'APU' is selected.
18:15:43 INFO  : 'stop' command is executed.
18:15:44 INFO  : 'ps7_init' command is executed.
18:15:44 INFO  : 'ps7_post_config' command is executed.
18:15:44 INFO  : Context for processor 'ps7_cortexa9_0' is selected.
18:15:44 INFO  : Processor reset is completed for 'ps7_cortexa9_0'.
18:15:44 INFO  : Context for processor 'ps7_cortexa9_0' is selected.
18:15:46 INFO  : The application 'D:/repos/Incercare2019/repo2018/ZedBoard-FMC-Pcam-Adapter-DEMO/proj/ZedBoard-FMC-Pcam-Adapter-DEMO.sdk/ZedBoard_FMC_Pcam_Adapter_DEMO/Debug/ZedBoard_FMC_Pcam_Adapter_DEMO.elf' is downloaded to processor 'ps7_cortexa9_0'.
18:15:46 INFO  : 'configparams force-mem-access 0' command is executed.
18:15:46 INFO  : ----------------XSDB Script----------------
connect -url tcp:127.0.0.1:3121
source D:/repos/Incercare2019/repo2018/ZedBoard-FMC-Pcam-Adapter-DEMO/proj/ZedBoard-FMC-Pcam-Adapter-DEMO.sdk/system_wrapper_hw_platform_0/ps7_init.tcl
targets -set -nocase -filter {name =~"APU*" && jtag_cable_name =~ "Digilent Zed 210248AA3C0E"} -index 0
loadhw -hw D:/repos/Incercare2019/repo2018/ZedBoard-FMC-Pcam-Adapter-DEMO/proj/ZedBoard-FMC-Pcam-Adapter-DEMO.sdk/system_wrapper_hw_platform_0/system.hdf -mem-ranges [list {0x40000000 0xbfffffff}]
configparams force-mem-access 1
targets -set -nocase -filter {name =~"APU*" && jtag_cable_name =~ "Digilent Zed 210248AA3C0E"} -index 0
stop
ps7_init
ps7_post_config
targets -set -nocase -filter {name =~ "ARM*#0" && jtag_cable_name =~ "Digilent Zed 210248AA3C0E"} -index 0
rst -processor
targets -set -nocase -filter {name =~ "ARM*#0" && jtag_cable_name =~ "Digilent Zed 210248AA3C0E"} -index 0
dow D:/repos/Incercare2019/repo2018/ZedBoard-FMC-Pcam-Adapter-DEMO/proj/ZedBoard-FMC-Pcam-Adapter-DEMO.sdk/ZedBoard_FMC_Pcam_Adapter_DEMO/Debug/ZedBoard_FMC_Pcam_Adapter_DEMO.elf
configparams force-mem-access 0
----------------End of Script----------------

18:15:46 INFO  : Memory regions updated for context APU
18:15:46 INFO  : Context for processor 'ps7_cortexa9_0' is selected.
18:15:46 INFO  : 'con' command is executed.
18:15:46 INFO  : ----------------XSDB Script (After Launch)----------------
targets -set -nocase -filter {name =~ "ARM*#0" && jtag_cable_name =~ "Digilent Zed 210248AA3C0E"} -index 0
con
----------------End of Script----------------

18:15:46 INFO  : Launch script is exported to file 'D:\repos\Incercare2019\repo2018\ZedBoard-FMC-Pcam-Adapter-DEMO\proj\ZedBoard-FMC-Pcam-Adapter-DEMO.sdk\.sdk\launch_scripts\xilinx_c-c++_application_(system_debugger)\system_debugger_using_debug_zedboard_fmc_pcam_adapter_demo.elf_on_local.tcl'
18:17:07 INFO  : Disconnected from the channel tcfchan#2.
18:41:18 INFO  : Registering command handlers for SDK TCF services
18:41:19 INFO  : Launching XSCT server: xsct.bat -interactive D:\repos\Incercare2019\repo2018\ZedBoard-FMC-Pcam-Adapter-DEMO\proj\ZedBoard-FMC-Pcam-Adapter-DEMO.sdk\temp_xsdb_launch_script.tcl
18:41:23 INFO  : XSCT server has started successfully.
18:41:23 INFO  : Successfully done setting XSCT server connection channel  
18:41:26 INFO  : Processing command line option -hwspec D:/repos/Incercare2019/repo2018/ZedBoard-FMC-Pcam-Adapter-DEMO/proj/ZedBoard-FMC-Pcam-Adapter-DEMO.sdk/system_wrapper.hdf.
18:41:26 INFO  : Successfully done setting SDK workspace  
18:41:26 INFO  : Checking for hwspec changes in the project system_wrapper_hw_platform_0.
18:42:02 INFO  : Connected to target on host '127.0.0.1' and port '3121'.
18:42:03 INFO  : 'targets -set -filter {jtag_cable_name =~ "Digilent Zed 210248AA3C0E" && level==0} -index 1' command is executed.
18:42:05 INFO  : FPGA configured successfully with bitstream "D:/repos/Incercare2019/repo2018/ZedBoard-FMC-Pcam-Adapter-DEMO/proj/ZedBoard-FMC-Pcam-Adapter-DEMO.sdk/system_wrapper_hw_platform_0/system_wrapper.bit"
18:42:27 INFO  : 'targets -set -filter {jtag_cable_name =~ "Digilent Zed 210248AA3C0E" && level==0} -index 1' command is executed.
18:42:27 INFO  : 'fpga -state' command is executed.
18:42:27 INFO  : Connected to target on host '127.0.0.1' and port '3121'.
18:42:27 INFO  : Jtag cable 'Digilent Zed 210248AA3C0E' is selected.
18:42:27 INFO  : 'jtag frequency' command is executed.
18:42:27 INFO  : Sourcing of 'D:/repos/Incercare2019/repo2018/ZedBoard-FMC-Pcam-Adapter-DEMO/proj/ZedBoard-FMC-Pcam-Adapter-DEMO.sdk/system_wrapper_hw_platform_0/ps7_init.tcl' is done.
18:42:27 INFO  : Context for 'APU' is selected.
18:42:27 INFO  : Hardware design information is loaded from 'D:/repos/Incercare2019/repo2018/ZedBoard-FMC-Pcam-Adapter-DEMO/proj/ZedBoard-FMC-Pcam-Adapter-DEMO.sdk/system_wrapper_hw_platform_0/system.hdf'.
18:42:27 INFO  : 'configparams force-mem-access 1' command is executed.
18:42:28 INFO  : Context for 'APU' is selected.
18:42:28 INFO  : 'stop' command is executed.
18:42:28 INFO  : 'ps7_init' command is executed.
18:42:28 INFO  : 'ps7_post_config' command is executed.
18:42:28 INFO  : Context for processor 'ps7_cortexa9_0' is selected.
18:42:28 INFO  : Processor reset is completed for 'ps7_cortexa9_0'.
18:42:28 INFO  : Context for processor 'ps7_cortexa9_0' is selected.
18:42:30 INFO  : The application 'D:/repos/Incercare2019/repo2018/ZedBoard-FMC-Pcam-Adapter-DEMO/proj/ZedBoard-FMC-Pcam-Adapter-DEMO.sdk/ZedBoard_FMC_Pcam_Adapter_DEMO/Debug/ZedBoard_FMC_Pcam_Adapter_DEMO.elf' is downloaded to processor 'ps7_cortexa9_0'.
18:42:30 INFO  : 'configparams force-mem-access 0' command is executed.
18:42:30 INFO  : ----------------XSDB Script----------------
connect -url tcp:127.0.0.1:3121
source D:/repos/Incercare2019/repo2018/ZedBoard-FMC-Pcam-Adapter-DEMO/proj/ZedBoard-FMC-Pcam-Adapter-DEMO.sdk/system_wrapper_hw_platform_0/ps7_init.tcl
targets -set -nocase -filter {name =~"APU*" && jtag_cable_name =~ "Digilent Zed 210248AA3C0E"} -index 0
loadhw -hw D:/repos/Incercare2019/repo2018/ZedBoard-FMC-Pcam-Adapter-DEMO/proj/ZedBoard-FMC-Pcam-Adapter-DEMO.sdk/system_wrapper_hw_platform_0/system.hdf -mem-ranges [list {0x40000000 0xbfffffff}]
configparams force-mem-access 1
targets -set -nocase -filter {name =~"APU*" && jtag_cable_name =~ "Digilent Zed 210248AA3C0E"} -index 0
stop
ps7_init
ps7_post_config
targets -set -nocase -filter {name =~ "ARM*#0" && jtag_cable_name =~ "Digilent Zed 210248AA3C0E"} -index 0
rst -processor
targets -set -nocase -filter {name =~ "ARM*#0" && jtag_cable_name =~ "Digilent Zed 210248AA3C0E"} -index 0
dow D:/repos/Incercare2019/repo2018/ZedBoard-FMC-Pcam-Adapter-DEMO/proj/ZedBoard-FMC-Pcam-Adapter-DEMO.sdk/ZedBoard_FMC_Pcam_Adapter_DEMO/Debug/ZedBoard_FMC_Pcam_Adapter_DEMO.elf
configparams force-mem-access 0
----------------End of Script----------------

18:42:30 INFO  : Memory regions updated for context APU
18:42:30 INFO  : Context for processor 'ps7_cortexa9_0' is selected.
18:42:30 INFO  : 'con' command is executed.
18:42:30 INFO  : ----------------XSDB Script (After Launch)----------------
targets -set -nocase -filter {name =~ "ARM*#0" && jtag_cable_name =~ "Digilent Zed 210248AA3C0E"} -index 0
con
----------------End of Script----------------

18:42:30 INFO  : Launch script is exported to file 'D:\repos\Incercare2019\repo2018\ZedBoard-FMC-Pcam-Adapter-DEMO\proj\ZedBoard-FMC-Pcam-Adapter-DEMO.sdk\.sdk\launch_scripts\xilinx_c-c++_application_(system_debugger)\system_debugger_using_debug_zedboard_fmc_pcam_adapter_demo.elf_on_local.tcl'
18:43:02 INFO  : Disconnected from the channel tcfchan#1.
