
*** Running vivado
    with args -log system_mipi_csi2_rx_subsyst_0_0.vds -m64 -product Vivado -mode batch -messageDb vivado.pb -notrace -source system_mipi_csi2_rx_subsyst_0_0.tcl



****** Vivado v2020.1 (64-bit)
  **** SW Build 2902540 on Wed May 27 19:54:49 MDT 2020
  **** IP Build 2902112 on Wed May 27 22:43:36 MDT 2020
    ** Copyright 1986-2020 Xilinx, Inc. All Rights Reserved.

source system_mipi_csi2_rx_subsyst_0_0.tcl -notrace
INFO: [IP_Flow 19-234] Refreshing IP repositories
WARNING: [IP_Flow 19-2248] Failed to load user IP repository 'c:/Users/zfsalti/488/MP-2/MP2.xpr/MP2/MP2.runs/system_mipi_csi2_rx_subsyst_0_0_synth_1/CPRE488_dev/git/cpre490h/Labs/Demo2019UpgradedHDMI/ZedBoard-FMC-Pcam-Adapter-DEMO.ipdefs/repo_0'; Can't find the specified path.
If this directory should no longer be in your list of user repositories, go to the IP Settings dialog and remove it.
INFO: [IP_Flow 19-2313] Loaded Vivado IP repository 'C:/Xilinx/Vivado/2020.1/data/ip'.
Command: synth_design -top system_mipi_csi2_rx_subsyst_0_0 -part xc7z020clg484-1 -mode out_of_context
Starting synth_design
Attempting to get a license for feature 'Synthesis' and/or device 'xc7z020'
INFO: [Common 17-349] Got license for feature 'Synthesis' and/or device 'xc7z020'
INFO: [Device 21-403] Loading part xc7z020clg484-1
INFO: [Synth 8-7079] Multithreading enabled for synth_design using a maximum of 2 processes.
INFO: [Synth 8-7078] Launching helper process for spawning children vivado processes
INFO: [Synth 8-7075] Helper process launched with PID 19192
---------------------------------------------------------------------------------
Starting RTL Elaboration : Time (s): cpu = 00:00:02 ; elapsed = 00:00:02 . Memory (MB): peak = 1013.086 ; gain = 0.000
---------------------------------------------------------------------------------
INFO: [Synth 8-638] synthesizing module 'system_mipi_csi2_rx_subsyst_0_0' [c:/Users/zfsalti/488/MP-2/MP2.xpr/MP2/MP2.srcs/sources_1/bd/system/ip/system_mipi_csi2_rx_subsyst_0_0/synth/system_mipi_csi2_rx_subsyst_0_0.vhd:102]
INFO: [Synth 8-3491] module 'bd_22c6' declared at 'c:/Users/zfsalti/488/MP-2/MP2.xpr/MP2/MP2.srcs/sources_1/bd/system/ip/system_mipi_csi2_rx_subsyst_0_0/bd_0/synth/bd_22c6.vhd:11' bound to instance 'U0' of component 'bd_22c6' [c:/Users/zfsalti/488/MP-2/MP2.xpr/MP2/MP2.srcs/sources_1/bd/system/ip/system_mipi_csi2_rx_subsyst_0_0/synth/system_mipi_csi2_rx_subsyst_0_0.vhd:215]
INFO: [Synth 8-638] synthesizing module 'bd_22c6' [c:/Users/zfsalti/488/MP-2/MP2.xpr/MP2/MP2.srcs/sources_1/bd/system/ip/system_mipi_csi2_rx_subsyst_0_0/bd_0/synth/bd_22c6.vhd:61]
INFO: [Synth 8-3491] module 'bd_22c6_phy_0' declared at 'C:/Users/zfsalti/488/MP-2/MP2.xpr/MP2/MP2.runs/system_mipi_csi2_rx_subsyst_0_0_synth_1/.Xil/Vivado-15908-CO2041-03/realtime/bd_22c6_phy_0_stub.vhdl:5' bound to instance 'phy' of component 'bd_22c6_phy_0' [c:/Users/zfsalti/488/MP-2/MP2.xpr/MP2/MP2.srcs/sources_1/bd/system/ip/system_mipi_csi2_rx_subsyst_0_0/bd_0/synth/bd_22c6.vhd:528]
INFO: [Synth 8-638] synthesizing module 'bd_22c6_phy_0' [C:/Users/zfsalti/488/MP-2/MP2.xpr/MP2/MP2.runs/system_mipi_csi2_rx_subsyst_0_0_synth_1/.Xil/Vivado-15908-CO2041-03/realtime/bd_22c6_phy_0_stub.vhdl:86]
INFO: [Synth 8-3491] module 'bd_22c6_r_sync_0' declared at 'C:/Users/zfsalti/488/MP-2/MP2.xpr/MP2/MP2.runs/system_mipi_csi2_rx_subsyst_0_0_synth_1/.Xil/Vivado-15908-CO2041-03/realtime/bd_22c6_r_sync_0_stub.vhdl:5' bound to instance 'r_sync' of component 'bd_22c6_r_sync_0' [c:/Users/zfsalti/488/MP-2/MP2.xpr/MP2/MP2.srcs/sources_1/bd/system/ip/system_mipi_csi2_rx_subsyst_0_0/bd_0/synth/bd_22c6.vhd:606]
INFO: [Synth 8-638] synthesizing module 'bd_22c6_r_sync_0' [C:/Users/zfsalti/488/MP-2/MP2.xpr/MP2/MP2.runs/system_mipi_csi2_rx_subsyst_0_0_synth_1/.Xil/Vivado-15908-CO2041-03/realtime/bd_22c6_r_sync_0_stub.vhdl:21]
INFO: [Synth 8-3491] module 'bd_22c6_rx_0' declared at 'C:/Users/zfsalti/488/MP-2/MP2.xpr/MP2/MP2.runs/system_mipi_csi2_rx_subsyst_0_0_synth_1/.Xil/Vivado-15908-CO2041-03/realtime/bd_22c6_rx_0_stub.vhdl:5' bound to instance 'rx' of component 'bd_22c6_rx_0' [c:/Users/zfsalti/488/MP-2/MP2.xpr/MP2/MP2.srcs/sources_1/bd/system/ip/system_mipi_csi2_rx_subsyst_0_0/bd_0/synth/bd_22c6.vhd:619]
INFO: [Synth 8-638] synthesizing module 'bd_22c6_rx_0' [C:/Users/zfsalti/488/MP-2/MP2.xpr/MP2/MP2.runs/system_mipi_csi2_rx_subsyst_0_0_synth_1/.Xil/Vivado-15908-CO2041-03/realtime/bd_22c6_rx_0_stub.vhdl:75]
INFO: [Synth 8-3491] module 'bd_22c6_vfb_0_0' declared at 'C:/Users/zfsalti/488/MP-2/MP2.xpr/MP2/MP2.runs/system_mipi_csi2_rx_subsyst_0_0_synth_1/.Xil/Vivado-15908-CO2041-03/realtime/bd_22c6_vfb_0_0_stub.vhdl:5' bound to instance 'vfb_0' of component 'bd_22c6_vfb_0_0' [c:/Users/zfsalti/488/MP-2/MP2.xpr/MP2/MP2.srcs/sources_1/bd/system/ip/system_mipi_csi2_rx_subsyst_0_0/bd_0/synth/bd_22c6.vhd:686]
INFO: [Synth 8-638] synthesizing module 'bd_22c6_vfb_0_0' [C:/Users/zfsalti/488/MP-2/MP2.xpr/MP2/MP2.runs/system_mipi_csi2_rx_subsyst_0_0_synth_1/.Xil/Vivado-15908-CO2041-03/realtime/bd_22c6_vfb_0_0_stub.vhdl:35]
INFO: [Synth 8-3491] module 'bd_22c6_xbar_0' declared at 'C:/Users/zfsalti/488/MP-2/MP2.xpr/MP2/MP2.runs/system_mipi_csi2_rx_subsyst_0_0_synth_1/.Xil/Vivado-15908-CO2041-03/realtime/bd_22c6_xbar_0_stub.vhdl:5' bound to instance 'xbar' of component 'bd_22c6_xbar_0' [c:/Users/zfsalti/488/MP-2/MP2.xpr/MP2/MP2.srcs/sources_1/bd/system/ip/system_mipi_csi2_rx_subsyst_0_0/bd_0/synth/bd_22c6.vhd:713]
INFO: [Synth 8-638] synthesizing module 'bd_22c6_xbar_0' [C:/Users/zfsalti/488/MP-2/MP2.xpr/MP2/MP2.runs/system_mipi_csi2_rx_subsyst_0_0_synth_1/.Xil/Vivado-15908-CO2041-03/realtime/bd_22c6_xbar_0_stub.vhdl:51]
INFO: [Synth 8-256] done synthesizing module 'bd_22c6' (1#1) [c:/Users/zfsalti/488/MP-2/MP2.xpr/MP2/MP2.srcs/sources_1/bd/system/ip/system_mipi_csi2_rx_subsyst_0_0/bd_0/synth/bd_22c6.vhd:61]
INFO: [Synth 8-256] done synthesizing module 'system_mipi_csi2_rx_subsyst_0_0' (2#1) [c:/Users/zfsalti/488/MP-2/MP2.xpr/MP2/MP2.srcs/sources_1/bd/system/ip/system_mipi_csi2_rx_subsyst_0_0/synth/system_mipi_csi2_rx_subsyst_0_0.vhd:102]
---------------------------------------------------------------------------------
Finished RTL Elaboration : Time (s): cpu = 00:00:02 ; elapsed = 00:00:02 . Memory (MB): peak = 1013.086 ; gain = 0.000
---------------------------------------------------------------------------------
---------------------------------------------------------------------------------
Start Handling Custom Attributes
---------------------------------------------------------------------------------
---------------------------------------------------------------------------------
Finished Handling Custom Attributes : Time (s): cpu = 00:00:03 ; elapsed = 00:00:03 . Memory (MB): peak = 1013.086 ; gain = 0.000
---------------------------------------------------------------------------------
---------------------------------------------------------------------------------
Finished RTL Optimization Phase 1 : Time (s): cpu = 00:00:03 ; elapsed = 00:00:03 . Memory (MB): peak = 1013.086 ; gain = 0.000
---------------------------------------------------------------------------------
Netlist sorting complete. Time (s): cpu = 00:00:00 ; elapsed = 00:00:00.002 . Memory (MB): peak = 1013.086 ; gain = 0.000
INFO: [Project 1-570] Preparing netlist for logic optimization

Processing XDC Constraints
Initializing timing engine
Parsing XDC File [c:/Users/zfsalti/488/MP-2/MP2.xpr/MP2/MP2.srcs/sources_1/bd/system/ip/system_mipi_csi2_rx_subsyst_0_0/bd_0/ip/ip_0/bd_22c6_xbar_0/bd_22c6_xbar_0_in_context.xdc] for cell 'U0/xbar'
Finished Parsing XDC File [c:/Users/zfsalti/488/MP-2/MP2.xpr/MP2/MP2.srcs/sources_1/bd/system/ip/system_mipi_csi2_rx_subsyst_0_0/bd_0/ip/ip_0/bd_22c6_xbar_0/bd_22c6_xbar_0_in_context.xdc] for cell 'U0/xbar'
Parsing XDC File [c:/Users/zfsalti/488/MP-2/MP2.xpr/MP2/MP2.srcs/sources_1/bd/system/ip/system_mipi_csi2_rx_subsyst_0_0/bd_0/ip/ip_1/bd_22c6_r_sync_0/bd_22c6_r_sync_0_in_context.xdc] for cell 'U0/r_sync'
Finished Parsing XDC File [c:/Users/zfsalti/488/MP-2/MP2.xpr/MP2/MP2.srcs/sources_1/bd/system/ip/system_mipi_csi2_rx_subsyst_0_0/bd_0/ip/ip_1/bd_22c6_r_sync_0/bd_22c6_r_sync_0_in_context.xdc] for cell 'U0/r_sync'
Parsing XDC File [c:/Users/zfsalti/488/MP-2/MP2.xpr/MP2/MP2.srcs/sources_1/bd/system/ip/system_mipi_csi2_rx_subsyst_0_0/bd_0/ip/ip_2/bd_22c6_rx_0/bd_22c6_rx_0_in_context.xdc] for cell 'U0/rx'
Finished Parsing XDC File [c:/Users/zfsalti/488/MP-2/MP2.xpr/MP2/MP2.srcs/sources_1/bd/system/ip/system_mipi_csi2_rx_subsyst_0_0/bd_0/ip/ip_2/bd_22c6_rx_0/bd_22c6_rx_0_in_context.xdc] for cell 'U0/rx'
Parsing XDC File [c:/Users/zfsalti/488/MP-2/MP2.xpr/MP2/MP2.srcs/sources_1/bd/system/ip/system_mipi_csi2_rx_subsyst_0_0/bd_0/ip/ip_3/bd_22c6_phy_0/bd_22c6_phy_0_in_context.xdc] for cell 'U0/phy'
WARNING: [Vivado 12-584] No ports matched ''. [c:/Users/zfsalti/488/MP-2/MP2.xpr/MP2/MP2.srcs/sources_1/bd/system/ip/system_mipi_csi2_rx_subsyst_0_0/bd_0/ip/ip_3/bd_22c6_phy_0/bd_22c6_phy_0_in_context.xdc:2]
WARNING: [Vivado 12-584] No ports matched ''. [c:/Users/zfsalti/488/MP-2/MP2.xpr/MP2/MP2.srcs/sources_1/bd/system/ip/system_mipi_csi2_rx_subsyst_0_0/bd_0/ip/ip_3/bd_22c6_phy_0/bd_22c6_phy_0_in_context.xdc:3]
Finished Parsing XDC File [c:/Users/zfsalti/488/MP-2/MP2.xpr/MP2/MP2.srcs/sources_1/bd/system/ip/system_mipi_csi2_rx_subsyst_0_0/bd_0/ip/ip_3/bd_22c6_phy_0/bd_22c6_phy_0_in_context.xdc] for cell 'U0/phy'
Parsing XDC File [c:/Users/zfsalti/488/MP-2/MP2.xpr/MP2/MP2.srcs/sources_1/bd/system/ip/system_mipi_csi2_rx_subsyst_0_0/bd_0/ip/ip_4/bd_22c6_vfb_0_0/bd_22c6_vfb_0_0_in_context.xdc] for cell 'U0/vfb_0'
Finished Parsing XDC File [c:/Users/zfsalti/488/MP-2/MP2.xpr/MP2/MP2.srcs/sources_1/bd/system/ip/system_mipi_csi2_rx_subsyst_0_0/bd_0/ip/ip_4/bd_22c6_vfb_0_0/bd_22c6_vfb_0_0_in_context.xdc] for cell 'U0/vfb_0'
Parsing XDC File [c:/Users/zfsalti/488/MP-2/MP2.xpr/MP2/MP2.srcs/sources_1/bd/system/ip/system_mipi_csi2_rx_subsyst_0_0/system_mipi_csi2_rx_subsyst_0_0_fixed_ooc.xdc] for cell 'U0'
Finished Parsing XDC File [c:/Users/zfsalti/488/MP-2/MP2.xpr/MP2/MP2.srcs/sources_1/bd/system/ip/system_mipi_csi2_rx_subsyst_0_0/system_mipi_csi2_rx_subsyst_0_0_fixed_ooc.xdc] for cell 'U0'
Parsing XDC File [C:/Users/zfsalti/488/MP-2/MP2.xpr/MP2/MP2.runs/system_mipi_csi2_rx_subsyst_0_0_synth_1/dont_touch.xdc]
Finished Parsing XDC File [C:/Users/zfsalti/488/MP-2/MP2.xpr/MP2/MP2.runs/system_mipi_csi2_rx_subsyst_0_0_synth_1/dont_touch.xdc]
Completed Processing XDC Constraints

Netlist sorting complete. Time (s): cpu = 00:00:00 ; elapsed = 00:00:00 . Memory (MB): peak = 1013.086 ; gain = 0.000
INFO: [Project 1-111] Unisim Transformation Summary:
No Unisim elements were transformed.

Constraint Validation Runtime : Time (s): cpu = 00:00:00 ; elapsed = 00:00:00.022 . Memory (MB): peak = 1013.086 ; gain = 0.000
---------------------------------------------------------------------------------
Finished Constraint Validation : Time (s): cpu = 00:00:05 ; elapsed = 00:00:05 . Memory (MB): peak = 1013.086 ; gain = 0.000
---------------------------------------------------------------------------------
---------------------------------------------------------------------------------
Start Loading Part and Timing Information
---------------------------------------------------------------------------------
Loading part: xc7z020clg484-1
---------------------------------------------------------------------------------
Finished Loading Part and Timing Information : Time (s): cpu = 00:00:05 ; elapsed = 00:00:05 . Memory (MB): peak = 1013.086 ; gain = 0.000
---------------------------------------------------------------------------------
---------------------------------------------------------------------------------
Start Applying 'set_property' XDC Constraints
---------------------------------------------------------------------------------
Applied set_property IO_BUFFER_TYPE = NONE for mipi_phy_if_clk_hs_n. (constraint file  c:/Users/zfsalti/488/MP-2/MP2.xpr/MP2/MP2.srcs/sources_1/bd/system/ip/system_mipi_csi2_rx_subsyst_0_0/bd_0/ip/ip_3/bd_22c6_phy_0/bd_22c6_phy_0_in_context.xdc, line 5).
Applied set_property CLOCK_BUFFER_TYPE = NONE for mipi_phy_if_clk_hs_n. (constraint file  c:/Users/zfsalti/488/MP-2/MP2.xpr/MP2/MP2.srcs/sources_1/bd/system/ip/system_mipi_csi2_rx_subsyst_0_0/bd_0/ip/ip_3/bd_22c6_phy_0/bd_22c6_phy_0_in_context.xdc, line 6).
Applied set_property IO_BUFFER_TYPE = NONE for mipi_phy_if_clk_hs_p. (constraint file  c:/Users/zfsalti/488/MP-2/MP2.xpr/MP2/MP2.srcs/sources_1/bd/system/ip/system_mipi_csi2_rx_subsyst_0_0/bd_0/ip/ip_3/bd_22c6_phy_0/bd_22c6_phy_0_in_context.xdc, line 7).
Applied set_property CLOCK_BUFFER_TYPE = NONE for mipi_phy_if_clk_hs_p. (constraint file  c:/Users/zfsalti/488/MP-2/MP2.xpr/MP2/MP2.srcs/sources_1/bd/system/ip/system_mipi_csi2_rx_subsyst_0_0/bd_0/ip/ip_3/bd_22c6_phy_0/bd_22c6_phy_0_in_context.xdc, line 8).
Applied set_property IO_BUFFER_TYPE = NONE for mipi_phy_if_data_hs_n[0]. (constraint file  c:/Users/zfsalti/488/MP-2/MP2.xpr/MP2/MP2.srcs/sources_1/bd/system/ip/system_mipi_csi2_rx_subsyst_0_0/bd_0/ip/ip_3/bd_22c6_phy_0/bd_22c6_phy_0_in_context.xdc, line 9).
Applied set_property CLOCK_BUFFER_TYPE = NONE for mipi_phy_if_data_hs_n[0]. (constraint file  c:/Users/zfsalti/488/MP-2/MP2.xpr/MP2/MP2.srcs/sources_1/bd/system/ip/system_mipi_csi2_rx_subsyst_0_0/bd_0/ip/ip_3/bd_22c6_phy_0/bd_22c6_phy_0_in_context.xdc, line 10).
Applied set_property IO_BUFFER_TYPE = NONE for mipi_phy_if_data_hs_n[1]. (constraint file  c:/Users/zfsalti/488/MP-2/MP2.xpr/MP2/MP2.srcs/sources_1/bd/system/ip/system_mipi_csi2_rx_subsyst_0_0/bd_0/ip/ip_3/bd_22c6_phy_0/bd_22c6_phy_0_in_context.xdc, line 11).
Applied set_property CLOCK_BUFFER_TYPE = NONE for mipi_phy_if_data_hs_n[1]. (constraint file  c:/Users/zfsalti/488/MP-2/MP2.xpr/MP2/MP2.srcs/sources_1/bd/system/ip/system_mipi_csi2_rx_subsyst_0_0/bd_0/ip/ip_3/bd_22c6_phy_0/bd_22c6_phy_0_in_context.xdc, line 12).
Applied set_property IO_BUFFER_TYPE = NONE for mipi_phy_if_data_hs_p[0]. (constraint file  c:/Users/zfsalti/488/MP-2/MP2.xpr/MP2/MP2.srcs/sources_1/bd/system/ip/system_mipi_csi2_rx_subsyst_0_0/bd_0/ip/ip_3/bd_22c6_phy_0/bd_22c6_phy_0_in_context.xdc, line 13).
Applied set_property CLOCK_BUFFER_TYPE = NONE for mipi_phy_if_data_hs_p[0]. (constraint file  c:/Users/zfsalti/488/MP-2/MP2.xpr/MP2/MP2.srcs/sources_1/bd/system/ip/system_mipi_csi2_rx_subsyst_0_0/bd_0/ip/ip_3/bd_22c6_phy_0/bd_22c6_phy_0_in_context.xdc, line 14).
Applied set_property IO_BUFFER_TYPE = NONE for mipi_phy_if_data_hs_p[1]. (constraint file  c:/Users/zfsalti/488/MP-2/MP2.xpr/MP2/MP2.srcs/sources_1/bd/system/ip/system_mipi_csi2_rx_subsyst_0_0/bd_0/ip/ip_3/bd_22c6_phy_0/bd_22c6_phy_0_in_context.xdc, line 15).
Applied set_property CLOCK_BUFFER_TYPE = NONE for mipi_phy_if_data_hs_p[1]. (constraint file  c:/Users/zfsalti/488/MP-2/MP2.xpr/MP2/MP2.srcs/sources_1/bd/system/ip/system_mipi_csi2_rx_subsyst_0_0/bd_0/ip/ip_3/bd_22c6_phy_0/bd_22c6_phy_0_in_context.xdc, line 16).
Applied set_property DONT_TOUCH = true for U0. (constraint file  auto generated constraint, line ).
Applied set_property DONT_TOUCH = true for U0/xbar. (constraint file  auto generated constraint, line ).
Applied set_property DONT_TOUCH = true for U0/r_sync. (constraint file  auto generated constraint, line ).
Applied set_property DONT_TOUCH = true for U0/rx. (constraint file  auto generated constraint, line ).
Applied set_property DONT_TOUCH = true for U0/phy. (constraint file  auto generated constraint, line ).
Applied set_property DONT_TOUCH = true for U0/vfb_0. (constraint file  auto generated constraint, line ).
---------------------------------------------------------------------------------
Finished applying 'set_property' XDC Constraints : Time (s): cpu = 00:00:05 ; elapsed = 00:00:05 . Memory (MB): peak = 1013.086 ; gain = 0.000
---------------------------------------------------------------------------------
---------------------------------------------------------------------------------
Finished RTL Optimization Phase 2 : Time (s): cpu = 00:00:05 ; elapsed = 00:00:05 . Memory (MB): peak = 1013.086 ; gain = 0.000
---------------------------------------------------------------------------------
---------------------------------------------------------------------------------
Start RTL Component Statistics 
---------------------------------------------------------------------------------
Detailed RTL Component Info : 
---------------------------------------------------------------------------------
Finished RTL Component Statistics 
---------------------------------------------------------------------------------
---------------------------------------------------------------------------------
Start Part Resource Summary
---------------------------------------------------------------------------------
Part Resources:
DSPs: 220 (col length:60)
BRAMs: 280 (col length: RAMB18 60 RAMB36 30)
---------------------------------------------------------------------------------
Finished Part Resource Summary
---------------------------------------------------------------------------------
---------------------------------------------------------------------------------
Start Cross Boundary and Area Optimization
---------------------------------------------------------------------------------
---------------------------------------------------------------------------------
Finished Cross Boundary and Area Optimization : Time (s): cpu = 00:00:06 ; elapsed = 00:00:06 . Memory (MB): peak = 1013.086 ; gain = 0.000
---------------------------------------------------------------------------------
---------------------------------------------------------------------------------
Start Applying XDC Timing Constraints
---------------------------------------------------------------------------------
---------------------------------------------------------------------------------
Finished Applying XDC Timing Constraints : Time (s): cpu = 00:00:09 ; elapsed = 00:00:09 . Memory (MB): peak = 1013.086 ; gain = 0.000
---------------------------------------------------------------------------------
---------------------------------------------------------------------------------
Start Timing Optimization
---------------------------------------------------------------------------------
---------------------------------------------------------------------------------
Finished Timing Optimization : Time (s): cpu = 00:00:09 ; elapsed = 00:00:09 . Memory (MB): peak = 1013.086 ; gain = 0.000
---------------------------------------------------------------------------------
---------------------------------------------------------------------------------
Start Technology Mapping
---------------------------------------------------------------------------------
---------------------------------------------------------------------------------
Finished Technology Mapping : Time (s): cpu = 00:00:09 ; elapsed = 00:00:09 . Memory (MB): peak = 1019.289 ; gain = 6.203
---------------------------------------------------------------------------------
---------------------------------------------------------------------------------
Start IO Insertion
---------------------------------------------------------------------------------
---------------------------------------------------------------------------------
Start Flattening Before IO Insertion
---------------------------------------------------------------------------------
---------------------------------------------------------------------------------
Finished Flattening Before IO Insertion
---------------------------------------------------------------------------------
---------------------------------------------------------------------------------
Start Final Netlist Cleanup
---------------------------------------------------------------------------------
---------------------------------------------------------------------------------
Finished Final Netlist Cleanup
---------------------------------------------------------------------------------
---------------------------------------------------------------------------------
Finished IO Insertion : Time (s): cpu = 00:00:10 ; elapsed = 00:00:11 . Memory (MB): peak = 1025.109 ; gain = 12.023
---------------------------------------------------------------------------------
---------------------------------------------------------------------------------
Start Renaming Generated Instances
---------------------------------------------------------------------------------
---------------------------------------------------------------------------------
Finished Renaming Generated Instances : Time (s): cpu = 00:00:10 ; elapsed = 00:00:11 . Memory (MB): peak = 1025.109 ; gain = 12.023
---------------------------------------------------------------------------------
---------------------------------------------------------------------------------
Start Rebuilding User Hierarchy
---------------------------------------------------------------------------------
---------------------------------------------------------------------------------
Finished Rebuilding User Hierarchy : Time (s): cpu = 00:00:10 ; elapsed = 00:00:11 . Memory (MB): peak = 1025.109 ; gain = 12.023
---------------------------------------------------------------------------------
---------------------------------------------------------------------------------
Start Renaming Generated Ports
---------------------------------------------------------------------------------
---------------------------------------------------------------------------------
Finished Renaming Generated Ports : Time (s): cpu = 00:00:10 ; elapsed = 00:00:11 . Memory (MB): peak = 1025.109 ; gain = 12.023
---------------------------------------------------------------------------------
---------------------------------------------------------------------------------
Start Handling Custom Attributes
---------------------------------------------------------------------------------
---------------------------------------------------------------------------------
Finished Handling Custom Attributes : Time (s): cpu = 00:00:10 ; elapsed = 00:00:11 . Memory (MB): peak = 1025.109 ; gain = 12.023
---------------------------------------------------------------------------------
---------------------------------------------------------------------------------
Start Renaming Generated Nets
---------------------------------------------------------------------------------
---------------------------------------------------------------------------------
Finished Renaming Generated Nets : Time (s): cpu = 00:00:10 ; elapsed = 00:00:11 . Memory (MB): peak = 1025.109 ; gain = 12.023
---------------------------------------------------------------------------------
---------------------------------------------------------------------------------
Start Writing Synthesis Report
---------------------------------------------------------------------------------

Report BlackBoxes: 
+------+-----------------+----------+
|      |BlackBox name    |Instances |
+------+-----------------+----------+
|1     |bd_22c6_phy_0    |         1|
|2     |bd_22c6_r_sync_0 |         1|
|3     |bd_22c6_rx_0     |         1|
|4     |bd_22c6_vfb_0_0  |         1|
|5     |bd_22c6_xbar_0   |         1|
+------+-----------------+----------+

Report Cell Usage: 
+------+----------------------+------+
|      |Cell                  |Count |
+------+----------------------+------+
|1     |bd_22c6_phy_0_bbox    |     1|
|2     |bd_22c6_r_sync_0_bbox |     1|
|3     |bd_22c6_rx_0_bbox     |     1|
|4     |bd_22c6_vfb_0_0_bbox  |     1|
|5     |bd_22c6_xbar_0_bbox   |     1|
+------+----------------------+------+
---------------------------------------------------------------------------------
Finished Writing Synthesis Report : Time (s): cpu = 00:00:10 ; elapsed = 00:00:11 . Memory (MB): peak = 1025.109 ; gain = 12.023
---------------------------------------------------------------------------------
Synthesis finished with 0 errors, 0 critical warnings and 0 warnings.
Synthesis Optimization Runtime : Time (s): cpu = 00:00:06 ; elapsed = 00:00:10 . Memory (MB): peak = 1025.109 ; gain = 12.023
Synthesis Optimization Complete : Time (s): cpu = 00:00:10 ; elapsed = 00:00:11 . Memory (MB): peak = 1025.109 ; gain = 12.023
INFO: [Project 1-571] Translating synthesized netlist
Netlist sorting complete. Time (s): cpu = 00:00:00 ; elapsed = 00:00:00.003 . Memory (MB): peak = 1025.109 ; gain = 0.000
INFO: [Project 1-570] Preparing netlist for logic optimization
INFO: [Opt 31-138] Pushed 0 inverter(s) to 0 load pin(s).
Netlist sorting complete. Time (s): cpu = 00:00:00 ; elapsed = 00:00:00 . Memory (MB): peak = 1047.328 ; gain = 0.000
INFO: [Project 1-111] Unisim Transformation Summary:
No Unisim elements were transformed.

INFO: [Common 17-83] Releasing license: Synthesis
29 Infos, 3 Warnings, 0 Critical Warnings and 0 Errors encountered.
synth_design completed successfully
synth_design: Time (s): cpu = 00:00:13 ; elapsed = 00:00:14 . Memory (MB): peak = 1051.332 ; gain = 38.246
INFO: [Common 17-1381] The checkpoint 'C:/Users/zfsalti/488/MP-2/MP2.xpr/MP2/MP2.runs/system_mipi_csi2_rx_subsyst_0_0_synth_1/system_mipi_csi2_rx_subsyst_0_0.dcp' has been generated.
WARNING: [Common 17-576] 'use_project_ipc' is deprecated. This option is deprecated and no longer used.
INFO: [Coretcl 2-1648] Added synthesis output to IP cache for IP system_mipi_csi2_rx_subsyst_0_0, cache-ID = e0d1c4c2c57ee70e
INFO: [Coretcl 2-1174] Renamed 6 cell refs.
INFO: [Common 17-1381] The checkpoint 'C:/Users/zfsalti/488/MP-2/MP2.xpr/MP2/MP2.runs/system_mipi_csi2_rx_subsyst_0_0_synth_1/system_mipi_csi2_rx_subsyst_0_0.dcp' has been generated.
INFO: [runtcl-4] Executing : report_utilization -file system_mipi_csi2_rx_subsyst_0_0_utilization_synth.rpt -pb system_mipi_csi2_rx_subsyst_0_0_utilization_synth.pb
INFO: [Common 17-206] Exiting Vivado at Fri Feb 27 10:33:42 2026...
