
****** Vivado(TM) HLS - High-Level Synthesis from C, C++ and SystemC v2020.1 (64-bit)
  **** SW Build 2902540 on Wed May 27 19:54:49 MDT 2020
  **** IP Build 2902112 on Wed May 27 22:43:36 MDT 2020
    ** Copyright 1986-2020 Xilinx, Inc. All Rights Reserved.

source C:/Xilinx/Vivado/2020.1/scripts/vivado_hls/hls.tcl -notrace
INFO: Applying HLS Y2K22 patch v1.2 for IP revision
INFO: [HLS 200-10] Running 'C:/Xilinx/Vivado/2020.1/bin/unwrapped/win64.o/vivado_hls.exe'
INFO: [HLS 200-10] For user 'zfsalti' on host 'co2041-13' (Windows NT_amd64 version 6.2) on Sun Mar 08 18:05:02 -0500 2026
INFO: [HLS 200-10] In directory 'C:/Users/zfsalti/488/MP-2/MP2.xpr/MP2/MP2.runs/system_v_demosaic_0_0_synth_1'
Sourcing Tcl script 'C:/Users/zfsalti/488/MP-2/MP2.xpr/MP2/MP2.runs/system_v_demosaic_0_0_synth_1/runhls.tcl'
INFO: [HLS 200-10] Creating and opening project 'C:/Users/zfsalti/488/MP-2/MP2.xpr/MP2/MP2.runs/system_v_demosaic_0_0_synth_1/system_v_demosaic_0_0'.
INFO: [HLS 200-10] Adding design file 'c:/Users/zfsalti/488/MP-2/MP2.xpr/MP2/MP2.srcs/sources_1/bd/system/ip/system_v_demosaic_0_0/src/v_demosaic_config.h' to the project
INFO: [HLS 200-10] Adding design file 'c:/Users/zfsalti/488/MP-2/MP2.xpr/MP2/MP2.srcs/sources_1/bd/system/ip/system_v_demosaic_0_0/src/v_demosaic.cpp' to the project
INFO: [HLS 200-10] Adding design file 'c:/Users/zfsalti/488/MP-2/MP2.xpr/MP2/MP2.srcs/sources_1/bd/system/ip/system_v_demosaic_0_0/src/v_demosaic.h' to the project
INFO: [HLS 200-10] Adding design file 'c:/Users/zfsalti/488/MP-2/MP2.xpr/MP2/MP2.srcs/sources_1/bd/system/ip/system_v_demosaic_0_0/src/hls_video.h' to the project
INFO: [HLS 200-10] Adding design file 'c:/Users/zfsalti/488/MP-2/MP2.xpr/MP2/MP2.srcs/sources_1/bd/system/ip/system_v_demosaic_0_0/src/hls_opencv.h' to the project
INFO: [HLS 200-10] Adding design file 'c:/Users/zfsalti/488/MP-2/MP2.xpr/MP2/MP2.srcs/sources_1/bd/system/ip/system_v_demosaic_0_0/src/hls/hls_axi_io.h' to the project
INFO: [HLS 200-10] Adding design file 'c:/Users/zfsalti/488/MP-2/MP2.xpr/MP2/MP2.srcs/sources_1/bd/system/ip/system_v_demosaic_0_0/src/hls/hls_video_arithm.h' to the project
INFO: [HLS 200-10] Adding design file 'c:/Users/zfsalti/488/MP-2/MP2.xpr/MP2/MP2.srcs/sources_1/bd/system/ip/system_v_demosaic_0_0/src/hls/hls_video_core.h' to the project
INFO: [HLS 200-10] Adding design file 'c:/Users/zfsalti/488/MP-2/MP2.xpr/MP2/MP2.srcs/sources_1/bd/system/ip/system_v_demosaic_0_0/src/hls/hls_video_fast.h' to the project
INFO: [HLS 200-10] Adding design file 'c:/Users/zfsalti/488/MP-2/MP2.xpr/MP2/MP2.srcs/sources_1/bd/system/ip/system_v_demosaic_0_0/src/hls/hls_video_haar.h' to the project
INFO: [HLS 200-10] Adding design file 'c:/Users/zfsalti/488/MP-2/MP2.xpr/MP2/MP2.srcs/sources_1/bd/system/ip/system_v_demosaic_0_0/src/hls/hls_video_harris.h' to the project
INFO: [HLS 200-10] Adding design file 'c:/Users/zfsalti/488/MP-2/MP2.xpr/MP2/MP2.srcs/sources_1/bd/system/ip/system_v_demosaic_0_0/src/hls/hls_video_histogram.h' to the project
INFO: [HLS 200-10] Adding design file 'c:/Users/zfsalti/488/MP-2/MP2.xpr/MP2/MP2.srcs/sources_1/bd/system/ip/system_v_demosaic_0_0/src/hls/hls_video_hough.h' to the project
INFO: [HLS 200-10] Adding design file 'c:/Users/zfsalti/488/MP-2/MP2.xpr/MP2/MP2.srcs/sources_1/bd/system/ip/system_v_demosaic_0_0/src/hls/hls_video_imgbase.h' to the project
INFO: [HLS 200-10] Adding design file 'c:/Users/zfsalti/488/MP-2/MP2.xpr/MP2/MP2.srcs/sources_1/bd/system/ip/system_v_demosaic_0_0/src/hls/hls_video_imgproc.h' to the project
INFO: [HLS 200-10] Adding design file 'c:/Users/zfsalti/488/MP-2/MP2.xpr/MP2/MP2.srcs/sources_1/bd/system/ip/system_v_demosaic_0_0/src/hls/hls_video_io.h' to the project
INFO: [HLS 200-10] Adding design file 'c:/Users/zfsalti/488/MP-2/MP2.xpr/MP2/MP2.srcs/sources_1/bd/system/ip/system_v_demosaic_0_0/src/hls/hls_video_mem.h' to the project
INFO: [HLS 200-10] Adding design file 'c:/Users/zfsalti/488/MP-2/MP2.xpr/MP2/MP2.srcs/sources_1/bd/system/ip/system_v_demosaic_0_0/src/hls/hls_video_stereobm.h' to the project
INFO: [HLS 200-10] Adding design file 'c:/Users/zfsalti/488/MP-2/MP2.xpr/MP2/MP2.srcs/sources_1/bd/system/ip/system_v_demosaic_0_0/src/hls/hls_video_types.h' to the project
INFO: [HLS 200-10] Adding design file 'c:/Users/zfsalti/488/MP-2/MP2.xpr/MP2/MP2.srcs/sources_1/bd/system/ip/system_v_demosaic_0_0/src/hls/hls_video_undistort.h' to the project
INFO: [HLS 200-10] Creating and opening solution 'C:/Users/zfsalti/488/MP-2/MP2.xpr/MP2/MP2.runs/system_v_demosaic_0_0_synth_1/system_v_demosaic_0_0/prj'.
INFO: [HLS 200-10] Setting target device to 'xc7z020-clg484-1'
INFO: [SYN 201-201] Setting up clock 'ap_clk' with a period of 6.667ns.
INFO: [SCHED 204-61] Option 'relax_ii_for_timing' is enabled, will increase II to preserve clock frequency constraints.
INFO: [HLS 200-10] Analyzing design file 'c:/Users/zfsalti/488/MP-2/MP2.xpr/MP2/MP2.srcs/sources_1/bd/system/ip/system_v_demosaic_0_0/src/v_demosaic.cpp' ... 
INFO: [HLS 200-111] Finished Linking Time (s): cpu = 00:00:02 ; elapsed = 00:00:21 . Memory (MB): peak = 887.023 ; gain = 796.867
INFO: [HLS 200-111] Finished Checking Pragmas Time (s): cpu = 00:00:02 ; elapsed = 00:00:21 . Memory (MB): peak = 887.023 ; gain = 796.867
INFO: [HLS 200-10] Starting code transformations ...
INFO: [XFORM 203-603] Inlining function 'hls::AXIGetBitFields<8, ap_uint<8> >.1' into 'hls::AXIGetBitFields<8, ap_uint<8> >' (c:/Users/zfsalti/488/MP-2/MP2.xpr/MP2/MP2.srcs/sources_1/bd/system/ip/system_v_demosaic_0_0/src/hls/hls_axi_io.h:71).
INFO: [XFORM 203-603] Inlining function 'hls::AXIGetBitFields<8, ap_uint<8> >' into 'AXIvideo2MultiBayer' (c:/Users/zfsalti/488/MP-2/MP2.xpr/MP2/MP2.srcs/sources_1/bd/system/ip/system_v_demosaic_0_0/src/v_demosaic.cpp:165).
INFO: [XFORM 203-603] Inlining function 'hls::LineBuffer<5, 3841, ap_uint<8>, 0>::getval' into 'DebayerG' (c:/Users/zfsalti/488/MP-2/MP2.xpr/MP2/MP2.srcs/sources_1/bd/system/ip/system_v_demosaic_0_0/src/v_demosaic.cpp:332).
INFO: [XFORM 203-603] Inlining function 'hls::LineBuffer<5, 3841, ap_uint<8>, 0>::insert_top_row' into 'hls::LineBuffer<5, 3841, ap_uint<8>, 0>::insert_bottom' (c:/Users/zfsalti/488/MP-2/MP2.xpr/MP2/MP2.srcs/sources_1/bd/system/ip/system_v_demosaic_0_0/src/hls/hls_video_mem.h:873).
INFO: [XFORM 203-603] Inlining function 'hls::LineBuffer<5, 3841, ap_uint<8>, 0>::insert_bottom' into 'DebayerG' (c:/Users/zfsalti/488/MP-2/MP2.xpr/MP2/MP2.srcs/sources_1/bd/system/ip/system_v_demosaic_0_0/src/v_demosaic.cpp:353).
INFO: [XFORM 203-603] Inlining function 'hls::Window<5, 5, ap_uint<8> >::insert_pixel' into 'hls::Window<5, 5, ap_uint<8> >::insert' (c:/Users/zfsalti/488/MP-2/MP2.xpr/MP2/MP2.srcs/sources_1/bd/system/ip/system_v_demosaic_0_0/src/hls/hls_video_mem.h:573).
INFO: [XFORM 203-603] Inlining function 'hls::Window<5, 5, ap_uint<8> >::insert' into 'DebayerG' (c:/Users/zfsalti/488/MP-2/MP2.xpr/MP2/MP2.srcs/sources_1/bd/system/ip/system_v_demosaic_0_0/src/v_demosaic.cpp:419).
INFO: [XFORM 203-603] Inlining function 'hls::Window<5, 5, ap_uint<8> >::insert' into 'DebayerG' (c:/Users/zfsalti/488/MP-2/MP2.xpr/MP2/MP2.srcs/sources_1/bd/system/ip/system_v_demosaic_0_0/src/v_demosaic.cpp:392).
INFO: [XFORM 203-603] Inlining function 'hls::Window<5, 5, ap_uint<8> >::insert' into 'DebayerG' (c:/Users/zfsalti/488/MP-2/MP2.xpr/MP2/MP2.srcs/sources_1/bd/system/ip/system_v_demosaic_0_0/src/v_demosaic.cpp:382).
INFO: [XFORM 203-603] Inlining function 'hls::Window<5, 5, ap_uint<8> >::getval' into 'hls::Window<5, 5, ap_uint<8> >::operator()' (c:/Users/zfsalti/488/MP-2/MP2.xpr/MP2/MP2.srcs/sources_1/bd/system/ip/system_v_demosaic_0_0/src/hls/hls_video_mem.h:501).
INFO: [XFORM 203-603] Inlining function 'hls::Window<5, 5, ap_uint<8> >::getval' into 'DebayerG' (c:/Users/zfsalti/488/MP-2/MP2.xpr/MP2/MP2.srcs/sources_1/bd/system/ip/system_v_demosaic_0_0/src/v_demosaic.cpp:517).
INFO: [XFORM 203-603] Inlining function 'hls::Window<5, 5, ap_uint<8> >::operator()' into 'DebayerG' (c:/Users/zfsalti/488/MP-2/MP2.xpr/MP2/MP2.srcs/sources_1/bd/system/ip/system_v_demosaic_0_0/src/v_demosaic.cpp:572).
INFO: [XFORM 203-603] Inlining function 'hls::Window<5, 5, ap_uint<8> >::operator()' into 'DebayerG' (c:/Users/zfsalti/488/MP-2/MP2.xpr/MP2/MP2.srcs/sources_1/bd/system/ip/system_v_demosaic_0_0/src/v_demosaic.cpp:571).
INFO: [XFORM 203-603] Inlining function 'hls::Window<5, 5, ap_uint<8> >::operator()' into 'DebayerG' (c:/Users/zfsalti/488/MP-2/MP2.xpr/MP2/MP2.srcs/sources_1/bd/system/ip/system_v_demosaic_0_0/src/v_demosaic.cpp:570).
INFO: [XFORM 203-603] Inlining function 'hls::Window<5, 5, ap_uint<8> >::operator()' into 'DebayerG' (c:/Users/zfsalti/488/MP-2/MP2.xpr/MP2/MP2.srcs/sources_1/bd/system/ip/system_v_demosaic_0_0/src/v_demosaic.cpp:553).
INFO: [XFORM 203-603] Inlining function 'hls::Window<5, 5, ap_uint<8> >::operator()' into 'DebayerG' (c:/Users/zfsalti/488/MP-2/MP2.xpr/MP2/MP2.srcs/sources_1/bd/system/ip/system_v_demosaic_0_0/src/v_demosaic.cpp:553).
INFO: [XFORM 203-603] Inlining function 'hls::Window<5, 5, ap_uint<8> >::operator()' into 'DebayerG' (c:/Users/zfsalti/488/MP-2/MP2.xpr/MP2/MP2.srcs/sources_1/bd/system/ip/system_v_demosaic_0_0/src/v_demosaic.cpp:553).
INFO: [XFORM 203-603] Inlining function 'hls::Window<5, 5, ap_uint<8> >::operator()' into 'DebayerG' (c:/Users/zfsalti/488/MP-2/MP2.xpr/MP2/MP2.srcs/sources_1/bd/system/ip/system_v_demosaic_0_0/src/v_demosaic.cpp:553).
INFO: [XFORM 203-603] Inlining function 'hls::Window<5, 5, ap_uint<8> >::operator()' into 'DebayerG' (c:/Users/zfsalti/488/MP-2/MP2.xpr/MP2/MP2.srcs/sources_1/bd/system/ip/system_v_demosaic_0_0/src/v_demosaic.cpp:552).
INFO: [XFORM 203-603] Inlining function 'hls::Window<5, 5, ap_uint<8> >::operator()' into 'DebayerG' (c:/Users/zfsalti/488/MP-2/MP2.xpr/MP2/MP2.srcs/sources_1/bd/system/ip/system_v_demosaic_0_0/src/v_demosaic.cpp:552).
INFO: [XFORM 203-603] Inlining function 'hls::Window<5, 5, ap_uint<8> >::operator()' into 'DebayerG' (c:/Users/zfsalti/488/MP-2/MP2.xpr/MP2/MP2.srcs/sources_1/bd/system/ip/system_v_demosaic_0_0/src/v_demosaic.cpp:552).
INFO: [XFORM 203-603] Inlining function 'hls::Window<5, 5, ap_uint<8> >::operator()' into 'DebayerG' (c:/Users/zfsalti/488/MP-2/MP2.xpr/MP2/MP2.srcs/sources_1/bd/system/ip/system_v_demosaic_0_0/src/v_demosaic.cpp:552).
INFO: [XFORM 203-603] Inlining function 'hls::Window<5, 5, ap_uint<8> >::operator()' into 'DebayerG' (c:/Users/zfsalti/488/MP-2/MP2.xpr/MP2/MP2.srcs/sources_1/bd/system/ip/system_v_demosaic_0_0/src/v_demosaic.cpp:533).
INFO: [XFORM 203-603] Inlining function 'hls::Window<5, 5, ap_uint<8> >::operator()' into 'DebayerG' (c:/Users/zfsalti/488/MP-2/MP2.xpr/MP2/MP2.srcs/sources_1/bd/system/ip/system_v_demosaic_0_0/src/v_demosaic.cpp:533).
INFO: [XFORM 203-603] Inlining function 'hls::Window<5, 5, ap_uint<8> >::operator()' into 'DebayerG' (c:/Users/zfsalti/488/MP-2/MP2.xpr/MP2/MP2.srcs/sources_1/bd/system/ip/system_v_demosaic_0_0/src/v_demosaic.cpp:533).
INFO: [XFORM 203-603] Inlining function 'hls::Window<5, 5, ap_uint<8> >::operator()' into 'DebayerG' (c:/Users/zfsalti/488/MP-2/MP2.xpr/MP2/MP2.srcs/sources_1/bd/system/ip/system_v_demosaic_0_0/src/v_demosaic.cpp:530).
INFO: [XFORM 203-603] Inlining function 'hls::Window<5, 5, ap_uint<8> >::operator()' into 'DebayerG' (c:/Users/zfsalti/488/MP-2/MP2.xpr/MP2/MP2.srcs/sources_1/bd/system/ip/system_v_demosaic_0_0/src/v_demosaic.cpp:530).
INFO: [XFORM 203-603] Inlining function 'hls::Window<5, 5, ap_uint<8> >::operator()' into 'DebayerG' (c:/Users/zfsalti/488/MP-2/MP2.xpr/MP2/MP2.srcs/sources_1/bd/system/ip/system_v_demosaic_0_0/src/v_demosaic.cpp:530).
INFO: [XFORM 203-603] Inlining function 'hls::Window<5, 5, ap_uint<8> >::operator()' into 'DebayerG' (c:/Users/zfsalti/488/MP-2/MP2.xpr/MP2/MP2.srcs/sources_1/bd/system/ip/system_v_demosaic_0_0/src/v_demosaic.cpp:527).
INFO: [XFORM 203-603] Inlining function 'hls::Window<5, 5, ap_uint<8> >::operator()' into 'DebayerG' (c:/Users/zfsalti/488/MP-2/MP2.xpr/MP2/MP2.srcs/sources_1/bd/system/ip/system_v_demosaic_0_0/src/v_demosaic.cpp:527).
INFO: [XFORM 203-603] Inlining function 'hls::Window<5, 5, ap_uint<8> >::operator()' into 'DebayerG' (c:/Users/zfsalti/488/MP-2/MP2.xpr/MP2/MP2.srcs/sources_1/bd/system/ip/system_v_demosaic_0_0/src/v_demosaic.cpp:527).
INFO: [XFORM 203-603] Inlining function 'hls::Window<5, 5, ap_uint<8> >::operator()' into 'DebayerG' (c:/Users/zfsalti/488/MP-2/MP2.xpr/MP2/MP2.srcs/sources_1/bd/system/ip/system_v_demosaic_0_0/src/v_demosaic.cpp:524).
INFO: [XFORM 203-603] Inlining function 'hls::Window<5, 5, ap_uint<8> >::operator()' into 'DebayerG' (c:/Users/zfsalti/488/MP-2/MP2.xpr/MP2/MP2.srcs/sources_1/bd/system/ip/system_v_demosaic_0_0/src/v_demosaic.cpp:524).
INFO: [XFORM 203-603] Inlining function 'hls::Window<5, 5, ap_uint<8> >::operator()' into 'DebayerG' (c:/Users/zfsalti/488/MP-2/MP2.xpr/MP2/MP2.srcs/sources_1/bd/system/ip/system_v_demosaic_0_0/src/v_demosaic.cpp:524).
INFO: [XFORM 203-603] Inlining function 'hls::LineBuffer<3, 3841, ap_uint<24>, 0>::getval' into 'DebayerRandBatG' (c:/Users/zfsalti/488/MP-2/MP2.xpr/MP2/MP2.srcs/sources_1/bd/system/ip/system_v_demosaic_0_0/src/v_demosaic.cpp:888).
INFO: [XFORM 203-603] Inlining function 'hls::LineBuffer<3, 3841, ap_uint<24>, 0>::getval' into 'DebayerRatBorBatR' (c:/Users/zfsalti/488/MP-2/MP2.xpr/MP2/MP2.srcs/sources_1/bd/system/ip/system_v_demosaic_0_0/src/v_demosaic.cpp:644).
INFO: [XFORM 203-603] Inlining function 'hls::LineBuffer<3, 3841, ap_uint<24>, 0>::insert_top_row' into 'hls::LineBuffer<3, 3841, ap_uint<24>, 0>::insert_bottom' (c:/Users/zfsalti/488/MP-2/MP2.xpr/MP2/MP2.srcs/sources_1/bd/system/ip/system_v_demosaic_0_0/src/hls/hls_video_mem.h:873).
INFO: [XFORM 203-603] Inlining function 'hls::LineBuffer<3, 3841, ap_uint<24>, 0>::insert_bottom' into 'DebayerRandBatG' (c:/Users/zfsalti/488/MP-2/MP2.xpr/MP2/MP2.srcs/sources_1/bd/system/ip/system_v_demosaic_0_0/src/v_demosaic.cpp:914).
INFO: [XFORM 203-603] Inlining function 'hls::LineBuffer<3, 3841, ap_uint<24>, 0>::insert_bottom' into 'DebayerRatBorBatR' (c:/Users/zfsalti/488/MP-2/MP2.xpr/MP2/MP2.srcs/sources_1/bd/system/ip/system_v_demosaic_0_0/src/v_demosaic.cpp:671).
INFO: [XFORM 203-603] Inlining function 'hls::Window<3, 3, hls::Scalar<3, ap_uint<8> > >::insert_pixel' into 'hls::Window<3, 3, hls::Scalar<3, ap_uint<8> > >::insert' (c:/Users/zfsalti/488/MP-2/MP2.xpr/MP2/MP2.srcs/sources_1/bd/system/ip/system_v_demosaic_0_0/src/hls/hls_video_mem.h:573).
INFO: [XFORM 203-603] Inlining function 'hls::Window<3, 3, hls::Scalar<3, ap_uint<8> > >::insert' into 'DebayerRandBatG' (c:/Users/zfsalti/488/MP-2/MP2.xpr/MP2/MP2.srcs/sources_1/bd/system/ip/system_v_demosaic_0_0/src/v_demosaic.cpp:989).
INFO: [XFORM 203-603] Inlining function 'hls::Window<3, 3, hls::Scalar<3, ap_uint<8> > >::insert' into 'DebayerRandBatG' (c:/Users/zfsalti/488/MP-2/MP2.xpr/MP2/MP2.srcs/sources_1/bd/system/ip/system_v_demosaic_0_0/src/v_demosaic.cpp:957).
INFO: [XFORM 203-603] Inlining function 'hls::Window<3, 3, hls::Scalar<3, ap_uint<8> > >::insert' into 'DebayerRandBatG' (c:/Users/zfsalti/488/MP-2/MP2.xpr/MP2/MP2.srcs/sources_1/bd/system/ip/system_v_demosaic_0_0/src/v_demosaic.cpp:945).
INFO: [XFORM 203-603] Inlining function 'hls::Window<3, 3, hls::Scalar<3, ap_uint<8> > >::insert' into 'DebayerRatBorBatR' (c:/Users/zfsalti/488/MP-2/MP2.xpr/MP2/MP2.srcs/sources_1/bd/system/ip/system_v_demosaic_0_0/src/v_demosaic.cpp:746).
INFO: [XFORM 203-603] Inlining function 'hls::Window<3, 3, hls::Scalar<3, ap_uint<8> > >::insert' into 'DebayerRatBorBatR' (c:/Users/zfsalti/488/MP-2/MP2.xpr/MP2/MP2.srcs/sources_1/bd/system/ip/system_v_demosaic_0_0/src/v_demosaic.cpp:714).
INFO: [XFORM 203-603] Inlining function 'hls::Window<3, 3, hls::Scalar<3, ap_uint<8> > >::insert' into 'DebayerRatBorBatR' (c:/Users/zfsalti/488/MP-2/MP2.xpr/MP2/MP2.srcs/sources_1/bd/system/ip/system_v_demosaic_0_0/src/v_demosaic.cpp:702).
INFO: [XFORM 203-603] Inlining function 'hls::Window<3, 3, hls::Scalar<3, ap_uint<8> > >::getval' into 'hls::Window<3, 3, hls::Scalar<3, ap_uint<8> > >::operator()' (c:/Users/zfsalti/488/MP-2/MP2.xpr/MP2/MP2.srcs/sources_1/bd/system/ip/system_v_demosaic_0_0/src/hls/hls_video_mem.h:501).
INFO: [XFORM 203-603] Inlining function 'hls::Window<3, 3, hls::Scalar<3, ap_uint<8> > >::operator()' into 'DebayerRandBatG' (c:/Users/zfsalti/488/MP-2/MP2.xpr/MP2/MP2.srcs/sources_1/bd/system/ip/system_v_demosaic_0_0/src/v_demosaic.cpp:1009).
INFO: [XFORM 203-603] Inlining function 'hls::Window<3, 3, hls::Scalar<3, ap_uint<8> > >::operator()' into 'DebayerRandBatG' (c:/Users/zfsalti/488/MP-2/MP2.xpr/MP2/MP2.srcs/sources_1/bd/system/ip/system_v_demosaic_0_0/src/v_demosaic.cpp:1008).
INFO: [XFORM 203-603] Inlining function 'hls::Window<3, 3, hls::Scalar<3, ap_uint<8> > >::operator()' into 'DebayerRandBatG' (c:/Users/zfsalti/488/MP-2/MP2.xpr/MP2/MP2.srcs/sources_1/bd/system/ip/system_v_demosaic_0_0/src/v_demosaic.cpp:1007).
INFO: [XFORM 203-603] Inlining function 'hls::Window<3, 3, hls::Scalar<3, ap_uint<8> > >::operator()' into 'DebayerRandBatG' (c:/Users/zfsalti/488/MP-2/MP2.xpr/MP2/MP2.srcs/sources_1/bd/system/ip/system_v_demosaic_0_0/src/v_demosaic.cpp:1006).
INFO: [XFORM 203-603] Inlining function 'hls::Window<3, 3, hls::Scalar<3, ap_uint<8> > >::operator()' into 'DebayerRandBatG' (c:/Users/zfsalti/488/MP-2/MP2.xpr/MP2/MP2.srcs/sources_1/bd/system/ip/system_v_demosaic_0_0/src/v_demosaic.cpp:1005).
INFO: [XFORM 203-603] Inlining function 'hls::Window<3, 3, hls::Scalar<3, ap_uint<8> > >::operator()' into 'DebayerRandBatG' (c:/Users/zfsalti/488/MP-2/MP2.xpr/MP2/MP2.srcs/sources_1/bd/system/ip/system_v_demosaic_0_0/src/v_demosaic.cpp:997).
INFO: [XFORM 203-603] Inlining function 'hls::Window<3, 3, hls::Scalar<3, ap_uint<8> > >::operator()' into 'DebayerRatBorBatR' (c:/Users/zfsalti/488/MP-2/MP2.xpr/MP2/MP2.srcs/sources_1/bd/system/ip/system_v_demosaic_0_0/src/v_demosaic.cpp:771).
INFO: [XFORM 203-603] Inlining function 'hls::Window<3, 3, hls::Scalar<3, ap_uint<8> > >::operator()' into 'DebayerRatBorBatR' (c:/Users/zfsalti/488/MP-2/MP2.xpr/MP2/MP2.srcs/sources_1/bd/system/ip/system_v_demosaic_0_0/src/v_demosaic.cpp:770).
INFO: [XFORM 203-603] Inlining function 'hls::Window<3, 3, hls::Scalar<3, ap_uint<8> > >::operator()' into 'DebayerRatBorBatR' (c:/Users/zfsalti/488/MP-2/MP2.xpr/MP2/MP2.srcs/sources_1/bd/system/ip/system_v_demosaic_0_0/src/v_demosaic.cpp:769).
INFO: [XFORM 203-603] Inlining function 'hls::Window<3, 3, hls::Scalar<3, ap_uint<8> > >::operator()' into 'DebayerRatBorBatR' (c:/Users/zfsalti/488/MP-2/MP2.xpr/MP2/MP2.srcs/sources_1/bd/system/ip/system_v_demosaic_0_0/src/v_demosaic.cpp:768).
INFO: [XFORM 203-603] Inlining function 'hls::Window<3, 3, hls::Scalar<3, ap_uint<8> > >::operator()' into 'DebayerRatBorBatR' (c:/Users/zfsalti/488/MP-2/MP2.xpr/MP2/MP2.srcs/sources_1/bd/system/ip/system_v_demosaic_0_0/src/v_demosaic.cpp:767).
INFO: [XFORM 203-603] Inlining function 'hls::Window<3, 3, hls::Scalar<3, ap_uint<8> > >::operator()' into 'DebayerRatBorBatR' (c:/Users/zfsalti/488/MP-2/MP2.xpr/MP2/MP2.srcs/sources_1/bd/system/ip/system_v_demosaic_0_0/src/v_demosaic.cpp:754).
INFO: [HLS 200-111] Finished Standard Transforms Time (s): cpu = 00:00:03 ; elapsed = 00:00:24 . Memory (MB): peak = 887.023 ; gain = 796.867
INFO: [HLS 200-10] Checking synthesizability ...
WARNING: [SYNCHK 200-23] c:/Users/zfsalti/488/MP-2/MP2.xpr/MP2/MP2.srcs/sources_1/bd/system/ip/system_v_demosaic_0_0/src/v_demosaic.cpp:236: variable-indexed range selection may cause suboptimal QoR.
INFO: [SYNCHK 200-10] 0 error(s), 1 warning(s).
INFO: [HLS 200-111] Finished Checking Synthesizability Time (s): cpu = 00:00:04 ; elapsed = 00:00:25 . Memory (MB): peak = 887.023 ; gain = 796.867
INFO: [XFORM 203-502] Unrolling all sub-loops inside loop 'Loop-1.1' in function 'MultiPixStream2AXIvideo' for pipelining.
INFO: [XFORM 203-502] Unrolling all sub-loops inside loop 'Loop-3.1' in function 'DebayerRatBorBatR' for pipelining.
INFO: [XFORM 203-502] Unrolling all sub-loops inside loop 'Loop-3.1' in function 'DebayerRandBatG' for pipelining.
INFO: [XFORM 203-502] Unrolling all sub-loops inside loop 'Loop-2.1' in function 'DebayerG' for pipelining.
INFO: [XFORM 203-502] Unrolling all sub-loops inside loop 'loop_width' in function 'AXIvideo2MultiBayer' for pipelining.
INFO: [HLS 200-489] Unrolling loop 'Loop-1.1.1' in function 'MultiPixStream2AXIvideo' completely with a factor of 3.
INFO: [HLS 200-489] Unrolling loop 'Loop-1.1.2' in function 'MultiPixStream2AXIvideo' completely with a factor of 1.
INFO: [HLS 200-489] Unrolling loop 'Loop-1.1.2.1' in function 'MultiPixStream2AXIvideo' completely with a factor of 3.
INFO: [HLS 200-489] Unrolling loop 'Loop-3.1.1' in function 'DebayerRatBorBatR' completely with a factor of 3.
INFO: [HLS 200-489] Unrolling loop 'Loop-3.1.1.1' in function 'DebayerRatBorBatR' completely with a factor of 1.
INFO: [HLS 200-489] Unrolling loop 'Loop-3.1.1.1.1' in function 'DebayerRatBorBatR' completely with a factor of 3.
INFO: [HLS 200-489] Unrolling loop 'Loop-3.1.2' in function 'DebayerRatBorBatR' completely with a factor of 2.
INFO: [HLS 200-489] Unrolling loop 'Loop-3.1.2.1' in function 'DebayerRatBorBatR' completely with a factor of 3.
INFO: [HLS 200-489] Unrolling loop 'Loop-3.1.3' in function 'DebayerRatBorBatR' completely with a factor of 3.
INFO: [HLS 200-489] Unrolling loop 'Loop-3.1.4' in function 'DebayerRatBorBatR' completely with a factor of 1.
INFO: [HLS 200-489] Unrolling loop 'Loop-3.1.4.1' in function 'DebayerRatBorBatR' completely with a factor of 3.
INFO: [HLS 200-489] Unrolling loop 'Loop-3.1.5' in function 'DebayerRatBorBatR' completely with a factor of 3.
INFO: [HLS 200-489] Unrolling loop 'Loop-3.1.6' in function 'DebayerRatBorBatR' completely with a factor of 3.
INFO: [HLS 200-489] Unrolling loop 'Loop-3.1.6.1' in function 'DebayerRatBorBatR' completely with a factor of 2.
INFO: [HLS 200-489] Unrolling loop 'Loop-3.1.6.1.1' in function 'DebayerRatBorBatR' completely with a factor of 3.
INFO: [HLS 200-489] Unrolling loop 'Loop-3.1.7' in function 'DebayerRatBorBatR' completely with a factor of 3.
INFO: [HLS 200-489] Unrolling loop 'Loop-3.1.7.1' in function 'DebayerRatBorBatR' completely with a factor of 1.
INFO: [HLS 200-489] Unrolling loop 'Loop-3.1.7.1.1' in function 'DebayerRatBorBatR' completely with a factor of 3.
INFO: [HLS 200-489] Unrolling loop 'Loop-3.1.7.2' in function 'DebayerRatBorBatR' completely with a factor of 2.
INFO: [HLS 200-489] Unrolling loop 'Loop-3.1.7.2.1' in function 'DebayerRatBorBatR' completely with a factor of 3.
INFO: [HLS 200-489] Unrolling loop 'Loop-3.1.8' in function 'DebayerRatBorBatR' completely with a factor of 2.
INFO: [HLS 200-489] Unrolling loop 'Loop-3.1.8.1' in function 'DebayerRatBorBatR' completely with a factor of 1.
INFO: [HLS 200-489] Unrolling loop 'Loop-3.1.8.1.1' in function 'DebayerRatBorBatR' completely with a factor of 3.
INFO: [HLS 200-489] Unrolling loop 'Loop-3.1.9' in function 'DebayerRatBorBatR' completely with a factor of 3.
INFO: [HLS 200-489] Unrolling loop 'Loop-3.1.9.1' in function 'DebayerRatBorBatR' completely with a factor of 1.
INFO: [HLS 200-489] Unrolling loop 'Loop-3.1.9.1.1' in function 'DebayerRatBorBatR' completely with a factor of 3.
INFO: [HLS 200-489] Unrolling loop 'Loop-3.1.10' in function 'DebayerRatBorBatR' completely with a factor of 1.
INFO: [HLS 200-489] Unrolling loop 'Loop-3.1.1' in function 'DebayerRandBatG' completely with a factor of 3.
INFO: [HLS 200-489] Unrolling loop 'Loop-3.1.1.1' in function 'DebayerRandBatG' completely with a factor of 1.
INFO: [HLS 200-489] Unrolling loop 'Loop-3.1.1.1.1' in function 'DebayerRandBatG' completely with a factor of 3.
INFO: [HLS 200-489] Unrolling loop 'Loop-3.1.2' in function 'DebayerRandBatG' completely with a factor of 2.
INFO: [HLS 200-489] Unrolling loop 'Loop-3.1.2.1' in function 'DebayerRandBatG' completely with a factor of 3.
INFO: [HLS 200-489] Unrolling loop 'Loop-3.1.3' in function 'DebayerRandBatG' completely with a factor of 3.
INFO: [HLS 200-489] Unrolling loop 'Loop-3.1.4' in function 'DebayerRandBatG' completely with a factor of 1.
INFO: [HLS 200-489] Unrolling loop 'Loop-3.1.4.1' in function 'DebayerRandBatG' completely with a factor of 3.
INFO: [HLS 200-489] Unrolling loop 'Loop-3.1.5' in function 'DebayerRandBatG' completely with a factor of 3.
INFO: [HLS 200-489] Unrolling loop 'Loop-3.1.6' in function 'DebayerRandBatG' completely with a factor of 3.
INFO: [HLS 200-489] Unrolling loop 'Loop-3.1.6.1' in function 'DebayerRandBatG' completely with a factor of 2.
INFO: [HLS 200-489] Unrolling loop 'Loop-3.1.6.1.1' in function 'DebayerRandBatG' completely with a factor of 3.
INFO: [HLS 200-489] Unrolling loop 'Loop-3.1.7' in function 'DebayerRandBatG' completely with a factor of 3.
INFO: [HLS 200-489] Unrolling loop 'Loop-3.1.7.1' in function 'DebayerRandBatG' completely with a factor of 1.
INFO: [HLS 200-489] Unrolling loop 'Loop-3.1.7.1.1' in function 'DebayerRandBatG' completely with a factor of 3.
INFO: [HLS 200-489] Unrolling loop 'Loop-3.1.7.2' in function 'DebayerRandBatG' completely with a factor of 2.
INFO: [HLS 200-489] Unrolling loop 'Loop-3.1.7.2.1' in function 'DebayerRandBatG' completely with a factor of 3.
INFO: [HLS 200-489] Unrolling loop 'Loop-3.1.8' in function 'DebayerRandBatG' completely with a factor of 2.
INFO: [HLS 200-489] Unrolling loop 'Loop-3.1.8.1' in function 'DebayerRandBatG' completely with a factor of 1.
INFO: [HLS 200-489] Unrolling loop 'Loop-3.1.8.1.1' in function 'DebayerRandBatG' completely with a factor of 3.
INFO: [HLS 200-489] Unrolling loop 'Loop-3.1.9' in function 'DebayerRandBatG' completely with a factor of 3.
INFO: [HLS 200-489] Unrolling loop 'Loop-3.1.9.1' in function 'DebayerRandBatG' completely with a factor of 1.
INFO: [HLS 200-489] Unrolling loop 'Loop-3.1.9.1.1' in function 'DebayerRandBatG' completely with a factor of 3.
INFO: [HLS 200-489] Unrolling loop 'Loop-3.1.10' in function 'DebayerRandBatG' completely with a factor of 1.
INFO: [HLS 200-489] Unrolling loop 'Loop-2.1.1' in function 'DebayerG' completely with a factor of 5.
INFO: [HLS 200-489] Unrolling loop 'Loop-2.1.1.1' in function 'DebayerG' completely with a factor of 1.
INFO: [HLS 200-489] Unrolling loop 'Loop-2.1.2' in function 'DebayerG' completely with a factor of 4.
INFO: [HLS 200-489] Unrolling loop 'Loop-2.1.2.1' in function 'DebayerG' completely with a factor of 1.
INFO: [HLS 200-489] Unrolling loop 'Loop-2.1.3' in function 'DebayerG' completely with a factor of 1.
INFO: [HLS 200-489] Unrolling loop 'Loop-2.1.4' in function 'DebayerG' completely with a factor of 1.
INFO: [HLS 200-489] Unrolling loop 'Loop-2.1.5' in function 'DebayerG' completely with a factor of 1.
INFO: [HLS 200-489] Unrolling loop 'Loop-2.1.6' in function 'DebayerG' completely with a factor of 5.
INFO: [HLS 200-489] Unrolling loop 'Loop-2.1.6.1' in function 'DebayerG' completely with a factor of 4.
INFO: [HLS 200-489] Unrolling loop 'Loop-2.1.7' in function 'DebayerG' completely with a factor of 5.
INFO: [HLS 200-489] Unrolling loop 'Loop-2.1.7.1' in function 'DebayerG' completely with a factor of 1.
INFO: [HLS 200-489] Unrolling loop 'Loop-2.1.7.2' in function 'DebayerG' completely with a factor of 4.
INFO: [HLS 200-489] Unrolling loop 'Loop-2.1.8' in function 'DebayerG' completely with a factor of 4.
INFO: [HLS 200-489] Unrolling loop 'Loop-2.1.8.1' in function 'DebayerG' completely with a factor of 1.
INFO: [HLS 200-489] Unrolling loop 'Loop-2.1.9' in function 'DebayerG' completely with a factor of 5.
INFO: [HLS 200-489] Unrolling loop 'Loop-2.1.9.1' in function 'DebayerG' completely with a factor of 1.
INFO: [HLS 200-489] Unrolling loop 'Loop-2.1.10' in function 'DebayerG' completely with a factor of 1.
INFO: [HLS 200-489] Unrolling loop 'Loop-2.1.10.1' in function 'DebayerG' completely with a factor of 2.
INFO: [HLS 200-489] Unrolling loop 'Loop-2.1.10.2' in function 'DebayerG' completely with a factor of 2.
INFO: [HLS 200-489] Unrolling loop 'Loop-2.1.10.3' in function 'DebayerG' completely with a factor of 2.
INFO: [HLS 200-489] Unrolling loop 'Loop-2.1.1' in function 'AXIvideo2MultiBayer' completely with a factor of 1.
INFO: [XFORM 203-102] Partitioning array 'PixBufVal.val.V' automatically.
INFO: [XFORM 203-102] Partitioning array 'SD.V' automatically.
INFO: [XFORM 203-102] Partitioning array 'mean.V' automatically.
INFO: [XFORM 203-102] Partitioning array 'var.V' automatically.
INFO: [XFORM 203-102] Partitioning array 'ave.V' automatically.
INFO: [XFORM 203-102] Partitioning array 'w' automatically.
INFO: [XFORM 203-102] Partitioning array 'value.val.V.assign' automatically.
INFO: [XFORM 203-102] Partitioning array 'value.val.V.assign.2' automatically.
INFO: [XFORM 203-102] Partitioning array 'value.val.V.assign.1' automatically.
INFO: [XFORM 203-102] Partitioning array 'PixBufVal.val.V' automatically.
INFO: [XFORM 203-102] Partitioning array 'en_rgd.V' automatically.
INFO: [XFORM 203-102] Partitioning array 'value.val.V.assign' automatically.
INFO: [XFORM 203-102] Partitioning array 'value.val.V.assign.4' automatically.
INFO: [XFORM 203-102] Partitioning array 'value.val.V.assign.3' automatically.
INFO: [XFORM 203-102] Partitioning array 'PixBufVal.val.V' automatically.
INFO: [XFORM 203-102] Automatically partitioning streamed array 'imgBayer.V.val.V' .
INFO: [XFORM 203-102] Automatically partitioning streamed array 'imgRgb.V.val.V' .
INFO: [XFORM 203-102] Automatically partitioning streamed array 'imgG.V.val.V' .
INFO: [XFORM 203-102] Automatically partitioning streamed array 'imgRB.V.val.V' .
INFO: [XFORM 203-712] Applying dataflow to function 'Debayer' , detected/extracted 3 process function(s): 
	 'DebayerG'
	 'DebayerRatBorBatR'
	 'DebayerRandBatG'.
INFO: [XFORM 203-712] Applying dataflow to function 'v_demosaic' , detected/extracted 3 process function(s): 
	 'AXIvideo2MultiBayer252'
	 'Debayer'
	 'MultiPixStream2AXIvideo'.
INFO: [XFORM 203-401] Performing if-conversion on hyperblock in function 'DebayerRatBorBatR'... converting 7 basic blocks.
INFO: [XFORM 203-401] Performing if-conversion on hyperblock in function 'DebayerRatBorBatR'... converting 5 basic blocks.
INFO: [XFORM 203-401] Performing if-conversion on hyperblock in function 'DebayerRandBatG'... converting 7 basic blocks.
INFO: [XFORM 203-401] Performing if-conversion on hyperblock in function 'DebayerRandBatG'... converting 9 basic blocks.
INFO: [XFORM 203-401] Performing if-conversion on hyperblock in function 'DebayerG'... converting 9 basic blocks.
INFO: [XFORM 203-401] Performing if-conversion on hyperblock in function 'DebayerG'... converting 9 basic blocks.
INFO: [HLS 200-111] Finished Pre-synthesis Time (s): cpu = 00:00:07 ; elapsed = 00:00:29 . Memory (MB): peak = 887.023 ; gain = 796.867
WARNING: [XFORM 203-631] Renaming function 'MultiPixStream2AXIvideo' to 'MultiPixStream2AXIvi' 
WARNING: [XFORM 203-631] Renaming function 'AXIvideo2MultiBayer252' to 'AXIvideo2MultiBayer2' 
WARNING: [ANALYSIS 214-52] Found false inter dependency for variable 'lineBuffer.val[0].V'.
WARNING: [ANALYSIS 214-52] Found false inter dependency for variable 'lineBuffer.val[1].V'.
WARNING: [ANALYSIS 214-52] Found false intra dependency for variable 'lineBuffer.val[0].V'.
WARNING: [ANALYSIS 214-52] Found false intra dependency for variable 'lineBuffer.val[1].V'.
WARNING: [ANALYSIS 214-52] Found false inter dependency for variable 'lineBuffer.val[1].V'.
WARNING: [ANALYSIS 214-52] Found false inter dependency for variable 'lineBuffer.val[0].V'.
WARNING: [ANALYSIS 214-52] Found false intra dependency for variable 'lineBuffer.val[1].V'.
WARNING: [ANALYSIS 214-52] Found false intra dependency for variable 'lineBuffer.val[0].V'.
WARNING: [ANALYSIS 214-52] Found false inter dependency for variable 'linebuf_yuv.val[1].V'.
WARNING: [ANALYSIS 214-52] Found false inter dependency for variable 'linebuf_yuv.val[3].V'.
WARNING: [ANALYSIS 214-52] Found false inter dependency for variable 'linebuf_yuv.val[0].V'.
WARNING: [ANALYSIS 214-52] Found false inter dependency for variable 'linebuf_yuv.val[2].V'.
WARNING: [ANALYSIS 214-52] Found false intra dependency for variable 'linebuf_yuv.val[1].V'.
WARNING: [ANALYSIS 214-52] Found false intra dependency for variable 'linebuf_yuv.val[3].V'.
WARNING: [ANALYSIS 214-52] Found false intra dependency for variable 'linebuf_yuv.val[0].V'.
WARNING: [ANALYSIS 214-52] Found false intra dependency for variable 'linebuf_yuv.val[2].V'.
INFO: [HLS 200-472] Inferring partial write operation for 'lineBuffer.val[0].V' 
INFO: [HLS 200-472] Inferring partial write operation for 'lineBuffer.val[1].V' 
INFO: [HLS 200-472] Inferring partial write operation for 'lineBuffer.val[0].V' 
INFO: [HLS 200-472] Inferring partial write operation for 'lineBuffer.val[1].V' 
INFO: [HLS 200-472] Inferring partial write operation for 'linebuf_yuv.val[0].V' 
INFO: [HLS 200-472] Inferring partial write operation for 'linebuf_yuv.val[3].V' 
INFO: [HLS 200-111] Finished Architecture Synthesis Time (s): cpu = 00:00:08 ; elapsed = 00:00:31 . Memory (MB): peak = 887.023 ; gain = 796.867
INFO: [HLS 200-10] Starting hardware synthesis ...
INFO: [HLS 200-10] Synthesizing 'v_demosaic' ...
WARNING: [SYN 201-103] Legalizing function name 'reg<unsigned short>' to 'reg_unsigned_short_s'.
INFO: [HLS 200-10] ----------------------------------------------------------------
INFO: [HLS 200-42] -- Implementing module 'reg_unsigned_short_s' 
INFO: [HLS 200-10] ----------------------------------------------------------------
INFO: [SCHED 204-11] Starting scheduling ...
INFO: [SCHED 204-11] Finished scheduling.
INFO: [HLS 200-111]  Elapsed time: 31.49 seconds; current allocated memory: 306.652 MB.
INFO: [BIND 205-100] Starting micro-architecture generation ...
INFO: [BIND 205-101] Performing variable lifetime analysis.
INFO: [BIND 205-101] Exploring resource sharing.
INFO: [BIND 205-101] Binding ...
INFO: [BIND 205-100] Finished micro-architecture generation.
INFO: [HLS 200-111]  Elapsed time: 0.121 seconds; current allocated memory: 306.699 MB.
INFO: [HLS 200-10] ----------------------------------------------------------------
INFO: [HLS 200-42] -- Implementing module 'AXIvideo2MultiBayer2' 
INFO: [HLS 200-10] ----------------------------------------------------------------
INFO: [SCHED 204-11] Starting scheduling ...
INFO: [SCHED 204-61] Pipelining loop 'loop_wait_for_start'.
INFO: [SCHED 204-61] Pipelining result : Target II = 1, Final II = 1, Depth = 1.
INFO: [SCHED 204-61] Pipelining loop 'loop_width'.
INFO: [SCHED 204-61] Pipelining result : Target II = 1, Final II = 1, Depth = 2.
INFO: [SCHED 204-61] Pipelining loop 'loop_wait_for_eol'.
INFO: [SCHED 204-61] Pipelining result : Target II = 1, Final II = 1, Depth = 1.
INFO: [SCHED 204-11] Finished scheduling.
INFO: [HLS 200-111]  Elapsed time: 0.225 seconds; current allocated memory: 307.166 MB.
INFO: [BIND 205-100] Starting micro-architecture generation ...
INFO: [BIND 205-101] Performing variable lifetime analysis.
INFO: [BIND 205-101] Exploring resource sharing.
INFO: [BIND 205-101] Binding ...
INFO: [BIND 205-100] Finished micro-architecture generation.
INFO: [HLS 200-111]  Elapsed time: 0.873 seconds; current allocated memory: 307.849 MB.
INFO: [HLS 200-10] ----------------------------------------------------------------
INFO: [HLS 200-42] -- Implementing module 'DebayerG' 
INFO: [HLS 200-10] ----------------------------------------------------------------
INFO: [SCHED 204-11] Starting scheduling ...
INFO: [SCHED 204-61] Pipelining loop 'Loop 2.1'.
INFO: [SCHED 204-61] Pipelining result : Target II = 1, Final II = 1, Depth = 18.
WARNING: [SCHED 204-21] Estimated clock period (6.38ns) exceeds the target (target clock period: 6.667ns, clock uncertainty: 0.833375ns, effective delay budget: 5.83362ns).
WARNING: [SCHED 204-21] The critical path in module 'DebayerG' consists of the following:
	'mul' operation of DSP[325] ('mul_ln567', c:/Users/zfsalti/488/MP-2/MP2.xpr/MP2/MP2.srcs/sources_1/bd/system/ip/system_v_demosaic_0_0/src/v_demosaic.cpp:567->c:/Users/zfsalti/488/MP-2/MP2.xpr/MP2/MP2.srcs/sources_1/bd/system/ip/system_v_demosaic_0_0/src/v_demosaic.cpp:255->c:/Users/zfsalti/488/MP-2/MP2.xpr/MP2/MP2.srcs/sources_1/bd/system/ip/system_v_demosaic_0_0/src/v_demosaic.cpp:252->c:/Users/zfsalti/488/MP-2/MP2.xpr/MP2/MP2.srcs/sources_1/bd/system/ip/system_v_demosaic_0_0/src/v_demosaic.cpp:95) [325]  (6.38 ns)
INFO: [SCHED 204-11] Finished scheduling.
INFO: [HLS 200-111]  Elapsed time: 1.049 seconds; current allocated memory: 309.038 MB.
INFO: [BIND 205-100] Starting micro-architecture generation ...
INFO: [BIND 205-101] Performing variable lifetime analysis.
INFO: [BIND 205-101] Exploring resource sharing.
INFO: [BIND 205-101] Binding ...
INFO: [BIND 205-100] Finished micro-architecture generation.
INFO: [HLS 200-111]  Elapsed time: 2.126 seconds; current allocated memory: 310.349 MB.
INFO: [HLS 200-10] ----------------------------------------------------------------
INFO: [HLS 200-42] -- Implementing module 'DebayerRatBorBatR' 
INFO: [HLS 200-10] ----------------------------------------------------------------
INFO: [SCHED 204-11] Starting scheduling ...
INFO: [SCHED 204-61] Pipelining loop 'Loop 3.1'.
INFO: [SCHED 204-61] Pipelining result : Target II = 1, Final II = 1, Depth = 9.
INFO: [SCHED 204-11] Finished scheduling.
INFO: [HLS 200-111]  Elapsed time: 2.471 seconds; current allocated memory: 311.288 MB.
INFO: [BIND 205-100] Starting micro-architecture generation ...
INFO: [BIND 205-101] Performing variable lifetime analysis.
INFO: [BIND 205-101] Exploring resource sharing.
INFO: [BIND 205-101] Binding ...
INFO: [BIND 205-100] Finished micro-architecture generation.
INFO: [HLS 200-111]  Elapsed time: 1.922 seconds; current allocated memory: 312.889 MB.
INFO: [HLS 200-10] ----------------------------------------------------------------
INFO: [HLS 200-42] -- Implementing module 'DebayerRandBatG' 
INFO: [HLS 200-10] ----------------------------------------------------------------
INFO: [SCHED 204-11] Starting scheduling ...
INFO: [SCHED 204-61] Pipelining loop 'Loop 3.1'.
INFO: [SCHED 204-61] Pipelining result : Target II = 1, Final II = 1, Depth = 6.
INFO: [SCHED 204-11] Finished scheduling.
INFO: [HLS 200-111]  Elapsed time: 2.127 seconds; current allocated memory: 313.801 MB.
INFO: [BIND 205-100] Starting micro-architecture generation ...
INFO: [BIND 205-101] Performing variable lifetime analysis.
INFO: [BIND 205-101] Exploring resource sharing.
INFO: [BIND 205-101] Binding ...
INFO: [BIND 205-100] Finished micro-architecture generation.
INFO: [HLS 200-111]  Elapsed time: 1.972 seconds; current allocated memory: 314.914 MB.
INFO: [HLS 200-10] ----------------------------------------------------------------
INFO: [HLS 200-42] -- Implementing module 'Debayer' 
INFO: [HLS 200-10] ----------------------------------------------------------------
INFO: [SCHED 204-11] Starting scheduling ...
INFO: [SCHED 204-11] Finished scheduling.
INFO: [HLS 200-111]  Elapsed time: 2 seconds; current allocated memory: 315.023 MB.
INFO: [BIND 205-100] Starting micro-architecture generation ...
INFO: [BIND 205-101] Performing variable lifetime analysis.
INFO: [BIND 205-101] Exploring resource sharing.
INFO: [BIND 205-101] Binding ...
INFO: [BIND 205-100] Finished micro-architecture generation.
INFO: [HLS 200-111]  Elapsed time: 0.451 seconds; current allocated memory: 315.810 MB.
INFO: [HLS 200-10] ----------------------------------------------------------------
INFO: [HLS 200-42] -- Implementing module 'MultiPixStream2AXIvi' 
INFO: [HLS 200-10] ----------------------------------------------------------------
INFO: [SCHED 204-11] Starting scheduling ...
INFO: [SCHED 204-61] Pipelining loop 'Loop 1.1'.
INFO: [SCHED 204-61] Pipelining result : Target II = 1, Final II = 1, Depth = 3.
INFO: [SCHED 204-11] Finished scheduling.
INFO: [HLS 200-111]  Elapsed time: 0.307 seconds; current allocated memory: 315.928 MB.
INFO: [BIND 205-100] Starting micro-architecture generation ...
INFO: [BIND 205-101] Performing variable lifetime analysis.
INFO: [BIND 205-101] Exploring resource sharing.
INFO: [BIND 205-101] Binding ...
INFO: [BIND 205-100] Finished micro-architecture generation.
INFO: [HLS 200-111]  Elapsed time: 0.274 seconds; current allocated memory: 316.105 MB.
INFO: [HLS 200-10] ----------------------------------------------------------------
INFO: [HLS 200-42] -- Implementing module 'v_demosaic' 
INFO: [HLS 200-10] ----------------------------------------------------------------
INFO: [SCHED 204-11] Starting scheduling ...
INFO: [SCHED 204-11] Finished scheduling.
INFO: [HLS 200-111]  Elapsed time: 0.27 seconds; current allocated memory: 316.227 MB.
INFO: [BIND 205-100] Starting micro-architecture generation ...
INFO: [BIND 205-101] Performing variable lifetime analysis.
INFO: [BIND 205-101] Exploring resource sharing.
INFO: [BIND 205-101] Binding ...
INFO: [BIND 205-100] Finished micro-architecture generation.
INFO: [HLS 200-111]  Elapsed time: 0.473 seconds; current allocated memory: 316.830 MB.
INFO: [HLS 200-10] ----------------------------------------------------------------
INFO: [HLS 200-10] -- Generating RTL for module 'reg_unsigned_short_s' 
INFO: [HLS 200-10] ----------------------------------------------------------------
INFO: [RTGEN 206-100] Finished creating RTL model for 'reg_unsigned_short_s'.
INFO: [HLS 200-111]  Elapsed time: 0.38 seconds; current allocated memory: 317.006 MB.
INFO: [HLS 200-10] ----------------------------------------------------------------
INFO: [HLS 200-10] -- Generating RTL for module 'AXIvideo2MultiBayer2' 
INFO: [HLS 200-10] ----------------------------------------------------------------
INFO: [RTGEN 206-100] Finished creating RTL model for 'AXIvideo2MultiBayer2'.
INFO: [HLS 200-111]  Elapsed time: 0.13 seconds; current allocated memory: 317.854 MB.
INFO: [WVHDL 200-304] Encrypting RTL VHDL done.
INFO: [WVHDL 200-304] Encrypting RTL Verilog done.
INFO: [HLS 200-10] ----------------------------------------------------------------
INFO: [HLS 200-10] -- Generating RTL for module 'DebayerG' 
INFO: [HLS 200-10] ----------------------------------------------------------------
INFO: [SYN 201-210] Renamed object name 'DebayerG_linebuf_yuv_val_0_V' to 'DebayerG_linebuf_bkb' due to the length limit 20
INFO: [SYN 201-210] Renamed object name 'DebayerG_linebuf_yuv_val_1_V' to 'DebayerG_linebuf_cud' due to the length limit 20
INFO: [SYN 201-210] Renamed object name 'DebayerG_linebuf_yuv_val_2_V' to 'DebayerG_linebuf_dEe' due to the length limit 20
INFO: [SYN 201-210] Renamed object name 'DebayerG_linebuf_yuv_val_3_V' to 'DebayerG_linebuf_eOg' due to the length limit 20
INFO: [SYN 201-210] Renamed object name 'v_demosaic_mux_53_8_1_1' to 'v_demosaic_mux_53fYi' due to the length limit 20
INFO: [SYN 201-210] Renamed object name 'v_demosaic_mul_mul_10ns_18ns_28_1_1' to 'v_demosaic_mul_mug8j' due to the length limit 20
INFO: [SYN 201-210] Renamed object name 'v_demosaic_mul_mul_10ns_11s_21_1_1' to 'v_demosaic_mul_muhbi' due to the length limit 20
INFO: [SYN 201-210] Renamed object name 'v_demosaic_mac_muladd_10ns_11s_21s_22_1_1' to 'v_demosaic_mac_muibs' due to the length limit 20
INFO: [RTGEN 206-100] Generating core module 'v_demosaic_mac_muibs': 1 instance(s).
INFO: [RTGEN 206-100] Generating core module 'v_demosaic_mul_mug8j': 2 instance(s).
INFO: [RTGEN 206-100] Generating core module 'v_demosaic_mul_muhbi': 1 instance(s).
INFO: [RTGEN 206-100] Generating core module 'v_demosaic_mux_53fYi': 1 instance(s).
INFO: [RTGEN 206-100] Finished creating RTL model for 'DebayerG'.
INFO: [HLS 200-111]  Elapsed time: 1.123 seconds; current allocated memory: 319.877 MB.
INFO: [WVHDL 200-304] Encrypting RTL VHDL done.
INFO: [WVHDL 200-304] Encrypting RTL Verilog done.
INFO: [HLS 200-10] ----------------------------------------------------------------
INFO: [HLS 200-10] -- Generating RTL for module 'DebayerRatBorBatR' 
INFO: [HLS 200-10] ----------------------------------------------------------------
INFO: [SYN 201-210] Renamed object name 'DebayerRatBorBatR_lineBuffer_val_0_V' to 'DebayerRatBorBatRjbC' due to the length limit 20
INFO: [SYN 201-210] Renamed object name 'DebayerRatBorBatR_lineBuffer_val_1_V' to 'DebayerRatBorBatRkbM' due to the length limit 20
INFO: [SYN 201-210] Renamed object name 'v_demosaic_mux_32_8_1_1' to 'v_demosaic_mux_32lbW' due to the length limit 20
INFO: [RTGEN 206-100] Generating core module 'v_demosaic_mux_32lbW': 8 instance(s).
INFO: [RTGEN 206-100] Finished creating RTL model for 'DebayerRatBorBatR'.
INFO: [HLS 200-111]  Elapsed time: 2.277 seconds; current allocated memory: 322.306 MB.
INFO: [WVHDL 200-304] Encrypting RTL VHDL done.
INFO: [WVHDL 200-304] Encrypting RTL Verilog done.
INFO: [HLS 200-10] ----------------------------------------------------------------
INFO: [HLS 200-10] -- Generating RTL for module 'DebayerRandBatG' 
INFO: [HLS 200-10] ----------------------------------------------------------------
INFO: [SYN 201-210] Renamed object name 'DebayerRandBatG_lineBuffer_val_0_V' to 'DebayerRandBatG_lmb6' due to the length limit 20
INFO: [SYN 201-210] Renamed object name 'DebayerRandBatG_lineBuffer_val_1_V' to 'DebayerRandBatG_lncg' due to the length limit 20
INFO: [RTGEN 206-100] Generating core module 'v_demosaic_mux_32lbW': 3 instance(s).
INFO: [RTGEN 206-100] Finished creating RTL model for 'DebayerRandBatG'.
INFO: [HLS 200-111]  Elapsed time: 1.719 seconds; current allocated memory: 324.342 MB.
INFO: [WVHDL 200-304] Encrypting RTL VHDL done.
INFO: [WVHDL 200-304] Encrypting RTL Verilog done.
INFO: [HLS 200-10] ----------------------------------------------------------------
INFO: [HLS 200-10] -- Generating RTL for module 'Debayer' 
INFO: [HLS 200-10] ----------------------------------------------------------------
INFO: [RTGEN 206-100] Finished creating RTL model for 'Debayer'.
INFO: [HLS 200-111]  Elapsed time: 1.907 seconds; current allocated memory: 324.970 MB.
INFO: [WVHDL 200-304] Encrypting RTL VHDL done.
INFO: [WVHDL 200-304] Encrypting RTL Verilog done.
INFO: [HLS 200-10] ----------------------------------------------------------------
INFO: [HLS 200-10] -- Generating RTL for module 'MultiPixStream2AXIvi' 
INFO: [HLS 200-10] ----------------------------------------------------------------
INFO: [RTGEN 206-100] Finished creating RTL model for 'MultiPixStream2AXIvi'.
INFO: [HLS 200-111]  Elapsed time: 0.284 seconds; current allocated memory: 325.478 MB.
INFO: [WVHDL 200-304] Encrypting RTL VHDL done.
INFO: [WVHDL 200-304] Encrypting RTL Verilog done.
INFO: [HLS 200-10] ----------------------------------------------------------------
INFO: [HLS 200-10] -- Generating RTL for module 'v_demosaic' 
INFO: [HLS 200-10] ----------------------------------------------------------------
INFO: [RTGEN 206-500] Setting interface mode on port 'v_demosaic/HwReg_width' to 's_axilite & ap_stable'.
INFO: [RTGEN 206-500] Setting interface mode on port 'v_demosaic/HwReg_height' to 's_axilite & ap_stable'.
INFO: [RTGEN 206-500] Setting interface mode on port 'v_demosaic/HwReg_bayer_phase' to 's_axilite & ap_none'.
INFO: [RTGEN 206-500] Setting interface mode on port 'v_demosaic/s_axis_video_V_data_V' to 'axis' (register, both mode).
INFO: [RTGEN 206-500] Setting interface mode on port 'v_demosaic/s_axis_video_V_keep_V' to 'axis' (register, both mode).
INFO: [RTGEN 206-500] Setting interface mode on port 'v_demosaic/s_axis_video_V_strb_V' to 'axis' (register, both mode).
INFO: [RTGEN 206-500] Setting interface mode on port 'v_demosaic/s_axis_video_V_user_V' to 'axis' (register, both mode).
INFO: [RTGEN 206-500] Setting interface mode on port 'v_demosaic/s_axis_video_V_last_V' to 'axis' (register, both mode).
INFO: [RTGEN 206-500] Setting interface mode on port 'v_demosaic/s_axis_video_V_id_V' to 'axis' (register, both mode).
INFO: [RTGEN 206-500] Setting interface mode on port 'v_demosaic/s_axis_video_V_dest_V' to 'axis' (register, both mode).
INFO: [RTGEN 206-500] Setting interface mode on port 'v_demosaic/m_axis_video_V_data_V' to 'axis' (register, both mode).
INFO: [RTGEN 206-500] Setting interface mode on port 'v_demosaic/m_axis_video_V_keep_V' to 'axis' (register, both mode).
INFO: [RTGEN 206-500] Setting interface mode on port 'v_demosaic/m_axis_video_V_strb_V' to 'axis' (register, both mode).
INFO: [RTGEN 206-500] Setting interface mode on port 'v_demosaic/m_axis_video_V_user_V' to 'axis' (register, both mode).
INFO: [RTGEN 206-500] Setting interface mode on port 'v_demosaic/m_axis_video_V_last_V' to 'axis' (register, both mode).
INFO: [RTGEN 206-500] Setting interface mode on port 'v_demosaic/m_axis_video_V_id_V' to 'axis' (register, both mode).
INFO: [RTGEN 206-500] Setting interface mode on port 'v_demosaic/m_axis_video_V_dest_V' to 'axis' (register, both mode).
INFO: [RTGEN 206-500] Setting interface mode on function 'v_demosaic' to 's_axilite & ap_ctrl_hs'.
INFO: [RTGEN 206-100] Bundling port 'HwReg_width', 'HwReg_height', 'HwReg_bayer_phase' and 'return' to AXI-Lite port CTRL.
WARNING: [RTGEN 206-101] RTL name 'fifo_w8_d2_A' is changed to 'fifo_w8_d2_A_x' due to conflict.
WARNING: [RTGEN 206-101] RTL name 'fifo_w16_d2_A' is changed to 'fifo_w16_d2_A_x' due to conflict.
INFO: [SYN 201-210] Renamed object name 'start_for_Debayer_U0' to 'start_for_Debayerocq' due to the length limit 20
INFO: [SYN 201-210] Renamed object name 'start_for_MultiPixStream2AXIvi_U0' to 'start_for_MultiPipcA' due to the length limit 20
INFO: [RTGEN 206-100] Finished creating RTL model for 'v_demosaic'.
INFO: [HLS 200-111]  Elapsed time: 0.529 seconds; current allocated memory: 326.091 MB.
INFO: [WVHDL 200-304] Encrypting RTL VHDL done.
INFO: [WVHDL 200-304] Encrypting RTL Verilog done.
INFO: [RTMG 210-279] Implementing memory 'system_v_demosaic_0_0_DebayerG_DIV1_TABLE_rom' using auto ROMs.
INFO: [RTMG 210-279] Implementing memory 'system_v_demosaic_0_0_DebayerG_DIV2_TABLE_rom' using auto ROMs.
INFO: [RTMG 210-278] Implementing memory 'system_v_demosaic_0_0_DebayerG_linebuf_bkb_ram (RAM)' using block RAMs.
INFO: [RTMG 210-278] Implementing memory 'system_v_demosaic_0_0_DebayerRatBorBatRjbC_ram (RAM)' using block RAMs.
INFO: [RTMG 210-285] Implementing FIFO 'imgG_V_val_0_V_U(system_v_demosaic_0_0_fifo_w8_d2_A)' using Shift Registers.
INFO: [RTMG 210-285] Implementing FIFO 'imgG_V_val_1_V_U(system_v_demosaic_0_0_fifo_w8_d2_A)' using Shift Registers.
INFO: [RTMG 210-285] Implementing FIFO 'imgG_V_val_2_V_U(system_v_demosaic_0_0_fifo_w8_d2_A)' using Shift Registers.
INFO: [RTMG 210-285] Implementing FIFO 'bayerPhase_c_i_U(system_v_demosaic_0_0_fifo_w16_d2_A)' using Shift Registers.
INFO: [RTMG 210-285] Implementing FIFO 'imgRB_V_val_0_V_U(system_v_demosaic_0_0_fifo_w8_d2_A)' using Shift Registers.
INFO: [RTMG 210-285] Implementing FIFO 'imgRB_V_val_1_V_U(system_v_demosaic_0_0_fifo_w8_d2_A)' using Shift Registers.
INFO: [RTMG 210-285] Implementing FIFO 'imgRB_V_val_2_V_U(system_v_demosaic_0_0_fifo_w8_d2_A)' using Shift Registers.
INFO: [RTMG 210-285] Implementing FIFO 'bayerPhase_c3_i_U(system_v_demosaic_0_0_fifo_w16_d2_A)' using Shift Registers.
INFO: [RTMG 210-285] Implementing FIFO 'imgBayer_V_val_0_V_U(system_v_demosaic_0_0_fifo_w8_d2_A_x)' using Shift Registers.
INFO: [RTMG 210-285] Implementing FIFO 'HwReg_bayer_phase_c_U(system_v_demosaic_0_0_fifo_w16_d2_A_x)' using Shift Registers.
INFO: [RTMG 210-285] Implementing FIFO 'imgRgb_V_val_0_V_U(system_v_demosaic_0_0_fifo_w8_d2_A_x)' using Shift Registers.
INFO: [RTMG 210-285] Implementing FIFO 'imgRgb_V_val_1_V_U(system_v_demosaic_0_0_fifo_w8_d2_A_x)' using Shift Registers.
INFO: [RTMG 210-285] Implementing FIFO 'imgRgb_V_val_2_V_U(system_v_demosaic_0_0_fifo_w8_d2_A_x)' using Shift Registers.
INFO: [RTMG 210-285] Implementing FIFO 'start_for_Debayerocq_U(system_v_demosaic_0_0_start_for_Debayerocq)' using Shift Registers.
INFO: [RTMG 210-285] Implementing FIFO 'start_for_MultiPipcA_U(system_v_demosaic_0_0_start_for_MultiPipcA)' using Shift Registers.
INFO: [HLS 200-111] Finished generating all RTL models Time (s): cpu = 00:00:32 ; elapsed = 00:00:59 . Memory (MB): peak = 887.023 ; gain = 796.867
INFO: [VHDL 208-304] Generating VHDL RTL for v_demosaic with prefix system_v_demosaic_0_0_.
INFO: [VLOG 209-307] Generating Verilog RTL for v_demosaic with prefix system_v_demosaic_0_0_.
INFO: [IMPL 213-8] Exporting RTL as a Vivado IP.

****** Vivado v2020.1 (64-bit)
  **** SW Build 2902540 on Wed May 27 19:54:49 MDT 2020
  **** IP Build 2902112 on Wed May 27 22:43:36 MDT 2020
    ** Copyright 1986-2020 Xilinx, Inc. All Rights Reserved.

source run_ippack.tcl -notrace
INFO: [IP_Flow 19-234] Refreshing IP repositories
INFO: [IP_Flow 19-1704] No user IP repositories specified
INFO: [IP_Flow 19-2313] Loaded Vivado IP repository 'C:/Xilinx/Vivado/2020.1/data/ip'.
INFO: [Common 17-206] Exiting Vivado at Sun Mar  8 18:06:13 2026...
INFO: [HLS 200-112] Total elapsed time: 72.359 seconds; peak allocated memory: 326.091 MB.
INFO: [Common 17-206] Exiting vivado_hls at Sun Mar  8 18:06:14 2026...
