
****** Vivado(TM) HLS - High-Level Synthesis from C, C++ and SystemC v2020.1 (64-bit)
  **** SW Build 2902540 on Wed May 27 19:54:49 MDT 2020
  **** IP Build 2902112 on Wed May 27 22:43:36 MDT 2020
    ** Copyright 1986-2020 Xilinx, Inc. All Rights Reserved.

source C:/Xilinx/Vivado/2020.1/scripts/vivado_hls/hls.tcl -notrace
INFO: Applying HLS Y2K22 patch v1.2 for IP revision
INFO: [HLS 200-10] Running 'C:/Xilinx/Vivado/2020.1/bin/unwrapped/win64.o/vivado_hls.exe'
INFO: [HLS 200-10] For user 'zfsalti' on host 'co2041-13' (Windows NT_amd64 version 6.2) on Sun Mar 08 18:05:32 -0500 2026
INFO: [HLS 200-10] In directory 'C:/Users/zfsalti/488/MP-2/MP2.xpr/MP2/MP2.runs/bd_2d50_csc_0_synth_1'
Sourcing Tcl script 'C:/Users/zfsalti/488/MP-2/MP2.xpr/MP2/MP2.runs/bd_2d50_csc_0_synth_1/runhls.tcl'
INFO: [HLS 200-10] Creating and opening project 'C:/Users/zfsalti/488/MP-2/MP2.xpr/MP2/MP2.runs/bd_2d50_csc_0_synth_1/bd_2d50_csc_0'.
INFO: [HLS 200-10] Adding design file 'c:/Users/zfsalti/488/MP-2/MP2.xpr/MP2/MP2.srcs/sources_1/bd/system/ip/system_v_proc_ss_0_0/bd_0/ip/ip_0/src/v_csc_config.h' to the project
INFO: [HLS 200-10] Adding design file 'c:/Users/zfsalti/488/MP-2/MP2.xpr/MP2/MP2.srcs/sources_1/bd/system/ip/system_v_proc_ss_0_0/bd_0/ip/ip_0/src/v_csc.cpp' to the project
INFO: [HLS 200-10] Adding design file 'c:/Users/zfsalti/488/MP-2/MP2.xpr/MP2/MP2.srcs/sources_1/bd/system/ip/system_v_proc_ss_0_0/bd_0/ip/ip_0/src/v_csc.h' to the project
INFO: [HLS 200-10] Adding design file 'c:/Users/zfsalti/488/MP-2/MP2.xpr/MP2/MP2.srcs/sources_1/bd/system/ip/system_v_proc_ss_0_0/bd_0/ip/ip_0/src/hls_video.h' to the project
INFO: [HLS 200-10] Adding design file 'c:/Users/zfsalti/488/MP-2/MP2.xpr/MP2/MP2.srcs/sources_1/bd/system/ip/system_v_proc_ss_0_0/bd_0/ip/ip_0/src/hls_opencv.h' to the project
INFO: [HLS 200-10] Adding design file 'c:/Users/zfsalti/488/MP-2/MP2.xpr/MP2/MP2.srcs/sources_1/bd/system/ip/system_v_proc_ss_0_0/bd_0/ip/ip_0/src/hls/hls_axi_io.h' to the project
INFO: [HLS 200-10] Adding design file 'c:/Users/zfsalti/488/MP-2/MP2.xpr/MP2/MP2.srcs/sources_1/bd/system/ip/system_v_proc_ss_0_0/bd_0/ip/ip_0/src/hls/hls_video_arithm.h' to the project
INFO: [HLS 200-10] Adding design file 'c:/Users/zfsalti/488/MP-2/MP2.xpr/MP2/MP2.srcs/sources_1/bd/system/ip/system_v_proc_ss_0_0/bd_0/ip/ip_0/src/hls/hls_video_core.h' to the project
INFO: [HLS 200-10] Adding design file 'c:/Users/zfsalti/488/MP-2/MP2.xpr/MP2/MP2.srcs/sources_1/bd/system/ip/system_v_proc_ss_0_0/bd_0/ip/ip_0/src/hls/hls_video_fast.h' to the project
INFO: [HLS 200-10] Adding design file 'c:/Users/zfsalti/488/MP-2/MP2.xpr/MP2/MP2.srcs/sources_1/bd/system/ip/system_v_proc_ss_0_0/bd_0/ip/ip_0/src/hls/hls_video_haar.h' to the project
INFO: [HLS 200-10] Adding design file 'c:/Users/zfsalti/488/MP-2/MP2.xpr/MP2/MP2.srcs/sources_1/bd/system/ip/system_v_proc_ss_0_0/bd_0/ip/ip_0/src/hls/hls_video_harris.h' to the project
INFO: [HLS 200-10] Adding design file 'c:/Users/zfsalti/488/MP-2/MP2.xpr/MP2/MP2.srcs/sources_1/bd/system/ip/system_v_proc_ss_0_0/bd_0/ip/ip_0/src/hls/hls_video_histogram.h' to the project
INFO: [HLS 200-10] Adding design file 'c:/Users/zfsalti/488/MP-2/MP2.xpr/MP2/MP2.srcs/sources_1/bd/system/ip/system_v_proc_ss_0_0/bd_0/ip/ip_0/src/hls/hls_video_hough.h' to the project
INFO: [HLS 200-10] Adding design file 'c:/Users/zfsalti/488/MP-2/MP2.xpr/MP2/MP2.srcs/sources_1/bd/system/ip/system_v_proc_ss_0_0/bd_0/ip/ip_0/src/hls/hls_video_imgbase.h' to the project
INFO: [HLS 200-10] Adding design file 'c:/Users/zfsalti/488/MP-2/MP2.xpr/MP2/MP2.srcs/sources_1/bd/system/ip/system_v_proc_ss_0_0/bd_0/ip/ip_0/src/hls/hls_video_imgproc.h' to the project
INFO: [HLS 200-10] Adding design file 'c:/Users/zfsalti/488/MP-2/MP2.xpr/MP2/MP2.srcs/sources_1/bd/system/ip/system_v_proc_ss_0_0/bd_0/ip/ip_0/src/hls/hls_video_io.h' to the project
INFO: [HLS 200-10] Adding design file 'c:/Users/zfsalti/488/MP-2/MP2.xpr/MP2/MP2.srcs/sources_1/bd/system/ip/system_v_proc_ss_0_0/bd_0/ip/ip_0/src/hls/hls_video_mem.h' to the project
INFO: [HLS 200-10] Adding design file 'c:/Users/zfsalti/488/MP-2/MP2.xpr/MP2/MP2.srcs/sources_1/bd/system/ip/system_v_proc_ss_0_0/bd_0/ip/ip_0/src/hls/hls_video_stereobm.h' to the project
INFO: [HLS 200-10] Adding design file 'c:/Users/zfsalti/488/MP-2/MP2.xpr/MP2/MP2.srcs/sources_1/bd/system/ip/system_v_proc_ss_0_0/bd_0/ip/ip_0/src/hls/hls_video_types.h' to the project
INFO: [HLS 200-10] Adding design file 'c:/Users/zfsalti/488/MP-2/MP2.xpr/MP2/MP2.srcs/sources_1/bd/system/ip/system_v_proc_ss_0_0/bd_0/ip/ip_0/src/hls/hls_video_undistort.h' to the project
INFO: [HLS 200-10] Creating and opening solution 'C:/Users/zfsalti/488/MP-2/MP2.xpr/MP2/MP2.runs/bd_2d50_csc_0_synth_1/bd_2d50_csc_0/prj'.
INFO: [HLS 200-10] Setting target device to 'xc7z020-clg484-1'
INFO: [SYN 201-201] Setting up clock 'ap_clk' with a period of 6.667ns.
INFO: [SCHED 204-61] Option 'relax_ii_for_timing' is enabled, will increase II to preserve clock frequency constraints.
INFO: [HLS 200-10] Analyzing design file 'c:/Users/zfsalti/488/MP-2/MP2.xpr/MP2/MP2.srcs/sources_1/bd/system/ip/system_v_proc_ss_0_0/bd_0/ip/ip_0/src/v_csc.cpp' ... 
INFO: [HLS 200-111] Finished Linking Time (s): cpu = 00:00:02 ; elapsed = 00:00:19 . Memory (MB): peak = 886.664 ; gain = 793.660
INFO: [HLS 200-111] Finished Checking Pragmas Time (s): cpu = 00:00:02 ; elapsed = 00:00:19 . Memory (MB): peak = 886.664 ; gain = 793.660
INFO: [HLS 200-10] Starting code transformations ...
INFO: [XFORM 203-603] Inlining function 'hls::AXIGetBitFields<24, ap_uint<8> >.1' into 'hls::AXIGetBitFields<24, ap_uint<8> >' (c:/Users/zfsalti/488/MP-2/MP2.xpr/MP2/MP2.srcs/sources_1/bd/system/ip/system_v_proc_ss_0_0/bd_0/ip/ip_0/src/hls/hls_axi_io.h:71).
INFO: [XFORM 203-603] Inlining function 'hls::AXIGetBitFields<24, ap_uint<8> >' into 'AXIvideo2MultiPixStream' (c:/Users/zfsalti/488/MP-2/MP2.xpr/MP2/MP2.srcs/sources_1/bd/system/ip/system_v_proc_ss_0_0/bd_0/ip/ip_0/src/v_csc.cpp:440).
INFO: [XFORM 203-603] Inlining function 'hls::AXIGetBitFields<24, ap_uint<8> >' into 'AXIvideo2MultiPixStream' (c:/Users/zfsalti/488/MP-2/MP2.xpr/MP2/MP2.srcs/sources_1/bd/system/ip/system_v_proc_ss_0_0/bd_0/ip/ip_0/src/v_csc.cpp:441).
INFO: [XFORM 203-603] Inlining function 'hls::AXIGetBitFields<24, ap_uint<8> >' into 'AXIvideo2MultiPixStream' (c:/Users/zfsalti/488/MP-2/MP2.xpr/MP2/MP2.srcs/sources_1/bd/system/ip/system_v_proc_ss_0_0/bd_0/ip/ip_0/src/v_csc.cpp:442).
INFO: [HLS 200-111] Finished Standard Transforms Time (s): cpu = 00:00:02 ; elapsed = 00:00:20 . Memory (MB): peak = 886.664 ; gain = 793.660
INFO: [HLS 200-10] Checking synthesizability ...
WARNING: [SYNCHK 200-23] c:/Users/zfsalti/488/MP-2/MP2.xpr/MP2/MP2.srcs/sources_1/bd/system/ip/system_v_proc_ss_0_0/bd_0/ip/ip_0/src/v_csc.cpp:564: variable-indexed range selection may cause suboptimal QoR.
INFO: [SYNCHK 200-10] 0 error(s), 1 warning(s).
INFO: [HLS 200-111] Finished Checking Synthesizability Time (s): cpu = 00:00:03 ; elapsed = 00:00:21 . Memory (MB): peak = 886.664 ; gain = 793.660
INFO: [XFORM 203-502] Unrolling all sub-loops inside loop 'Loop-1.1' in function 'v_csc_core' for pipelining.
INFO: [XFORM 203-502] Unrolling all sub-loops inside loop 'Loop-1.1' in function 'MultiPixStream2AXIvideo' for pipelining.
INFO: [XFORM 203-502] Unrolling all sub-loops inside loop 'loop_width' in function 'AXIvideo2MultiPixStream' for pipelining.
INFO: [HLS 200-489] Unrolling loop 'Loop-1.1.1' in function 'v_csc_core' completely with a factor of 3.
INFO: [HLS 200-489] Unrolling loop 'Loop-1.1.2' in function 'v_csc_core' completely with a factor of 1.
INFO: [HLS 200-489] Unrolling loop 'Loop-1.1.1' in function 'MultiPixStream2AXIvideo' completely with a factor of 3.
INFO: [HLS 200-489] Unrolling loop 'Loop-1.1.2' in function 'MultiPixStream2AXIvideo' completely with a factor of 1.
INFO: [HLS 200-489] Unrolling loop 'Loop-1.1.2.1' in function 'MultiPixStream2AXIvideo' completely with a factor of 3.
INFO: [HLS 200-489] Unrolling loop 'Loop-2.1.1' in function 'AXIvideo2MultiPixStream' completely with a factor of 1.
INFO: [HLS 200-489] Unrolling loop 'Loop-2.1.1.1' in function 'AXIvideo2MultiPixStream' completely with a factor of 3.
INFO: [XFORM 203-102] Automatically partitioning streamed array 'stream_in.V.val.V' .
INFO: [XFORM 203-102] Automatically partitioning streamed array 'stream_csc.V.val.V' .
INFO: [XFORM 203-101] Partitioning array 'map' in dimension 1 completely.
INFO: [XFORM 203-712] Applying dataflow to function 'v_csc' , detected/extracted 3 process function(s): 
	 'AXIvideo2MultiPixStream'
	 'v_csc_core'
	 'MultiPixStream2AXIvideo'.
INFO: [XFORM 203-401] Performing if-conversion on hyperblock in function 'v_csc_core'... converting 7 basic blocks.
INFO: [XFORM 203-401] Performing if-conversion on hyperblock in function 'AXIvideo2MultiPixStream'... converting 4 basic blocks.
INFO: [HLS 200-111] Finished Pre-synthesis Time (s): cpu = 00:00:04 ; elapsed = 00:00:22 . Memory (MB): peak = 886.664 ; gain = 793.660
WARNING: [XFORM 203-631] Renaming function 'MultiPixStream2AXIvideo' to 'MultiPixStream2AXIvi' 
WARNING: [XFORM 203-631] Renaming function 'AXIvideo2MultiPixStream' to 'AXIvideo2MultiPixStr' 
INFO: [HLS 200-111] Finished Architecture Synthesis Time (s): cpu = 00:00:05 ; elapsed = 00:00:23 . Memory (MB): peak = 886.664 ; gain = 793.660
INFO: [HLS 200-10] Starting hardware synthesis ...
INFO: [HLS 200-10] Synthesizing 'v_csc' ...
WARNING: [SYN 201-103] Legalizing function name 'reg<unsigned short>' to 'reg_unsigned_short_s'.
INFO: [HLS 200-10] ----------------------------------------------------------------
INFO: [HLS 200-42] -- Implementing module 'reg_unsigned_short_s' 
INFO: [HLS 200-10] ----------------------------------------------------------------
INFO: [SCHED 204-11] Starting scheduling ...
INFO: [SCHED 204-11] Finished scheduling.
INFO: [HLS 200-111]  Elapsed time: 23.346 seconds; current allocated memory: 281.255 MB.
INFO: [BIND 205-100] Starting micro-architecture generation ...
INFO: [BIND 205-101] Performing variable lifetime analysis.
INFO: [BIND 205-101] Exploring resource sharing.
INFO: [BIND 205-101] Binding ...
INFO: [BIND 205-100] Finished micro-architecture generation.
INFO: [HLS 200-111]  Elapsed time: 0.088 seconds; current allocated memory: 281.302 MB.
INFO: [HLS 200-10] ----------------------------------------------------------------
INFO: [HLS 200-42] -- Implementing module 'AXIvideo2MultiPixStr' 
INFO: [HLS 200-10] ----------------------------------------------------------------
INFO: [SCHED 204-11] Starting scheduling ...
INFO: [SCHED 204-61] Pipelining loop 'loop_wait_for_start'.
INFO: [SCHED 204-61] Pipelining result : Target II = 1, Final II = 1, Depth = 1.
INFO: [SCHED 204-61] Pipelining loop 'loop_width'.
INFO: [SCHED 204-61] Pipelining result : Target II = 1, Final II = 1, Depth = 2.
INFO: [SCHED 204-61] Pipelining loop 'loop_wait_for_eol'.
INFO: [SCHED 204-61] Pipelining result : Target II = 1, Final II = 1, Depth = 1.
INFO: [SCHED 204-11] Finished scheduling.
INFO: [HLS 200-111]  Elapsed time: 0.156 seconds; current allocated memory: 281.743 MB.
INFO: [BIND 205-100] Starting micro-architecture generation ...
INFO: [BIND 205-101] Performing variable lifetime analysis.
INFO: [BIND 205-101] Exploring resource sharing.
INFO: [BIND 205-101] Binding ...
INFO: [BIND 205-100] Finished micro-architecture generation.
INFO: [HLS 200-111]  Elapsed time: 0.453 seconds; current allocated memory: 282.055 MB.
INFO: [HLS 200-10] ----------------------------------------------------------------
INFO: [HLS 200-42] -- Implementing module 'v_csc_core' 
INFO: [HLS 200-10] ----------------------------------------------------------------
INFO: [SCHED 204-11] Starting scheduling ...
INFO: [SCHED 204-61] Pipelining loop 'Loop 1.1'.
INFO: [SCHED 204-61] Pipelining result : Target II = 1, Final II = 1, Depth = 6.
WARNING: [SCHED 204-21] Estimated clock period (6.38ns) exceeds the target (target clock period: 6.667ns, clock uncertainty: 0.833375ns, effective delay budget: 5.83362ns).
WARNING: [SCHED 204-21] The critical path in module 'v_csc_core' consists of the following:
	'mul' operation of DSP[92] ('mul_ln362_2', c:/Users/zfsalti/488/MP-2/MP2.xpr/MP2/MP2.srcs/sources_1/bd/system/ip/system_v_proc_ss_0_0/bd_0/ip/ip_0/src/v_csc.cpp:362) [92]  (6.38 ns)
INFO: [SCHED 204-11] Finished scheduling.
INFO: [HLS 200-111]  Elapsed time: 0.517 seconds; current allocated memory: 282.440 MB.
INFO: [BIND 205-100] Starting micro-architecture generation ...
INFO: [BIND 205-101] Performing variable lifetime analysis.
INFO: [BIND 205-101] Exploring resource sharing.
INFO: [BIND 205-101] Binding ...
INFO: [BIND 205-100] Finished micro-architecture generation.
INFO: [HLS 200-111]  Elapsed time: 0.634 seconds; current allocated memory: 282.883 MB.
INFO: [HLS 200-10] ----------------------------------------------------------------
INFO: [HLS 200-42] -- Implementing module 'MultiPixStream2AXIvi' 
INFO: [HLS 200-10] ----------------------------------------------------------------
INFO: [SCHED 204-11] Starting scheduling ...
INFO: [SCHED 204-61] Pipelining loop 'Loop 1.1'.
INFO: [SCHED 204-61] Pipelining result : Target II = 1, Final II = 1, Depth = 4.
INFO: [SCHED 204-11] Finished scheduling.
INFO: [HLS 200-111]  Elapsed time: 0.685 seconds; current allocated memory: 283.066 MB.
INFO: [BIND 205-100] Starting micro-architecture generation ...
INFO: [BIND 205-101] Performing variable lifetime analysis.
INFO: [BIND 205-101] Exploring resource sharing.
INFO: [BIND 205-101] Binding ...
INFO: [BIND 205-100] Finished micro-architecture generation.
INFO: [HLS 200-111]  Elapsed time: 0.425 seconds; current allocated memory: 292.386 MB.
INFO: [HLS 200-10] ----------------------------------------------------------------
INFO: [HLS 200-42] -- Implementing module 'v_csc' 
INFO: [HLS 200-10] ----------------------------------------------------------------
INFO: [SCHED 204-11] Starting scheduling ...
INFO: [SCHED 204-11] Finished scheduling.
INFO: [HLS 200-111]  Elapsed time: 0.424 seconds; current allocated memory: 292.582 MB.
INFO: [BIND 205-100] Starting micro-architecture generation ...
INFO: [BIND 205-101] Performing variable lifetime analysis.
INFO: [BIND 205-101] Exploring resource sharing.
INFO: [BIND 205-101] Binding ...
INFO: [BIND 205-100] Finished micro-architecture generation.
INFO: [HLS 200-111]  Elapsed time: 0.719 seconds; current allocated memory: 293.081 MB.
INFO: [HLS 200-10] ----------------------------------------------------------------
INFO: [HLS 200-10] -- Generating RTL for module 'reg_unsigned_short_s' 
INFO: [HLS 200-10] ----------------------------------------------------------------
INFO: [RTGEN 206-100] Finished creating RTL model for 'reg_unsigned_short_s'.
INFO: [HLS 200-111]  Elapsed time: 0.889 seconds; current allocated memory: 293.232 MB.
INFO: [HLS 200-10] ----------------------------------------------------------------
INFO: [HLS 200-10] -- Generating RTL for module 'AXIvideo2MultiPixStr' 
INFO: [HLS 200-10] ----------------------------------------------------------------
INFO: [RTGEN 206-100] Finished creating RTL model for 'AXIvideo2MultiPixStr'.
INFO: [HLS 200-111]  Elapsed time: 0.135 seconds; current allocated memory: 294.191 MB.
INFO: [WVHDL 200-304] Encrypting RTL VHDL done.
INFO: [WVHDL 200-304] Encrypting RTL Verilog done.
INFO: [HLS 200-10] ----------------------------------------------------------------
INFO: [HLS 200-10] -- Generating RTL for module 'v_csc_core' 
INFO: [HLS 200-10] ----------------------------------------------------------------
INFO: [SYN 201-210] Renamed object name 'v_csc_mul_mul_8ns_16s_24_1_1' to 'v_csc_mul_mul_8nsbkb' due to the length limit 20
INFO: [SYN 201-210] Renamed object name 'v_csc_mac_muladd_8ns_16s_22s_25_1_1' to 'v_csc_mac_muladd_cud' due to the length limit 20
INFO: [SYN 201-210] Renamed object name 'v_csc_mac_muladd_8ns_16s_24s_25_1_1' to 'v_csc_mac_muladd_dEe' due to the length limit 20
INFO: [RTGEN 206-100] Generating core module 'v_csc_mac_muladd_cud': 3 instance(s).
INFO: [RTGEN 206-100] Generating core module 'v_csc_mac_muladd_dEe': 3 instance(s).
INFO: [RTGEN 206-100] Generating core module 'v_csc_mul_mul_8nsbkb': 3 instance(s).
INFO: [RTGEN 206-100] Finished creating RTL model for 'v_csc_core'.
INFO: [HLS 200-111]  Elapsed time: 0.601 seconds; current allocated memory: 294.260 MB.
INFO: [WVHDL 200-304] Encrypting RTL VHDL done.
INFO: [WVHDL 200-304] Encrypting RTL Verilog done.
INFO: [HLS 200-10] ----------------------------------------------------------------
INFO: [HLS 200-10] -- Generating RTL for module 'MultiPixStream2AXIvi' 
INFO: [HLS 200-10] ----------------------------------------------------------------
INFO: [RTGEN 206-100] Finished creating RTL model for 'MultiPixStream2AXIvi'.
INFO: [HLS 200-111]  Elapsed time: 0.815 seconds; current allocated memory: 294.919 MB.
INFO: [WVHDL 200-304] Encrypting RTL VHDL done.
INFO: [WVHDL 200-304] Encrypting RTL Verilog done.
INFO: [HLS 200-10] ----------------------------------------------------------------
INFO: [HLS 200-10] -- Generating RTL for module 'v_csc' 
INFO: [HLS 200-10] ----------------------------------------------------------------
INFO: [RTGEN 206-500] Setting interface mode on port 'v_csc/s_axis_video_V_data_V' to 'axis' (register, both mode).
INFO: [RTGEN 206-500] Setting interface mode on port 'v_csc/s_axis_video_V_keep_V' to 'axis' (register, both mode).
INFO: [RTGEN 206-500] Setting interface mode on port 'v_csc/s_axis_video_V_strb_V' to 'axis' (register, both mode).
INFO: [RTGEN 206-500] Setting interface mode on port 'v_csc/s_axis_video_V_user_V' to 'axis' (register, both mode).
INFO: [RTGEN 206-500] Setting interface mode on port 'v_csc/s_axis_video_V_last_V' to 'axis' (register, both mode).
INFO: [RTGEN 206-500] Setting interface mode on port 'v_csc/s_axis_video_V_id_V' to 'axis' (register, both mode).
INFO: [RTGEN 206-500] Setting interface mode on port 'v_csc/s_axis_video_V_dest_V' to 'axis' (register, both mode).
INFO: [RTGEN 206-500] Setting interface mode on port 'v_csc/HwReg_InVideoFormat' to 's_axilite & ap_stable'.
INFO: [RTGEN 206-500] Setting interface mode on port 'v_csc/HwReg_OutVideoFormat' to 's_axilite & ap_stable'.
INFO: [RTGEN 206-500] Setting interface mode on port 'v_csc/HwReg_width' to 's_axilite & ap_stable'.
INFO: [RTGEN 206-500] Setting interface mode on port 'v_csc/HwReg_height' to 's_axilite & ap_stable'.
INFO: [RTGEN 206-500] Setting interface mode on port 'v_csc/HwReg_K11' to 's_axilite & ap_stable'.
INFO: [RTGEN 206-500] Setting interface mode on port 'v_csc/HwReg_K12' to 's_axilite & ap_stable'.
INFO: [RTGEN 206-500] Setting interface mode on port 'v_csc/HwReg_K13' to 's_axilite & ap_stable'.
INFO: [RTGEN 206-500] Setting interface mode on port 'v_csc/HwReg_K21' to 's_axilite & ap_stable'.
INFO: [RTGEN 206-500] Setting interface mode on port 'v_csc/HwReg_K22' to 's_axilite & ap_stable'.
INFO: [RTGEN 206-500] Setting interface mode on port 'v_csc/HwReg_K23' to 's_axilite & ap_stable'.
INFO: [RTGEN 206-500] Setting interface mode on port 'v_csc/HwReg_K31' to 's_axilite & ap_stable'.
INFO: [RTGEN 206-500] Setting interface mode on port 'v_csc/HwReg_K32' to 's_axilite & ap_stable'.
INFO: [RTGEN 206-500] Setting interface mode on port 'v_csc/HwReg_K33' to 's_axilite & ap_stable'.
INFO: [RTGEN 206-500] Setting interface mode on port 'v_csc/HwReg_ROffset_V' to 's_axilite & ap_stable'.
INFO: [RTGEN 206-500] Setting interface mode on port 'v_csc/HwReg_GOffset_V' to 's_axilite & ap_stable'.
INFO: [RTGEN 206-500] Setting interface mode on port 'v_csc/HwReg_BOffset_V' to 's_axilite & ap_stable'.
INFO: [RTGEN 206-500] Setting interface mode on port 'v_csc/HwReg_ClampMin_V' to 's_axilite & ap_stable'.
INFO: [RTGEN 206-500] Setting interface mode on port 'v_csc/HwReg_ClipMax_V' to 's_axilite & ap_stable'.
INFO: [RTGEN 206-500] Setting interface mode on port 'v_csc/m_axis_video_V_data_V' to 'axis' (register, both mode).
INFO: [RTGEN 206-500] Setting interface mode on port 'v_csc/m_axis_video_V_keep_V' to 'axis' (register, both mode).
INFO: [RTGEN 206-500] Setting interface mode on port 'v_csc/m_axis_video_V_strb_V' to 'axis' (register, both mode).
INFO: [RTGEN 206-500] Setting interface mode on port 'v_csc/m_axis_video_V_user_V' to 'axis' (register, both mode).
INFO: [RTGEN 206-500] Setting interface mode on port 'v_csc/m_axis_video_V_last_V' to 'axis' (register, both mode).
INFO: [RTGEN 206-500] Setting interface mode on port 'v_csc/m_axis_video_V_id_V' to 'axis' (register, both mode).
INFO: [RTGEN 206-500] Setting interface mode on port 'v_csc/m_axis_video_V_dest_V' to 'axis' (register, both mode).
INFO: [RTGEN 206-500] Setting interface mode on function 'v_csc' to 's_axilite & ap_ctrl_hs'.
INFO: [RTGEN 206-100] Bundling port 'HwReg_InVideoFormat', 'HwReg_OutVideoFormat', 'HwReg_width', 'HwReg_height', 'HwReg_K11', 'HwReg_K12', 'HwReg_K13', 'HwReg_K21', 'HwReg_K22', 'HwReg_K23', 'HwReg_K31', 'HwReg_K32', 'HwReg_K33', 'HwReg_ROffset_V', 'HwReg_GOffset_V', 'HwReg_BOffset_V', 'HwReg_ClampMin_V', 'HwReg_ClipMax_V' and 'return' to AXI-Lite port CTRL.
INFO: [SYN 201-210] Renamed object name 'start_for_v_csc_core_U0' to 'start_for_v_csc_ceOg' due to the length limit 20
INFO: [SYN 201-210] Renamed object name 'start_for_MultiPixStream2AXIvi_U0' to 'start_for_MultiPifYi' due to the length limit 20
INFO: [RTGEN 206-100] Finished creating RTL model for 'v_csc'.
INFO: [HLS 200-111]  Elapsed time: 0.892 seconds; current allocated memory: 295.621 MB.
INFO: [WVHDL 200-304] Encrypting RTL VHDL done.
INFO: [WVHDL 200-304] Encrypting RTL Verilog done.
INFO: [RTMG 210-285] Implementing FIFO 'stream_in_V_val_0_V_U(bd_2d50_csc_0_fifo_w8_d2_A)' using Shift Registers.
INFO: [RTMG 210-285] Implementing FIFO 'stream_in_V_val_1_V_U(bd_2d50_csc_0_fifo_w8_d2_A)' using Shift Registers.
INFO: [RTMG 210-285] Implementing FIFO 'stream_in_V_val_2_V_U(bd_2d50_csc_0_fifo_w8_d2_A)' using Shift Registers.
INFO: [RTMG 210-285] Implementing FIFO 'stream_csc_V_val_0_s_U(bd_2d50_csc_0_fifo_w8_d2_A)' using Shift Registers.
INFO: [RTMG 210-285] Implementing FIFO 'stream_csc_V_val_1_s_U(bd_2d50_csc_0_fifo_w8_d2_A)' using Shift Registers.
INFO: [RTMG 210-285] Implementing FIFO 'stream_csc_V_val_2_s_U(bd_2d50_csc_0_fifo_w8_d2_A)' using Shift Registers.
INFO: [RTMG 210-285] Implementing FIFO 'start_for_v_csc_ceOg_U(bd_2d50_csc_0_start_for_v_csc_ceOg)' using Shift Registers.
INFO: [RTMG 210-285] Implementing FIFO 'start_for_MultiPifYi_U(bd_2d50_csc_0_start_for_MultiPifYi)' using Shift Registers.
INFO: [HLS 200-111] Finished generating all RTL models Time (s): cpu = 00:00:12 ; elapsed = 00:00:33 . Memory (MB): peak = 886.664 ; gain = 793.660
INFO: [VHDL 208-304] Generating VHDL RTL for v_csc with prefix bd_2d50_csc_0_.
INFO: [VLOG 209-307] Generating Verilog RTL for v_csc with prefix bd_2d50_csc_0_.
INFO: [IMPL 213-8] Exporting RTL as a Vivado IP.

****** Vivado v2020.1 (64-bit)
  **** SW Build 2902540 on Wed May 27 19:54:49 MDT 2020
  **** IP Build 2902112 on Wed May 27 22:43:36 MDT 2020
    ** Copyright 1986-2020 Xilinx, Inc. All Rights Reserved.

source run_ippack.tcl -notrace
INFO: [IP_Flow 19-234] Refreshing IP repositories
INFO: [IP_Flow 19-1704] No user IP repositories specified
INFO: [IP_Flow 19-2313] Loaded Vivado IP repository 'C:/Xilinx/Vivado/2020.1/data/ip'.
INFO: [Common 17-206] Exiting Vivado at Sun Mar  8 18:06:13 2026...
INFO: [HLS 200-112] Total elapsed time: 41.334 seconds; peak allocated memory: 295.621 MB.
INFO: [Common 17-206] Exiting vivado_hls at Sun Mar  8 18:06:14 2026...
