#-----------------------------------------------------------
# Vivado v2020.1 (64-bit)
# SW Build 2902540 on Wed May 27 19:54:49 MDT 2020
# IP Build 2902112 on Wed May 27 22:43:36 MDT 2020
# Start of session at: Thu Feb 26 08:18:27 2026
# Process ID: 17956
# Current directory: D:/TPG-test1/MP2
# Command line: vivado.exe -gui_launcher_event rodinguilauncherevent18472 D:\TPG-test1\MP2\MP2.xpr
# Log file: D:/TPG-test1/MP2/vivado.log
# Journal file: D:/TPG-test1/MP2\vivado.jou
#-----------------------------------------------------------
start_gui
open_project D:/TPG-test1/MP2/MP2.xpr
INFO: [Project 1-313] Project file moved from 'D:/phjunk/PrjAr/_X_' since last save.
Scanning sources...
Finished scanning sources
INFO: [IP_Flow 19-234] Refreshing IP repositories
INFO: [IP_Flow 19-1700] Loaded user IP repository 'd:/CPRE488_dev/git/cpre490h/Labs/Demo2019UpgradedHDMI/ZedBoard-FMC-Pcam-Adapter-DEMO.ipdefs/repo_0'.
INFO: [IP_Flow 19-2313] Loaded Vivado IP repository 'C:/Xilinx/Vivado/2020.1/data/ip'.
open_project: Time (s): cpu = 00:00:12 ; elapsed = 00:00:07 . Memory (MB): peak = 1080.680 ; gain = 0.000
update_compile_order -fileset sources_1
open_bd_design {D:/TPG-test1/MP2/MP2.srcs/sources_1/bd/system/system.bd}
Adding component instance block -- xilinx.com:module_ref:DVIClocking:1.0 - DVIClocking_0
Adding component instance block -- xilinx.com:ip:processing_system7:5.5 - processing_system7_0
WARNING: [BD 41-176] The physical port 'M_AXI_GP0_aximm_wr_socket' specified in the portmap, is not found on the block! 
WARNING: [BD 41-176] The physical port 'M_AXI_GP0_aximm_rd_socket' specified in the portmap, is not found on the block! 
WARNING: [BD 41-176] The physical port 'S_AXI_HP0_aximm_wr_socket' specified in the portmap, is not found on the block! 
WARNING: [BD 41-176] The physical port 'S_AXI_HP0_aximm_rd_socket' specified in the portmap, is not found on the block! 
WARNING: [BD 41-176] The physical port 'S_AXI_HP2_aximm_wr_socket' specified in the portmap, is not found on the block! 
WARNING: [BD 41-176] The physical port 'S_AXI_HP2_aximm_rd_socket' specified in the portmap, is not found on the block! 
Adding component instance block -- xilinx.com:ip:proc_sys_reset:5.0 - rst_clk_wiz_0_50M
Adding component instance block -- xilinx.com:ip:proc_sys_reset:5.0 - rst_system_150M
Adding component instance block -- xilinx.com:ip:proc_sys_reset:5.0 - rst_vid_clk_dyn
Adding component instance block -- xilinx.com:ip:v_axi4s_vid_out:4.0 - v_axi4s_vid_out_0
Adding component instance block -- xilinx.com:ip:xlconcat:2.1 - xlconcat_0
Adding component instance block -- xilinx.com:ip:xlconcat:2.1 - xlconcat_1
Adding component instance block -- xilinx.com:ip:axi_gpio:2.0 - axi_cama_bta
Adding component instance block -- xilinx.com:ip:axi_gpio:2.0 - axi_cama_gpio
Adding component instance block -- xilinx.com:ip:axi_interconnect:2.1 - axi_mem_intercon
Adding component instance block -- xilinx.com:ip:axi_protocol_converter:2.1 - auto_pc
Adding component instance block -- xilinx.com:ip:axi_interconnect:2.1 - axi_mem_intercon_1
Adding component instance block -- xilinx.com:ip:axi_crossbar:2.1 - xbar
Adding component instance block -- xilinx.com:ip:axi_protocol_converter:2.1 - auto_pc
Adding component instance block -- xilinx.com:ip:axi_vdma:6.3 - axi_vdma_a
Adding component instance block -- xilinx.com:ip:xlconstant:1.1 - cama_gpio_dir
Adding component instance block -- xilinx.com:ip:xlconstant:1.1 - cama_gpio_oen
Adding component instance block -- xilinx.com:ip:clk_wiz:6.0 - clk_wiz_0
Adding component instance block -- xilinx.com:ip:axi_interconnect:2.1 - ps7_0_axi_periph
Adding component instance block -- xilinx.com:ip:axi_crossbar:2.1 - xbar
Adding component instance block -- xilinx.com:ip:axi_register_slice:2.1 - s00_regslice
Adding component instance block -- xilinx.com:ip:axi_protocol_converter:2.1 - auto_pc
Adding component instance block -- xilinx.com:ip:axi_clock_converter:2.1 - auto_cc
Adding component instance block -- xilinx.com:ip:clk_wiz:6.0 - video_dynclk
Adding component instance block -- xilinx.com:ip:v_tc:6.2 - vtg
Adding component instance block -- xilinx.com:ip:axi_iic:2.0 - axi_iic_hdmi
Adding component instance block -- xilinx.com:ip:v_tpg:8.0 - v_tpg_0
Adding component instance block -- xilinx.com:ip:axis_subset_converter:1.1 - axis_subset_converter_0
WARNING: [BD 41-1731] Type mismatch between connected pins: /DVIClocking_0/PixelClk(undef) and /rst_vid_clk_dyn/slowest_sync_clk(clk)
WARNING: [BD 41-1731] Type mismatch between connected pins: /DVIClocking_0/PixelClk(undef) and /v_axi4s_vid_out_0/vid_io_out_clk(clk)
WARNING: [BD 41-1731] Type mismatch between connected pins: /DVIClocking_0/PixelClk(undef) and /vtg/clk(clk)
WARNING: [BD 41-1731] Type mismatch between connected pins: /video_dynclk/pxl_clk_5x(clk) and /DVIClocking_0/PixelClk5X(undef)
Successfully read diagram <system> from BD file <D:/TPG-test1/MP2/MP2.srcs/sources_1/bd/system/system.bd>
open_bd_design: Time (s): cpu = 00:00:07 ; elapsed = 00:00:06 . Memory (MB): peak = 1163.625 ; gain = 82.945
launch_runs impl_1 -to_step write_bitstream -jobs 16
[Thu Feb 26 08:19:34 2026] Launched system_DVIClocking_0_0_synth_1, system_xbar_5_synth_1, system_axi_vdma_a_0_synth_1, system_v_tpg_0_0_synth_1, system_axis_subset_converter_0_1_synth_1, system_auto_cc_0_synth_1, system_auto_pc_0_synth_1, system_auto_pc_1_synth_1, system_auto_pc_2_synth_1, system_s00_regslice_0_synth_1, synth_1...
Run output will be captured here:
system_DVIClocking_0_0_synth_1: D:/TPG-test1/MP2/MP2.runs/system_DVIClocking_0_0_synth_1/runme.log
system_xbar_5_synth_1: D:/TPG-test1/MP2/MP2.runs/system_xbar_5_synth_1/runme.log
system_axi_vdma_a_0_synth_1: D:/TPG-test1/MP2/MP2.runs/system_axi_vdma_a_0_synth_1/runme.log
system_v_tpg_0_0_synth_1: D:/TPG-test1/MP2/MP2.runs/system_v_tpg_0_0_synth_1/runme.log
system_axis_subset_converter_0_1_synth_1: D:/TPG-test1/MP2/MP2.runs/system_axis_subset_converter_0_1_synth_1/runme.log
system_auto_cc_0_synth_1: D:/TPG-test1/MP2/MP2.runs/system_auto_cc_0_synth_1/runme.log
system_auto_pc_0_synth_1: D:/TPG-test1/MP2/MP2.runs/system_auto_pc_0_synth_1/runme.log
system_auto_pc_1_synth_1: D:/TPG-test1/MP2/MP2.runs/system_auto_pc_1_synth_1/runme.log
system_auto_pc_2_synth_1: D:/TPG-test1/MP2/MP2.runs/system_auto_pc_2_synth_1/runme.log
system_s00_regslice_0_synth_1: D:/TPG-test1/MP2/MP2.runs/system_s00_regslice_0_synth_1/runme.log
synth_1: D:/TPG-test1/MP2/MP2.runs/synth_1/runme.log
[Thu Feb 26 08:19:34 2026] Launched impl_1...
Run output will be captured here: D:/TPG-test1/MP2/MP2.runs/impl_1/runme.log
launch_runs: Time (s): cpu = 00:00:03 ; elapsed = 00:00:08 . Memory (MB): peak = 1189.102 ; gain = 0.000
open_run impl_1
INFO: [Device 21-403] Loading part xc7z020clg484-1
Netlist sorting complete. Time (s): cpu = 00:00:01 ; elapsed = 00:00:00.420 . Memory (MB): peak = 1550.059 ; gain = 0.000
INFO: [Netlist 29-17] Analyzing 797 Unisim elements for replacement
INFO: [Netlist 29-28] Unisim Transformation completed in 0 CPU seconds
INFO: [Project 1-479] Netlist was created with Vivado 2020.1
INFO: [Project 1-570] Preparing netlist for logic optimization
INFO: [Timing 38-478] Restoring timing data from binary archive.
INFO: [Timing 38-479] Binary timing data restore complete.
INFO: [Project 1-856] Restoring constraints from binary archive.
INFO: [Project 1-853] Binary constraint restore complete.
Reading XDEF placement.
Reading placer database...
Reading XDEF routing.
Read XDEF File: Time (s): cpu = 00:00:01 ; elapsed = 00:00:01 . Memory (MB): peak = 2298.578 ; gain = 7.375
Restored from archive | CPU: 1.000000 secs | Memory: 0.000000 MB |
Finished XDEF File Restore: Time (s): cpu = 00:00:01 ; elapsed = 00:00:01 . Memory (MB): peak = 2298.578 ; gain = 7.375
Netlist sorting complete. Time (s): cpu = 00:00:00 ; elapsed = 00:00:00.006 . Memory (MB): peak = 2298.578 ; gain = 0.000
INFO: [Project 1-111] Unisim Transformation Summary:
  A total of 21 instances were transformed.
  IOBUF => IOBUF (IBUF, OBUFT): 14 instances
  RAM32M => RAM32M (RAMD32(x6), RAMS32(x2)): 4 instances
  RAM32X1D => RAM32X1D (RAMD32(x2)): 2 instances
  SRLC32E => SRL16E: 1 instance 

open_run: Time (s): cpu = 00:00:25 ; elapsed = 00:00:19 . Memory (MB): peak = 2471.668 ; gain = 1253.969
open_report: Time (s): cpu = 00:00:12 ; elapsed = 00:00:08 . Memory (MB): peak = 2547.887 ; gain = 54.746
CRITICAL WARNING: [Timing 38-282] The design failed to meet the timing requirements. Please see the timing summary report for details on the timing violations.
WARNING: [Timing 38-436] There are set_bus_skew constraint(s) in this design. Please run report_bus_skew to ensure that bus skew requirements are met.
close_design
set_property pfm_name {} [get_files -all {D:/TPG-test1/MP2/MP2.srcs/sources_1/bd/system/system.bd}]
write_hw_platform -fixed -include_bit -force -file D:/TPG-test1/MP2-xsa/system_wrapper.xsa
INFO: [Vivado 12-4895] Creating Hardware Platform: D:/TPG-test1/MP2-xsa/system_wrapper.xsa ...
INFO: [Hsi 55-2053] elapsed time for repository (C:/Xilinx/Vivado/2020.1/data\embeddedsw) loading 1 seconds
INFO: [Vivado 12-4896] Successfully created Hardware Platform: D:/TPG-test1/MP2-xsa/system_wrapper.xsa
write_hw_platform: Time (s): cpu = 00:00:07 ; elapsed = 00:00:06 . Memory (MB): peak = 2708.273 ; gain = 0.000
INFO: [Vivado 12-8231] Launching Vitis
INFO: [Vivado 12-417] Running vitis
INFO: [Vivado 12-8232] Vitis launch initiated. Please check console for any further messages.
startgroup
set_property -dict [list CONFIG.NUM_MI {7}] [get_bd_cells ps7_0_axi_periph]
endgroup
save_bd_design
Wrote  : <D:\TPG-test1\MP2\MP2.srcs\sources_1\bd\system\system.bd> 
Wrote  : <D:/TPG-test1/MP2/MP2.srcs/sources_1/bd/system/ui/bd_c954508f.ui> 
validate_bd_design
INFO: [xilinx.com:ip:clk_wiz:6.0-1] /clk_wiz_0 clk_wiz propagate
INFO: [xilinx.com:ip:clk_wiz:6.0-1] /video_dynclk clk_wiz propagate
validate_bd_design: Time (s): cpu = 00:00:24 ; elapsed = 00:00:23 . Memory (MB): peak = 2708.273 ; gain = 0.000
save_bd_design
Wrote  : <D:\TPG-test1\MP2\MP2.srcs\sources_1\bd\system\system.bd> 
archive_project D:/TPG-test1/MP2.xpr.zip -temp_dir D:/phjunk -force -exclude_run_results
INFO: [Coretcl 2-137] starting archive...
INFO: [Coretcl 2-1499] Saving project copy to temporary location 'D:/phjunk' for archiving project
Scanning sources...
Finished scanning sources
INFO: [IP_Flow 19-234] Refreshing IP repositories
INFO: [IP_Flow 19-1700] Loaded user IP repository 'd:/CPRE488_dev/git/cpre490h/Labs/Demo2019UpgradedHDMI/ZedBoard-FMC-Pcam-Adapter-DEMO.ipdefs/repo_0'.
INFO: [IP_Flow 19-2313] Loaded Vivado IP repository 'C:/Xilinx/Vivado/2020.1/data/ip'.
INFO: [Coretcl 2-1211] Creating project copy for archival...
INFO: [IP_Flow 19-234] Refreshing IP repositories
INFO: [IP_Flow 19-1700] Loaded user IP repository 'd:/CPRE488_dev/git/cpre490h/Labs/Demo2019UpgradedHDMI/ZedBoard-FMC-Pcam-Adapter-DEMO.ipdefs/repo_0'.
INFO: [Coretcl 2-135] resetting runs for excluding generated files from archive...
WARNING: [Coretcl 2-105] Run 'synth_1' is currently active
INFO: [Coretcl 2-133] re-setting run 'synth_1'...
WARNING: [Coretcl 2-105] Run 'system_DVIClocking_0_0_synth_1' is currently active
INFO: [Coretcl 2-133] re-setting run 'system_DVIClocking_0_0_synth_1'...
WARNING: [Coretcl 2-105] Run 'system_xbar_5_synth_1' is currently active
INFO: [Coretcl 2-133] re-setting run 'system_xbar_5_synth_1'...
WARNING: [Coretcl 2-105] Run 'system_axi_vdma_a_0_synth_1' is currently active
INFO: [Coretcl 2-133] re-setting run 'system_axi_vdma_a_0_synth_1'...
WARNING: [Coretcl 2-105] Run 'system_v_tpg_0_0_synth_1' is currently active
INFO: [Coretcl 2-133] re-setting run 'system_v_tpg_0_0_synth_1'...
WARNING: [Coretcl 2-105] Run 'system_axis_subset_converter_0_1_synth_1' is currently active
INFO: [Coretcl 2-133] re-setting run 'system_axis_subset_converter_0_1_synth_1'...
INFO: [Coretcl 2-133] re-setting run 'impl_1'...
INFO: [Coretcl 2-133] re-setting run 'system_DVIClocking_0_0_impl_1'...
INFO: [Coretcl 2-133] re-setting run 'system_xbar_5_impl_1'...
INFO: [Coretcl 2-133] re-setting run 'system_axi_vdma_a_0_impl_1'...
INFO: [Coretcl 2-133] re-setting run 'system_v_tpg_0_0_impl_1'...
INFO: [Coretcl 2-133] re-setting run 'system_axis_subset_converter_0_1_impl_1'...
INFO: [Coretcl 2-1212] Importing remotely added design sources and verilog include files (if any)...
INFO: [filemgmt 20-334] All file(s) are already imported in fileset: 'system_DVIClocking_0_0'
INFO: [filemgmt 20-348] Importing the appropriate files for fileset: 'system_DVIClocking_0_0'
INFO: [filemgmt 20-334] All file(s) are already imported in fileset: 'system_axi_vdma_a_0'
INFO: [filemgmt 20-348] Importing the appropriate files for fileset: 'system_axi_vdma_a_0'
INFO: [filemgmt 20-334] All file(s) are already imported in fileset: 'system_axis_subset_converter_0_1'
INFO: [filemgmt 20-348] Importing the appropriate files for fileset: 'system_axis_subset_converter_0_1'
INFO: [filemgmt 20-334] All file(s) are already imported in fileset: 'system_v_tpg_0_0'
INFO: [filemgmt 20-348] Importing the appropriate files for fileset: 'system_v_tpg_0_0'
INFO: [filemgmt 20-334] All file(s) are already imported in fileset: 'system_xbar_5'
INFO: [filemgmt 20-348] Importing the appropriate files for fileset: 'system_xbar_5'
INFO: [filemgmt 20-334] All file(s) are already imported in fileset: 'constrs_1'
INFO: [filemgmt 20-348] Importing the appropriate files for fileset: 'constrs_1'
INFO: [filemgmt 20-348] Importing the appropriate files for fileset: 'sources_1'
