Copyright 1986-2020 Xilinx, Inc. All Rights Reserved.
----------------------------------------------------------------------------------------------------------------------------------------------------------------
| Tool Version     : Vivado v.2020.1 (win64) Build 2902540 Wed May 27 19:54:49 MDT 2020
| Date             : Sun Mar  8 18:17:15 2026
| Host             : CO2041-13 running 64-bit major release  (build 9200)
| Command          : report_power -file system_wrapper_power_routed.rpt -pb system_wrapper_power_summary_routed.pb -rpx system_wrapper_power_routed.rpx
| Design           : system_wrapper
| Device           : xc7z020clg484-1
| Design State     : routed
| Grade            : commercial
| Process          : typical
| Characterization : Production
----------------------------------------------------------------------------------------------------------------------------------------------------------------

Power Report

Table of Contents
-----------------
1. Summary
1.1 On-Chip Components
1.2 Power Supply Summary
1.3 Confidence Level
2. Settings
2.1 Environment
2.2 Clock Constraints
3. Detailed Reports
3.1 By Hierarchy

1. Summary
----------

+--------------------------+--------------+
| Total On-Chip Power (W)  | 2.155        |
| Design Power Budget (W)  | Unspecified* |
| Power Budget Margin (W)  | NA           |
| Dynamic (W)              | 1.991        |
| Device Static (W)        | 0.164        |
| Effective TJA (C/W)      | 11.5         |
| Max Ambient (C)          | 60.2         |
| Junction Temperature (C) | 49.8         |
| Confidence Level         | Low          |
| Setting File             | ---          |
| Simulation Activity File | ---          |
| Design Nets Matched      | NA           |
+--------------------------+--------------+
* Specify Design Power Budget using, set_operating_conditions -design_power_budget <value in Watts>


1.1 On-Chip Components
----------------------

+--------------------------+-----------+----------+-----------+-----------------+
| On-Chip                  | Power (W) | Used     | Available | Utilization (%) |
+--------------------------+-----------+----------+-----------+-----------------+
| Clocks                   |     0.090 |       12 |       --- |             --- |
| Slice Logic              |     0.026 |    38250 |       --- |             --- |
|   LUT as Logic           |     0.021 |    12931 |     53200 |           24.31 |
|   CARRY4                 |     0.003 |      852 |     13300 |            6.41 |
|   Register               |     0.002 |    19847 |    106400 |           18.65 |
|   LUT as Shift Register  |    <0.001 |      271 |     17400 |            1.56 |
|   F7/F8 Muxes            |    <0.001 |      341 |     53200 |            0.64 |
|   LUT as Distributed RAM |    <0.001 |       84 |     17400 |            0.48 |
|   Others                 |     0.000 |     1450 |       --- |             --- |
| Signals                  |     0.033 |    28716 |       --- |             --- |
| Block RAM                |     0.041 |       30 |       140 |           21.43 |
| MMCM                     |     0.191 |        2 |         4 |           50.00 |
| DSPs                     |     0.019 |       13 |       220 |            5.91 |
| I/O                      |     0.050 |       48 |       200 |           24.00 |
| PS7                      |     1.541 |        1 |       --- |             --- |
| Static Power             |     0.164 |          |           |                 |
| Total                    |     2.154 |          |           |                 |
+--------------------------+-----------+----------+-----------+-----------------+


1.2 Power Supply Summary
------------------------

+-----------+-------------+-----------+-------------+------------+-------------+-------------+------------+
| Source    | Voltage (V) | Total (A) | Dynamic (A) | Static (A) | Powerup (A) | Budget (A)  | Margin (A) |
+-----------+-------------+-----------+-------------+------------+-------------+-------------+------------+
| Vccint    |       1.000 |     0.229 |       0.209 |      0.020 |       NA    | Unspecified | NA         |
| Vccaux    |       1.800 |     0.126 |       0.109 |      0.017 |       NA    | Unspecified | NA         |
| Vcco33    |       3.300 |     0.010 |       0.009 |      0.001 |       NA    | Unspecified | NA         |
| Vcco25    |       2.500 |     0.006 |       0.005 |      0.001 |       NA    | Unspecified | NA         |
| Vcco18    |       1.800 |     0.000 |       0.000 |      0.000 |       NA    | Unspecified | NA         |
| Vcco15    |       1.500 |     0.000 |       0.000 |      0.000 |       NA    | Unspecified | NA         |
| Vcco135   |       1.350 |     0.000 |       0.000 |      0.000 |       NA    | Unspecified | NA         |
| Vcco12    |       1.200 |     0.000 |       0.000 |      0.000 |       NA    | Unspecified | NA         |
| Vccaux_io |       1.800 |     0.000 |       0.000 |      0.000 |       NA    | Unspecified | NA         |
| Vccbram   |       1.000 |     0.007 |       0.003 |      0.003 |       NA    | Unspecified | NA         |
| MGTAVcc   |       1.000 |     0.000 |       0.000 |      0.000 |       NA    | Unspecified | NA         |
| MGTAVtt   |       1.200 |     0.000 |       0.000 |      0.000 |       NA    | Unspecified | NA         |
| MGTVccaux |       1.800 |     0.000 |       0.000 |      0.000 |       NA    | Unspecified | NA         |
| Vccpint   |       1.000 |     0.766 |       0.730 |      0.036 |       NA    | Unspecified | NA         |
| Vccpaux   |       1.800 |     0.061 |       0.051 |      0.010 |       NA    | Unspecified | NA         |
| Vccpll    |       1.800 |     0.017 |       0.014 |      0.003 |       NA    | Unspecified | NA         |
| Vcco_ddr  |       1.500 |     0.459 |       0.457 |      0.002 |       NA    | Unspecified | NA         |
| Vcco_mio0 |       3.300 |     0.003 |       0.002 |      0.001 |       NA    | Unspecified | NA         |
| Vcco_mio1 |       1.800 |     0.003 |       0.002 |      0.001 |       NA    | Unspecified | NA         |
| Vccadc    |       1.800 |     0.020 |       0.000 |      0.020 |       NA    | Unspecified | NA         |
+-----------+-------------+-----------+-------------+------------+-------------+-------------+------------+


1.3 Confidence Level
--------------------

+-----------------------------+------------+--------------------------------------------------------+------------------------------------------------------------------------------------------------------------+
| User Input Data             | Confidence | Details                                                | Action                                                                                                     |
+-----------------------------+------------+--------------------------------------------------------+------------------------------------------------------------------------------------------------------------+
| Design implementation state | High       | Design is routed                                       |                                                                                                            |
| Clock nodes activity        | High       | User specified more than 95% of clocks                 |                                                                                                            |
| I/O nodes activity          | Low        | More than 75% of inputs are missing user specification | Provide missing input activity with simulation results or by editing the "By Resource Type -> I/Os" view   |
| Internal nodes activity     | Medium     | User specified less than 25% of internal nodes         | Provide missing internal nodes activity with simulation results or by editing the "By Resource Type" views |
| Device models               | High       | Device models are Production                           |                                                                                                            |
|                             |            |                                                        |                                                                                                            |
| Overall confidence level    | Low        |                                                        |                                                                                                            |
+-----------------------------+------------+--------------------------------------------------------+------------------------------------------------------------------------------------------------------------+


2. Settings
-----------

2.1 Environment
---------------

+-----------------------+------------------------+
| Ambient Temp (C)      | 25.0                   |
| ThetaJA (C/W)         | 11.5                   |
| Airflow (LFM)         | 250                    |
| Heat Sink             | none                   |
| ThetaSA (C/W)         | 0.0                    |
| Board Selection       | medium (10"x10")       |
| # of Board Layers     | 8to11 (8 to 11 Layers) |
| Board Temperature (C) | 25.0                   |
+-----------------------+------------------------+


2.2 Clock Constraints
---------------------

+--------------------------------+--------------------------------------------------------------------------------------------------------------------------+-----------------+
| Clock                          | Domain                                                                                                                   | Constraint (ns) |
+--------------------------------+--------------------------------------------------------------------------------------------------------------------------+-----------------+
| clk_fpga_0                     | system_i/processing_system7_0/inst/FCLK_CLK_unbuffered[0]                                                                |            10.0 |
| clk_out1_system_clk_wiz_0_0    | system_i/clk_wiz_0/inst/clk_out1_system_clk_wiz_0_0                                                                      |            20.0 |
| clk_out2_system_clk_wiz_0_0    | system_i/clk_wiz_0/inst/clk_out2_system_clk_wiz_0_0                                                                      |             6.7 |
| clk_out3_system_clk_wiz_0_0    | system_i/clk_wiz_0/inst/clk_out3_system_clk_wiz_0_0                                                                      |             5.0 |
| clkfbout_system_clk_wiz_0_0    | system_i/clk_wiz_0/inst/clkfbout_system_clk_wiz_0_0                                                                      |            10.0 |
| clkfbout_system_video_dynclk_0 | system_i/video_dynclk/inst/CLK_CORE_DRP_I/clk_inst/clkfbout_system_video_dynclk_0                                        |            50.0 |
| dphy_hs_clock_p                | MIPI_DPHY_clk_hs_p                                                                                                       |             4.8 |
| pixel_dynclk                   | system_i/DVIClocking_0/U0/PixelClk                                                                                       |             6.7 |
| rxbyteclkhs                    | system_i/mipi_csi2_rx_subsyst_0/U0/phy/inst/inst/bd_22c6_phy_0_rx_support_i/slave_rx.bd_22c6_phy_0_rx_ioi_i/div4_clk_out |            19.0 |
| video_dynclk                   | system_i/video_dynclk/inst/CLK_CORE_DRP_I/clk_inst/pxl_clk_5x                                                            |             1.7 |
+--------------------------------+--------------------------------------------------------------------------------------------------------------------------+-----------------+


3. Detailed Reports
-------------------

3.1 By Hierarchy
----------------

+----------------------------+-----------+
| Name                       | Power (W) |
+----------------------------+-----------+
| system_wrapper             |     1.991 |
|   cam_iic_scl_iobuf        |     0.005 |
|   cam_iic_sda_iobuf        |     0.005 |
|   cam_pwup_tri_iobuf_0     |     0.003 |
|   cam_pwup_tri_iobuf_1     |     0.005 |
|   system_i                 |     1.956 |
|     axi_mem_intercon_1     |     0.002 |
|       m00_couplers         |     0.001 |
|     axi_vdma_a             |     0.024 |
|       U0                   |     0.024 |
|     clk_wiz_0              |     0.086 |
|       inst                 |     0.086 |
|     mipi_csi2_rx_subsyst_0 |     0.050 |
|       U0                   |     0.050 |
|     processing_system7_0   |     1.543 |
|       inst                 |     1.543 |
|     ps7_0_axi_periph       |     0.005 |
|       s00_couplers         |     0.003 |
|     v_axi4s_vid_out_0      |     0.008 |
|       inst                 |     0.008 |
|     v_demosaic_0           |     0.066 |
|       inst                 |     0.066 |
|     v_proc_ss_0            |     0.025 |
|       U0                   |     0.025 |
|     v_proc_ss_1            |     0.020 |
|       U0                   |     0.020 |
|     video_dynclk           |     0.109 |
|       inst                 |     0.109 |
|     vtg                    |     0.014 |
|       U0                   |     0.014 |
+----------------------------+-----------+


